@!@!@STARTMSG 2262:0 @!@!@
TLC2 Version 2.16 of 31 December 2020 (rev: cdddf55)
@!@!@ENDMSG 2262 @!@!@
@!@!@STARTMSG 2187:0 @!@!@
Running breadth-first search Model-Checking with fp 38 and seed -97222803729282348 with 15 workers on 16 cores with 10923MB heap and 64MB offheap memory [pid: 27590] (Mac OS X 10.15.7 x86_64, AdoptOpenJDK 15 x86_64, MSBDiskFPSet, DiskStateQueue).
@!@!@ENDMSG 2187 @!@!@
@!@!@STARTMSG 2220:0 @!@!@
Starting SANY...
@!@!@ENDMSG 2220 @!@!@
Parsing file /Users/tim/workspace/tla+/multi-level/L1/AbstractLoCA_MC.tla
Parsing file /Users/tim/workspace/tla+/multi-level/L1/AbstractLoCA.tla
Parsing file /private/var/folders/vm/x_h649_962s15k1z6zs4ffw40000gq/T/TLC.tla
Parsing file /private/var/folders/vm/x_h649_962s15k1z6zs4ffw40000gq/T/Naturals.tla
Parsing file /private/var/folders/vm/x_h649_962s15k1z6zs4ffw40000gq/T/Sequences.tla
Parsing file /private/var/folders/vm/x_h649_962s15k1z6zs4ffw40000gq/T/FiniteSets.tla
Parsing file /Users/tim/workspace/tla+/multi-level/L1/Util.tla
Parsing file /Users/tim/workspace/tla+/multi-level/L1/L1ClientCentricIsolation.tla
Parsing file /Users/tim/workspace/tla+/multi-level/L1/L1SemanticIsolationAccount.tla
Parsing file /private/var/folders/vm/x_h649_962s15k1z6zs4ffw40000gq/T/Integers.tla
Semantic processing of module Naturals
Semantic processing of module Sequences
Semantic processing of module FiniteSets
Semantic processing of module TLC
Semantic processing of module Util
Semantic processing of module Integers
Semantic processing of module L1SemanticIsolationAccount
Semantic processing of module L1ClientCentricIsolation
Semantic processing of module AbstractLoCA
Semantic processing of module AbstractLoCA_MC
@!@!@STARTMSG 2219:0 @!@!@
SANY finished.
@!@!@ENDMSG 2219 @!@!@
@!@!@STARTMSG 2185:0 @!@!@
Starting... (2021-06-29 16:38:48)
@!@!@ENDMSG 2185 @!@!@
@!@!@STARTMSG 2189:0 @!@!@
Computing initial states...
@!@!@ENDMSG 2189 @!@!@
@!@!@STARTMSG 2190:0 @!@!@
Finished computing initial states: 1 distinct state generated at 2021-06-29 16:38:48.
@!@!@ENDMSG 2190 @!@!@
@!@!@STARTMSG 2200:0 @!@!@
Progress(18) at 2021-06-29 16:38:51: 75,995 states generated (75,995 s/min), 28,211 distinct states found (28,211 ds/min), 4,756 states left on queue.
@!@!@ENDMSG 2200 @!@!@
@!@!@STARTMSG 2110:1 @!@!@
Invariant Serializable is violated.
@!@!@ENDMSG 2110 @!@!@
@!@!@STARTMSG 2121:1 @!@!@
The behavior up to this point is:
@!@!@ENDMSG 2121 @!@!@
@!@!@STARTMSG 2217:4 @!@!@
1: <Initial predicate>
/\ delayed = (A :> <<>> @@ B :> <<>>)
/\ voted = (A :> {} @@ B :> {})
/\ inProgress = (A :> <<>> @@ B :> <<>>)
/\ msgs = {}
/\ operations = (t1 :> <<>> @@ t2 :> <<>>)
/\ tcommitted = {}
/\ rcommitted = (A :> {} @@ B :> {})
/\ queued = (A :> {} @@ B :> {})
/\ pc = (t1 :> "INIT" @@ t2 :> "INIT" @@ A :> "TR_INIT" @@ B :> "TR_INIT")
/\ state = (A :> 0 @@ B :> 0)
/\ aborted = (A :> {} @@ B :> {})

@!@!@ENDMSG 2217 @!@!@
@!@!@STARTMSG 2217:4 @!@!@
2: <INIT line 191, col 15 to line 195, col 76 of module AbstractLoCA>
/\ delayed = (A :> <<>> @@ B :> <<>>)
/\ voted = (A :> {} @@ B :> {})
/\ inProgress = (A :> <<>> @@ B :> <<>>)
/\ msgs = {[id |-> t1, type |-> "VoteRequest"]}
/\ operations = (t1 :> <<>> @@ t2 :> <<>>)
/\ tcommitted = {}
/\ rcommitted = (A :> {} @@ B :> {})
/\ queued = (A :> {} @@ B :> {})
/\ pc = (t1 :> "WAIT" @@ t2 :> "INIT" @@ A :> "TR_INIT" @@ B :> "TR_INIT")
/\ state = (A :> 0 @@ B :> 0)
/\ aborted = (A :> {} @@ B :> {})

@!@!@ENDMSG 2217 @!@!@
@!@!@STARTMSG 2217:4 @!@!@
3: <INIT line 191, col 15 to line 195, col 76 of module AbstractLoCA>
/\ delayed = (A :> <<>> @@ B :> <<>>)
/\ voted = (A :> {} @@ B :> {})
/\ inProgress = (A :> <<>> @@ B :> <<>>)
/\ msgs = {[id |-> t1, type |-> "VoteRequest"], [id |-> t2, type |-> "VoteRequest"]}
/\ operations = (t1 :> <<>> @@ t2 :> <<>>)
/\ tcommitted = {}
/\ rcommitted = (A :> {} @@ B :> {})
/\ queued = (A :> {} @@ B :> {})
/\ pc = (t1 :> "WAIT" @@ t2 :> "WAIT" @@ A :> "TR_INIT" @@ B :> "TR_INIT")
/\ state = (A :> 0 @@ B :> 0)
/\ aborted = (A :> {} @@ B :> {})

@!@!@ENDMSG 2217 @!@!@
@!@!@STARTMSG 2217:4 @!@!@
4: <TR_INIT line 214, col 18 to line 250, col 77 of module AbstractLoCA>
/\ delayed = (A :> <<>> @@ B :> <<>>)
/\ voted = (A :> {t1} @@ B :> {})
/\ inProgress = ( A :>
      << [ op |-> [tId |-> t1, type |-> "Withdraw", amount |-> 1],
           tId |-> t1 ] >> @@
  B :> <<>> )
/\ msgs = { [id |-> t1, type |-> "VoteRequest"],
  [id |-> t2, type |-> "VoteRequest"],
  [id |-> t1, type |-> "VoteCommit", rm |-> A] }
/\ operations = (t1 :> <<>> @@ t2 :> <<>>)
/\ tcommitted = {}
/\ rcommitted = (A :> {} @@ B :> {})
/\ queued = (A :> {} @@ B :> {})
/\ pc = (t1 :> "WAIT" @@ t2 :> "WAIT" @@ A :> "TR_INIT" @@ B :> "TR_INIT")
/\ state = (A :> 0 @@ B :> 0)
/\ aborted = (A :> {} @@ B :> {})

@!@!@ENDMSG 2217 @!@!@
@!@!@STARTMSG 2217:4 @!@!@
5: <TR_INIT line 214, col 18 to line 250, col 77 of module AbstractLoCA>
/\ delayed = (A :> <<>> @@ B :> <<>>)
/\ voted = (A :> {t1, t2} @@ B :> {})
/\ inProgress = ( A :>
      << [op |-> [tId |-> t1, type |-> "Withdraw", amount |-> 1], tId |-> t1],
         [ op |-> [tId |-> t2, type |-> "Deposit", amount |-> 1],
           tId |-> t2 ] >> @@
  B :> <<>> )
/\ msgs = { [id |-> t1, type |-> "VoteRequest"],
  [id |-> t2, type |-> "VoteRequest"],
  [id |-> t1, type |-> "VoteCommit", rm |-> A],
  [id |-> t2, type |-> "VoteCommit", rm |-> A] }
/\ operations = (t1 :> <<>> @@ t2 :> <<>>)
/\ tcommitted = {}
/\ rcommitted = (A :> {} @@ B :> {})
/\ queued = (A :> {} @@ B :> {})
/\ pc = (t1 :> "WAIT" @@ t2 :> "WAIT" @@ A :> "TR_INIT" @@ B :> "TR_INIT")
/\ state = (A :> 0 @@ B :> 0)
/\ aborted = (A :> {} @@ B :> {})

@!@!@ENDMSG 2217 @!@!@
@!@!@STARTMSG 2217:4 @!@!@
6: <TR_INIT line 214, col 18 to line 250, col 77 of module AbstractLoCA>
/\ delayed = (A :> <<>> @@ B :> <<>>)
/\ voted = (A :> {t1, t2} @@ B :> {t2})
/\ inProgress = ( A :>
      << [op |-> [tId |-> t1, type |-> "Withdraw", amount |-> 1], tId |-> t1],
         [ op |-> [tId |-> t2, type |-> "Deposit", amount |-> 1],
           tId |-> t2 ] >> @@
  B :>
      <<[op |-> [tId |-> t2, type |-> "Withdraw", amount |-> 1], tId |-> t2]>> )
/\ msgs = { [id |-> t1, type |-> "VoteRequest"],
  [id |-> t2, type |-> "VoteRequest"],
  [id |-> t1, type |-> "VoteCommit", rm |-> A],
  [id |-> t2, type |-> "VoteCommit", rm |-> A],
  [id |-> t2, type |-> "VoteCommit", rm |-> B] }
/\ operations = (t1 :> <<>> @@ t2 :> <<>>)
/\ tcommitted = {}
/\ rcommitted = (A :> {} @@ B :> {})
/\ queued = (A :> {} @@ B :> {})
/\ pc = (t1 :> "WAIT" @@ t2 :> "WAIT" @@ A :> "TR_INIT" @@ B :> "TR_INIT")
/\ state = (A :> 0 @@ B :> 0)
/\ aborted = (A :> {} @@ B :> {})

@!@!@ENDMSG 2217 @!@!@
@!@!@STARTMSG 2217:4 @!@!@
7: <WAIT line 197, col 15 to line 210, col 59 of module AbstractLoCA>
/\ delayed = (A :> <<>> @@ B :> <<>>)
/\ voted = (A :> {t1, t2} @@ B :> {t2})
/\ inProgress = ( A :>
      << [op |-> [tId |-> t1, type |-> "Withdraw", amount |-> 1], tId |-> t1],
         [ op |-> [tId |-> t2, type |-> "Deposit", amount |-> 1],
           tId |-> t2 ] >> @@
  B :>
      <<[op |-> [tId |-> t2, type |-> "Withdraw", amount |-> 1], tId |-> t2]>> )
/\ msgs = { [id |-> t1, type |-> "VoteRequest"],
  [id |-> t2, type |-> "VoteRequest"],
  [id |-> t2, type |-> "GlobalCommit"],
  [id |-> t1, type |-> "VoteCommit", rm |-> A],
  [id |-> t2, type |-> "VoteCommit", rm |-> A],
  [id |-> t2, type |-> "VoteCommit", rm |-> B] }
/\ operations = (t1 :> <<>> @@ t2 :> <<>>)
/\ tcommitted = {t2}
/\ rcommitted = (A :> {} @@ B :> {})
/\ queued = (A :> {} @@ B :> {})
/\ pc = (t1 :> "WAIT" @@ t2 :> "Done" @@ A :> "TR_INIT" @@ B :> "TR_INIT")
/\ state = (A :> 0 @@ B :> 0)
/\ aborted = (A :> {} @@ B :> {})

@!@!@ENDMSG 2217 @!@!@
@!@!@STARTMSG 2217:4 @!@!@
8: <TR_INIT line 214, col 18 to line 250, col 77 of module AbstractLoCA>
/\ delayed = (A :> <<>> @@ B :> <<>>)
/\ voted = (A :> {t1, t2} @@ B :> {t2})
/\ inProgress = ( A :>
      << [op |-> [tId |-> t1, type |-> "Withdraw", amount |-> 1], tId |-> t1],
         [ op |-> [tId |-> t2, type |-> "Deposit", amount |-> 1],
           tId |-> t2 ] >> @@
  B :>
      <<[op |-> [tId |-> t2, type |-> "Withdraw", amount |-> 1], tId |-> t2]>> )
/\ msgs = { [id |-> t1, type |-> "VoteRequest"],
  [id |-> t2, type |-> "VoteRequest"],
  [id |-> t2, type |-> "GlobalCommit"],
  [id |-> t1, type |-> "VoteCommit", rm |-> A],
  [id |-> t2, type |-> "VoteCommit", rm |-> A],
  [id |-> t2, type |-> "VoteCommit", rm |-> B] }
/\ operations = (t1 :> <<>> @@ t2 :> <<>>)
/\ tcommitted = {t2}
/\ rcommitted = (A :> {} @@ B :> {})
/\ queued = (A :> {t2} @@ B :> {})
/\ pc = (t1 :> "WAIT" @@ t2 :> "Done" @@ A :> "PROCESS_QUEUED" @@ B :> "TR_INIT")
/\ state = (A :> 0 @@ B :> 0)
/\ aborted = (A :> {} @@ B :> {})

@!@!@ENDMSG 2217 @!@!@
@!@!@STARTMSG 2217:4 @!@!@
9: <TR_INIT line 214, col 18 to line 250, col 77 of module AbstractLoCA>
/\ delayed = (A :> <<>> @@ B :> <<>>)
/\ voted = (A :> {t1, t2} @@ B :> {t1, t2})
/\ inProgress = ( A :>
      << [op |-> [tId |-> t1, type |-> "Withdraw", amount |-> 1], tId |-> t1],
         [ op |-> [tId |-> t2, type |-> "Deposit", amount |-> 1],
           tId |-> t2 ] >> @@
  B :>
      << [op |-> [tId |-> t2, type |-> "Withdraw", amount |-> 1], tId |-> t2],
         [ op |-> [tId |-> t1, type |-> "Deposit", amount |-> 1],
           tId |-> t1 ] >> )
/\ msgs = { [id |-> t1, type |-> "VoteRequest"],
  [id |-> t2, type |-> "VoteRequest"],
  [id |-> t2, type |-> "GlobalCommit"],
  [id |-> t1, type |-> "VoteCommit", rm |-> A],
  [id |-> t1, type |-> "VoteCommit", rm |-> B],
  [id |-> t2, type |-> "VoteCommit", rm |-> A],
  [id |-> t2, type |-> "VoteCommit", rm |-> B] }
/\ operations = (t1 :> <<>> @@ t2 :> <<>>)
/\ tcommitted = {t2}
/\ rcommitted = (A :> {} @@ B :> {})
/\ queued = (A :> {t2} @@ B :> {})
/\ pc = (t1 :> "WAIT" @@ t2 :> "Done" @@ A :> "PROCESS_QUEUED" @@ B :> "TR_INIT")
/\ state = (A :> 0 @@ B :> 0)
/\ aborted = (A :> {} @@ B :> {})

@!@!@ENDMSG 2217 @!@!@
@!@!@STARTMSG 2217:4 @!@!@
10: <WAIT line 197, col 15 to line 210, col 59 of module AbstractLoCA>
/\ delayed = (A :> <<>> @@ B :> <<>>)
/\ voted = (A :> {t1, t2} @@ B :> {t1, t2})
/\ inProgress = ( A :>
      << [op |-> [tId |-> t1, type |-> "Withdraw", amount |-> 1], tId |-> t1],
         [ op |-> [tId |-> t2, type |-> "Deposit", amount |-> 1],
           tId |-> t2 ] >> @@
  B :>
      << [op |-> [tId |-> t2, type |-> "Withdraw", amount |-> 1], tId |-> t2],
         [ op |-> [tId |-> t1, type |-> "Deposit", amount |-> 1],
           tId |-> t1 ] >> )
/\ msgs = { [id |-> t1, type |-> "VoteRequest"],
  [id |-> t1, type |-> "GlobalCommit"],
  [id |-> t2, type |-> "VoteRequest"],
  [id |-> t2, type |-> "GlobalCommit"],
  [id |-> t1, type |-> "VoteCommit", rm |-> A],
  [id |-> t1, type |-> "VoteCommit", rm |-> B],
  [id |-> t2, type |-> "VoteCommit", rm |-> A],
  [id |-> t2, type |-> "VoteCommit", rm |-> B] }
/\ operations = (t1 :> <<>> @@ t2 :> <<>>)
/\ tcommitted = {t1, t2}
/\ rcommitted = (A :> {} @@ B :> {})
/\ queued = (A :> {t2} @@ B :> {})
/\ pc = (t1 :> "Done" @@ t2 :> "Done" @@ A :> "PROCESS_QUEUED" @@ B :> "TR_INIT")
/\ state = (A :> 0 @@ B :> 0)
/\ aborted = (A :> {} @@ B :> {})

@!@!@ENDMSG 2217 @!@!@
@!@!@STARTMSG 2217:4 @!@!@
11: <PROCESS_QUEUED line 252, col 25 to line 266, col 50 of module AbstractLoCA>
/\ delayed = (A :> <<>> @@ B :> <<>>)
/\ voted = (A :> {t1, t2} @@ B :> {t1, t2})
/\ inProgress = ( A :>
      << [op |-> [tId |-> t1, type |-> "Withdraw", amount |-> 1], tId |-> t1],
         [ op |-> [tId |-> t2, type |-> "Deposit", amount |-> 1],
           tId |-> t2 ] >> @@
  B :>
      << [op |-> [tId |-> t2, type |-> "Withdraw", amount |-> 1], tId |-> t2],
         [ op |-> [tId |-> t1, type |-> "Deposit", amount |-> 1],
           tId |-> t1 ] >> )
/\ msgs = { [id |-> t1, type |-> "VoteRequest"],
  [id |-> t1, type |-> "GlobalCommit"],
  [id |-> t2, type |-> "VoteRequest"],
  [id |-> t2, type |-> "GlobalCommit"],
  [id |-> t1, type |-> "VoteCommit", rm |-> A],
  [id |-> t1, type |-> "VoteCommit", rm |-> B],
  [id |-> t2, type |-> "VoteCommit", rm |-> A],
  [id |-> t2, type |-> "VoteCommit", rm |-> B] }
/\ operations = (t1 :> <<>> @@ t2 :> <<>>)
/\ tcommitted = {t1, t2}
/\ rcommitted = (A :> {} @@ B :> {})
/\ queued = (A :> {t2} @@ B :> {})
/\ pc = (t1 :> "Done" @@ t2 :> "Done" @@ A :> "TR_INIT" @@ B :> "TR_INIT")
/\ state = (A :> 0 @@ B :> 0)
/\ aborted = (A :> {} @@ B :> {})

@!@!@ENDMSG 2217 @!@!@
@!@!@STARTMSG 2217:4 @!@!@
12: <TR_INIT line 214, col 18 to line 250, col 77 of module AbstractLoCA>
/\ delayed = (A :> <<>> @@ B :> <<>>)
/\ voted = (A :> {t1, t2} @@ B :> {t1, t2})
/\ inProgress = ( A :>
      << [op |-> [tId |-> t1, type |-> "Withdraw", amount |-> 1], tId |-> t1],
         [ op |-> [tId |-> t2, type |-> "Deposit", amount |-> 1],
           tId |-> t2 ] >> @@
  B :>
      << [op |-> [tId |-> t2, type |-> "Withdraw", amount |-> 1], tId |-> t2],
         [ op |-> [tId |-> t1, type |-> "Deposit", amount |-> 1],
           tId |-> t1 ] >> )
/\ msgs = { [id |-> t1, type |-> "VoteRequest"],
  [id |-> t1, type |-> "GlobalCommit"],
  [id |-> t2, type |-> "VoteRequest"],
  [id |-> t2, type |-> "GlobalCommit"],
  [id |-> t1, type |-> "VoteCommit", rm |-> A],
  [id |-> t1, type |-> "VoteCommit", rm |-> B],
  [id |-> t2, type |-> "VoteCommit", rm |-> A],
  [id |-> t2, type |-> "VoteCommit", rm |-> B] }
/\ operations = (t1 :> <<>> @@ t2 :> <<>>)
/\ tcommitted = {t1, t2}
/\ rcommitted = (A :> {} @@ B :> {})
/\ queued = (A :> {t2} @@ B :> {t1})
/\ pc = (t1 :> "Done" @@ t2 :> "Done" @@ A :> "TR_INIT" @@ B :> "PROCESS_QUEUED")
/\ state = (A :> 0 @@ B :> 0)
/\ aborted = (A :> {} @@ B :> {})

@!@!@ENDMSG 2217 @!@!@
@!@!@STARTMSG 2217:4 @!@!@
13: <TR_INIT line 214, col 18 to line 250, col 77 of module AbstractLoCA>
/\ delayed = (A :> <<>> @@ B :> <<>>)
/\ voted = (A :> {t1, t2} @@ B :> {t1, t2})
/\ inProgress = ( A :>
      << [op |-> [tId |-> t1, type |-> "Withdraw", amount |-> 1], tId |-> t1],
         [ op |-> [tId |-> t2, type |-> "Deposit", amount |-> 1],
           tId |-> t2 ] >> @@
  B :>
      << [op |-> [tId |-> t2, type |-> "Withdraw", amount |-> 1], tId |-> t2],
         [ op |-> [tId |-> t1, type |-> "Deposit", amount |-> 1],
           tId |-> t1 ] >> )
/\ msgs = { [id |-> t1, type |-> "VoteRequest"],
  [id |-> t1, type |-> "GlobalCommit"],
  [id |-> t2, type |-> "VoteRequest"],
  [id |-> t2, type |-> "GlobalCommit"],
  [id |-> t1, type |-> "VoteCommit", rm |-> A],
  [id |-> t1, type |-> "VoteCommit", rm |-> B],
  [id |-> t2, type |-> "VoteCommit", rm |-> A],
  [id |-> t2, type |-> "VoteCommit", rm |-> B] }
/\ operations = (t1 :> <<>> @@ t2 :> <<>>)
/\ tcommitted = {t1, t2}
/\ rcommitted = (A :> {} @@ B :> {})
/\ queued = (A :> {t1, t2} @@ B :> {t1})
/\ pc = (t1 :> "Done" @@ t2 :> "Done" @@ A :> "PROCESS_QUEUED" @@ B :> "PROCESS_QUEUED")
/\ state = (A :> 0 @@ B :> 0)
/\ aborted = (A :> {} @@ B :> {})

@!@!@ENDMSG 2217 @!@!@
@!@!@STARTMSG 2217:4 @!@!@
14: <PROCESS_QUEUED line 252, col 25 to line 266, col 50 of module AbstractLoCA>
/\ delayed = (A :> <<>> @@ B :> <<>>)
/\ voted = (A :> {t1, t2} @@ B :> {t1, t2})
/\ inProgress = ( A :>
      <<[op |-> [tId |-> t2, type |-> "Deposit", amount |-> 1], tId |-> t2]>> @@
  B :>
      << [op |-> [tId |-> t2, type |-> "Withdraw", amount |-> 1], tId |-> t2],
         [ op |-> [tId |-> t1, type |-> "Deposit", amount |-> 1],
           tId |-> t1 ] >> )
/\ msgs = { [id |-> t1, type |-> "VoteRequest"],
  [id |-> t1, type |-> "GlobalCommit"],
  [id |-> t2, type |-> "VoteRequest"],
  [id |-> t2, type |-> "GlobalCommit"],
  [id |-> t1, type |-> "VoteCommit", rm |-> A],
  [id |-> t1, type |-> "VoteCommit", rm |-> B],
  [id |-> t2, type |-> "VoteCommit", rm |-> A],
  [id |-> t2, type |-> "VoteCommit", rm |-> B] }
/\ operations = ( t1 :>
      << [ op |-> [tId |-> t1, type |-> "Withdraw", amount |-> 1],
           key |-> A,
           retVal |-> FALSE ] >> @@
  t2 :> <<>> )
/\ tcommitted = {t1, t2}
/\ rcommitted = (A :> {t1} @@ B :> {})
/\ queued = (A :> {t2} @@ B :> {t1})
/\ pc = ( t1 :> "Done" @@
  t2 :> "Done" @@
  A :> "PROCESS_DELAYED" @@
  B :> "PROCESS_QUEUED" )
/\ state = (A :> 0 @@ B :> 0)
/\ aborted = (A :> {} @@ B :> {})

@!@!@ENDMSG 2217 @!@!@
@!@!@STARTMSG 2217:4 @!@!@
15: <PROCESS_DELAYED line 268, col 26 to line 277, col 78 of module AbstractLoCA>
/\ delayed = (A :> <<>> @@ B :> <<>>)
/\ voted = (A :> {t1, t2} @@ B :> {t1, t2})
/\ inProgress = ( A :>
      <<[op |-> [tId |-> t2, type |-> "Deposit", amount |-> 1], tId |-> t2]>> @@
  B :>
      << [op |-> [tId |-> t2, type |-> "Withdraw", amount |-> 1], tId |-> t2],
         [ op |-> [tId |-> t1, type |-> "Deposit", amount |-> 1],
           tId |-> t1 ] >> )
/\ msgs = { [id |-> t1, type |-> "VoteRequest"],
  [id |-> t1, type |-> "GlobalCommit"],
  [id |-> t2, type |-> "VoteRequest"],
  [id |-> t2, type |-> "GlobalCommit"],
  [id |-> t1, type |-> "VoteCommit", rm |-> A],
  [id |-> t1, type |-> "VoteCommit", rm |-> B],
  [id |-> t2, type |-> "VoteCommit", rm |-> A],
  [id |-> t2, type |-> "VoteCommit", rm |-> B] }
/\ operations = ( t1 :>
      << [ op |-> [tId |-> t1, type |-> "Withdraw", amount |-> 1],
           key |-> A,
           retVal |-> FALSE ] >> @@
  t2 :> <<>> )
/\ tcommitted = {t1, t2}
/\ rcommitted = (A :> {t1} @@ B :> {})
/\ queued = (A :> {t2} @@ B :> {t1})
/\ pc = (t1 :> "Done" @@ t2 :> "Done" @@ A :> "PROCESS_QUEUED" @@ B :> "PROCESS_QUEUED")
/\ state = (A :> 0 @@ B :> 0)
/\ aborted = (A :> {} @@ B :> {})

@!@!@ENDMSG 2217 @!@!@
@!@!@STARTMSG 2217:4 @!@!@
16: <PROCESS_QUEUED line 252, col 25 to line 266, col 50 of module AbstractLoCA>
/\ delayed = (A :> <<>> @@ B :> <<>>)
/\ voted = (A :> {t1, t2} @@ B :> {t1, t2})
/\ inProgress = ( A :>
      <<[op |-> [tId |-> t2, type |-> "Deposit", amount |-> 1], tId |-> t2]>> @@
  B :>
      << [op |-> [tId |-> t2, type |-> "Withdraw", amount |-> 1], tId |-> t2],
         [ op |-> [tId |-> t1, type |-> "Deposit", amount |-> 1],
           tId |-> t1 ] >> )
/\ msgs = { [id |-> t1, type |-> "VoteRequest"],
  [id |-> t1, type |-> "GlobalCommit"],
  [id |-> t2, type |-> "VoteRequest"],
  [id |-> t2, type |-> "GlobalCommit"],
  [id |-> t1, type |-> "VoteCommit", rm |-> A],
  [id |-> t1, type |-> "VoteCommit", rm |-> B],
  [id |-> t2, type |-> "VoteCommit", rm |-> A],
  [id |-> t2, type |-> "VoteCommit", rm |-> B] }
/\ operations = ( t1 :>
      << [ op |-> [tId |-> t1, type |-> "Withdraw", amount |-> 1],
           key |-> A,
           retVal |-> FALSE ] >> @@
  t2 :> <<>> )
/\ tcommitted = {t1, t2}
/\ rcommitted = (A :> {t1} @@ B :> {})
/\ queued = (A :> {t2} @@ B :> {t1})
/\ pc = (t1 :> "Done" @@ t2 :> "Done" @@ A :> "PROCESS_QUEUED" @@ B :> "TR_INIT")
/\ state = (A :> 0 @@ B :> 0)
/\ aborted = (A :> {} @@ B :> {})

@!@!@ENDMSG 2217 @!@!@
@!@!@STARTMSG 2217:4 @!@!@
17: <TR_INIT line 214, col 18 to line 250, col 77 of module AbstractLoCA>
/\ delayed = (A :> <<>> @@ B :> <<>>)
/\ voted = (A :> {t1, t2} @@ B :> {t1, t2})
/\ inProgress = ( A :>
      <<[op |-> [tId |-> t2, type |-> "Deposit", amount |-> 1], tId |-> t2]>> @@
  B :>
      << [op |-> [tId |-> t2, type |-> "Withdraw", amount |-> 1], tId |-> t2],
         [ op |-> [tId |-> t1, type |-> "Deposit", amount |-> 1],
           tId |-> t1 ] >> )
/\ msgs = { [id |-> t1, type |-> "VoteRequest"],
  [id |-> t1, type |-> "GlobalCommit"],
  [id |-> t2, type |-> "VoteRequest"],
  [id |-> t2, type |-> "GlobalCommit"],
  [id |-> t1, type |-> "VoteCommit", rm |-> A],
  [id |-> t1, type |-> "VoteCommit", rm |-> B],
  [id |-> t2, type |-> "VoteCommit", rm |-> A],
  [id |-> t2, type |-> "VoteCommit", rm |-> B] }
/\ operations = ( t1 :>
      << [ op |-> [tId |-> t1, type |-> "Withdraw", amount |-> 1],
           key |-> A,
           retVal |-> FALSE ] >> @@
  t2 :> <<>> )
/\ tcommitted = {t1, t2}
/\ rcommitted = (A :> {t1} @@ B :> {})
/\ queued = (A :> {t2} @@ B :> {t1, t2})
/\ pc = (t1 :> "Done" @@ t2 :> "Done" @@ A :> "PROCESS_QUEUED" @@ B :> "PROCESS_QUEUED")
/\ state = (A :> 0 @@ B :> 0)
/\ aborted = (A :> {} @@ B :> {})

@!@!@ENDMSG 2217 @!@!@
@!@!@STARTMSG 2217:4 @!@!@
18: <PROCESS_QUEUED line 252, col 25 to line 266, col 50 of module AbstractLoCA>
/\ delayed = (A :> <<>> @@ B :> <<>>)
/\ voted = (A :> {t1, t2} @@ B :> {t1, t2})
/\ inProgress = ( A :>
      <<[op |-> [tId |-> t2, type |-> "Deposit", amount |-> 1], tId |-> t2]>> @@
  B :> <<[op |-> [tId |-> t1, type |-> "Deposit", amount |-> 1], tId |-> t1]>> )
/\ msgs = { [id |-> t1, type |-> "VoteRequest"],
  [id |-> t1, type |-> "GlobalCommit"],
  [id |-> t2, type |-> "VoteRequest"],
  [id |-> t2, type |-> "GlobalCommit"],
  [id |-> t1, type |-> "VoteCommit", rm |-> A],
  [id |-> t1, type |-> "VoteCommit", rm |-> B],
  [id |-> t2, type |-> "VoteCommit", rm |-> A],
  [id |-> t2, type |-> "VoteCommit", rm |-> B] }
/\ operations = ( t1 :>
      << [ op |-> [tId |-> t1, type |-> "Withdraw", amount |-> 1],
           key |-> A,
           retVal |-> FALSE ] >> @@
  t2 :>
      << [ op |-> [tId |-> t2, type |-> "Withdraw", amount |-> 1],
           key |-> B,
           retVal |-> FALSE ] >> )
/\ tcommitted = {t1, t2}
/\ rcommitted = (A :> {t1} @@ B :> {t2})
/\ queued = (A :> {t2} @@ B :> {t1})
/\ pc = ( t1 :> "Done" @@
  t2 :> "Done" @@
  A :> "PROCESS_QUEUED" @@
  B :> "PROCESS_DELAYED" )
/\ state = (A :> 0 @@ B :> 0)
/\ aborted = (A :> {} @@ B :> {})

@!@!@ENDMSG 2217 @!@!@
@!@!@STARTMSG 2217:4 @!@!@
19: <PROCESS_QUEUED line 252, col 25 to line 266, col 50 of module AbstractLoCA>
/\ delayed = (A :> <<>> @@ B :> <<>>)
/\ voted = (A :> {t1, t2} @@ B :> {t1, t2})
/\ inProgress = ( A :> <<>> @@
  B :> <<[op |-> [tId |-> t1, type |-> "Deposit", amount |-> 1], tId |-> t1]>> )
/\ msgs = { [id |-> t1, type |-> "VoteRequest"],
  [id |-> t1, type |-> "GlobalCommit"],
  [id |-> t2, type |-> "VoteRequest"],
  [id |-> t2, type |-> "GlobalCommit"],
  [id |-> t1, type |-> "VoteCommit", rm |-> A],
  [id |-> t1, type |-> "VoteCommit", rm |-> B],
  [id |-> t2, type |-> "VoteCommit", rm |-> A],
  [id |-> t2, type |-> "VoteCommit", rm |-> B] }
/\ operations = ( t1 :>
      << [ op |-> [tId |-> t1, type |-> "Withdraw", amount |-> 1],
           key |-> A,
           retVal |-> FALSE ] >> @@
  t2 :>
      << [ op |-> [tId |-> t2, type |-> "Withdraw", amount |-> 1],
           key |-> B,
           retVal |-> FALSE ],
         [ op |-> [tId |-> t2, type |-> "Deposit", amount |-> 1],
           key |-> A,
           retVal |-> TRUE ] >> )
/\ tcommitted = {t1, t2}
/\ rcommitted = (A :> {t1, t2} @@ B :> {t2})
/\ queued = (A :> {} @@ B :> {t1})
/\ pc = ( t1 :> "Done" @@
  t2 :> "Done" @@
  A :> "PROCESS_DELAYED" @@
  B :> "PROCESS_DELAYED" )
/\ state = (A :> 1 @@ B :> 0)
/\ aborted = (A :> {} @@ B :> {})

@!@!@ENDMSG 2217 @!@!@
@!@!@STARTMSG 2217:4 @!@!@
20: <PROCESS_DELAYED line 268, col 26 to line 277, col 78 of module AbstractLoCA>
/\ delayed = (A :> <<>> @@ B :> <<>>)
/\ voted = (A :> {t1, t2} @@ B :> {t1, t2})
/\ inProgress = ( A :> <<>> @@
  B :> <<[op |-> [tId |-> t1, type |-> "Deposit", amount |-> 1], tId |-> t1]>> )
/\ msgs = { [id |-> t1, type |-> "VoteRequest"],
  [id |-> t1, type |-> "GlobalCommit"],
  [id |-> t2, type |-> "VoteRequest"],
  [id |-> t2, type |-> "GlobalCommit"],
  [id |-> t1, type |-> "VoteCommit", rm |-> A],
  [id |-> t1, type |-> "VoteCommit", rm |-> B],
  [id |-> t2, type |-> "VoteCommit", rm |-> A],
  [id |-> t2, type |-> "VoteCommit", rm |-> B] }
/\ operations = ( t1 :>
      << [ op |-> [tId |-> t1, type |-> "Withdraw", amount |-> 1],
           key |-> A,
           retVal |-> FALSE ] >> @@
  t2 :>
      << [ op |-> [tId |-> t2, type |-> "Withdraw", amount |-> 1],
           key |-> B,
           retVal |-> FALSE ],
         [ op |-> [tId |-> t2, type |-> "Deposit", amount |-> 1],
           key |-> A,
           retVal |-> TRUE ] >> )
/\ tcommitted = {t1, t2}
/\ rcommitted = (A :> {t1, t2} @@ B :> {t2})
/\ queued = (A :> {} @@ B :> {t1})
/\ pc = ( t1 :> "Done" @@
  t2 :> "Done" @@
  A :> "PROCESS_DELAYED" @@
  B :> "PROCESS_QUEUED" )
/\ state = (A :> 1 @@ B :> 0)
/\ aborted = (A :> {} @@ B :> {})

@!@!@ENDMSG 2217 @!@!@
@!@!@STARTMSG 2217:4 @!@!@
21: <PROCESS_QUEUED line 252, col 25 to line 266, col 50 of module AbstractLoCA>
/\ delayed = (A :> <<>> @@ B :> <<>>)
/\ voted = (A :> {t1, t2} @@ B :> {t1, t2})
/\ inProgress = (A :> <<>> @@ B :> <<>>)
/\ msgs = { [id |-> t1, type |-> "VoteRequest"],
  [id |-> t1, type |-> "GlobalCommit"],
  [id |-> t2, type |-> "VoteRequest"],
  [id |-> t2, type |-> "GlobalCommit"],
  [id |-> t1, type |-> "VoteCommit", rm |-> A],
  [id |-> t1, type |-> "VoteCommit", rm |-> B],
  [id |-> t2, type |-> "VoteCommit", rm |-> A],
  [id |-> t2, type |-> "VoteCommit", rm |-> B] }
/\ operations = ( t1 :>
      << [ op |-> [tId |-> t1, type |-> "Withdraw", amount |-> 1],
           key |-> A,
           retVal |-> FALSE ],
         [ op |-> [tId |-> t1, type |-> "Deposit", amount |-> 1],
           key |-> B,
           retVal |-> TRUE ] >> @@
  t2 :>
      << [ op |-> [tId |-> t2, type |-> "Withdraw", amount |-> 1],
           key |-> B,
           retVal |-> FALSE ],
         [ op |-> [tId |-> t2, type |-> "Deposit", amount |-> 1],
           key |-> A,
           retVal |-> TRUE ] >> )
/\ tcommitted = {t1, t2}
/\ rcommitted = (A :> {t1, t2} @@ B :> {t1, t2})
/\ queued = (A :> {} @@ B :> {})
/\ pc = ( t1 :> "Done" @@
  t2 :> "Done" @@
  A :> "PROCESS_DELAYED" @@
  B :> "PROCESS_DELAYED" )
/\ state = (A :> 1 @@ B :> 1)
/\ aborted = (A :> {} @@ B :> {})

@!@!@ENDMSG 2217 @!@!@
@!@!@STARTMSG 2201:0 @!@!@
The coverage statistics at 2021-06-29 16:38:52
@!@!@ENDMSG 2201 @!@!@
@!@!@STARTMSG 2773:0 @!@!@
<Init line 176, col 1 to line 176, col 4 of module AbstractLoCA>: 2:2
@!@!@ENDMSG 2773 @!@!@
@!@!@STARTMSG 2221:0 @!@!@
  line 177, col 9 to line 189, col 75 of module AbstractLoCA: 2
@!@!@ENDMSG 2221 @!@!@
@!@!@STARTMSG 2772:0 @!@!@
<INIT line 191, col 1 to line 191, col 10 of module AbstractLoCA>: 4:383
@!@!@ENDMSG 2772 @!@!@
@!@!@STARTMSG 2221:0 @!@!@
  line 191, col 18 to line 191, col 34 of module AbstractLoCA: 88357
@!@!@ENDMSG 2221 @!@!@
@!@!@STARTMSG 2221:0 @!@!@
  |line 191, col 18 to line 191, col 25 of module AbstractLoCA: 87974
@!@!@ENDMSG 2221 @!@!@
@!@!@STARTMSG 2221:0 @!@!@
  line 192, col 18 to line 192, col 80 of module AbstractLoCA: 383
@!@!@ENDMSG 2221 @!@!@
@!@!@STARTMSG 2221:0 @!@!@
  line 193, col 18 to line 193, col 51 of module AbstractLoCA: 383
@!@!@ENDMSG 2221 @!@!@
@!@!@STARTMSG 2221:0 @!@!@
  line 194, col 18 to line 195, col 76 of module AbstractLoCA: 383
@!@!@ENDMSG 2221 @!@!@
@!@!@STARTMSG 2772:0 @!@!@
<WAIT line 197, col 1 to line 197, col 10 of module AbstractLoCA>: 1393:21352
@!@!@ENDMSG 2772 @!@!@
@!@!@STARTMSG 2221:0 @!@!@
  line 197, col 18 to line 197, col 34 of module AbstractLoCA: 101157
@!@!@ENDMSG 2221 @!@!@
@!@!@STARTMSG 2221:0 @!@!@
  |line 197, col 18 to line 197, col 25 of module AbstractLoCA: 87972
@!@!@ENDMSG 2221 @!@!@
@!@!@STARTMSG 2221:0 @!@!@
  line 198, col 45 to line 198, col 100 of module AbstractLoCA: 25786
@!@!@ENDMSG 2221 @!@!@
@!@!@STARTMSG 2221:0 @!@!@
  |line 198, col 45 to line 198, col 91 of module AbstractLoCA: 19596
@!@!@ENDMSG 2221 @!@!@
@!@!@STARTMSG 2221:0 @!@!@
  |line 198, col 97 to line 198, col 100 of module AbstractLoCA: 19596
@!@!@ENDMSG 2221 @!@!@
@!@!@STARTMSG 2221:0 @!@!@
  line 198, col 34 to line 198, col 42 of module AbstractLoCA: 13185
@!@!@ENDMSG 2221 @!@!@
@!@!@STARTMSG 2221:0 @!@!@
  line 199, col 24 to line 199, col 87 of module AbstractLoCA: 3095
@!@!@ENDMSG 2221 @!@!@
@!@!@STARTMSG 2221:0 @!@!@
  line 200, col 24 to line 200, col 63 of module AbstractLoCA: 3095
@!@!@ENDMSG 2221 @!@!@
@!@!@STARTMSG 2221:0 @!@!@
  line 201, col 24 to line 201, col 57 of module AbstractLoCA: 3095
@!@!@ENDMSG 2221 @!@!@
@!@!@STARTMSG 2221:0 @!@!@
  line 202, col 45 to line 202, col 99 of module AbstractLoCA: 31442
@!@!@ENDMSG 2221 @!@!@
@!@!@STARTMSG 2221:0 @!@!@
  |line 202, col 45 to line 202, col 90 of module AbstractLoCA: 26370
@!@!@ENDMSG 2221 @!@!@
@!@!@STARTMSG 2221:0 @!@!@
  |line 202, col 96 to line 202, col 99 of module AbstractLoCA: 26370
@!@!@ENDMSG 2221 @!@!@
@!@!@STARTMSG 2221:0 @!@!@
  line 202, col 34 to line 202, col 42 of module AbstractLoCA: 13185
@!@!@ENDMSG 2221 @!@!@
@!@!@STARTMSG 2221:0 @!@!@
  line 203, col 24 to line 203, col 86 of module AbstractLoCA: 5072
@!@!@ENDMSG 2221 @!@!@
@!@!@STARTMSG 2221:0 @!@!@
  line 204, col 24 to line 204, col 57 of module AbstractLoCA: 5072
@!@!@ENDMSG 2221 @!@!@
@!@!@STARTMSG 2221:0 @!@!@
  line 205, col 24 to line 205, col 43 of module AbstractLoCA: 5072
@!@!@ENDMSG 2221 @!@!@
@!@!@STARTMSG 2221:0 @!@!@
  line 206, col 24 to line 206, col 86 of module AbstractLoCA: 13185
@!@!@ENDMSG 2221 @!@!@
@!@!@STARTMSG 2221:0 @!@!@
  line 207, col 24 to line 207, col 57 of module AbstractLoCA: 13185
@!@!@ENDMSG 2221 @!@!@
@!@!@STARTMSG 2221:0 @!@!@
  line 208, col 24 to line 208, col 43 of module AbstractLoCA: 13185
@!@!@ENDMSG 2221 @!@!@
@!@!@STARTMSG 2221:0 @!@!@
  line 209, col 18 to line 210, col 59 of module AbstractLoCA: 21352
@!@!@ENDMSG 2221 @!@!@
@!@!@STARTMSG 2772:0 @!@!@
<TR_INIT line 214, col 1 to line 214, col 13 of module AbstractLoCA>: 22742:56432
@!@!@ENDMSG 2772 @!@!@
@!@!@STARTMSG 2221:0 @!@!@
  line 214, col 21 to line 214, col 40 of module AbstractLoCA: 118183
@!@!@ENDMSG 2221 @!@!@
@!@!@STARTMSG 2221:0 @!@!@
  |line 214, col 21 to line 214, col 28 of module AbstractLoCA: 87956
@!@!@ENDMSG 2221 @!@!@
@!@!@STARTMSG 2221:0 @!@!@
  line 215, col 24 to line 215, col 94 of module AbstractLoCA: 33550
@!@!@ENDMSG 2221 @!@!@
@!@!@STARTMSG 2221:0 @!@!@
  |line 215, col 26 to line 215, col 93 of module AbstractLoCA: 33550
@!@!@ENDMSG 2221 @!@!@
@!@!@STARTMSG 2221:0 @!@!@
  ||line 215, col 49 to line 215, col 93 of module AbstractLoCA: 54056
@!@!@ENDMSG 2221 @!@!@
@!@!@STARTMSG 2221:0 @!@!@
  |||line 215, col 49 to line 215, col 70 of module AbstractLoCA: 54056
@!@!@ENDMSG 2221 @!@!@
@!@!@STARTMSG 2221:0 @!@!@
  |||line 215, col 75 to line 215, col 93 of module AbstractLoCA: 35707
@!@!@ENDMSG 2221 @!@!@
@!@!@STARTMSG 2221:0 @!@!@
  ||line 215, col 35 to line 215, col 46 of module AbstractLoCA: 33550
@!@!@ENDMSG 2221 @!@!@
@!@!@STARTMSG 2221:0 @!@!@
  line 217, col 40 to line 217, col 84 of module AbstractLoCA: 60964
@!@!@ENDMSG 2221 @!@!@
@!@!@STARTMSG 2221:0 @!@!@
  |line 217, col 40 to line 217, col 75 of module AbstractLoCA: 55778
@!@!@ENDMSG 2221 @!@!@
@!@!@STARTMSG 2221:0 @!@!@
  |line 217, col 81 to line 217, col 84 of module AbstractLoCA: 55778
@!@!@ENDMSG 2221 @!@!@
@!@!@STARTMSG 2221:0 @!@!@
  line 217, col 89 to line 217, col 110 of module AbstractLoCA: 60600
@!@!@ENDMSG 2221 @!@!@
@!@!@STARTMSG 2221:0 @!@!@
  |line 217, col 89 to line 217, col 91 of module AbstractLoCA: 55414
@!@!@ENDMSG 2221 @!@!@
@!@!@STARTMSG 2221:0 @!@!@
  |line 217, col 100 to line 217, col 110 of module AbstractLoCA: 55414
@!@!@ENDMSG 2221 @!@!@
@!@!@STARTMSG 2221:0 @!@!@
  line 220, col 48 to line 220, col 143 of module AbstractLoCA: 11795
@!@!@ENDMSG 2221 @!@!@
@!@!@STARTMSG 2775:0 @!@!@
  line 218, col 62 to line 219, col 146 of module AbstractLoCA: 5186:16981
@!@!@ENDMSG 2775 @!@!@
@!@!@STARTMSG 2221:0 @!@!@
  |line 218, col 64 to line 218, col 82 of module AbstractLoCA: 11795
@!@!@ENDMSG 2221 @!@!@
@!@!@STARTMSG 2775:0 @!@!@
  |line 219, col 66 to line 219, col 144 of module AbstractLoCA: 5186:16981
@!@!@ENDMSG 2775 @!@!@
@!@!@STARTMSG 2221:0 @!@!@
  ||line 219, col 86 to line 219, col 142 of module AbstractLoCA: 15558
@!@!@ENDMSG 2221 @!@!@
@!@!@STARTMSG 2221:0 @!@!@
  |||line 256, col 23 to line 256, col 62 of module L1ClientCentricIsolation: 15558
@!@!@ENDMSG 2221 @!@!@
@!@!@STARTMSG 2221:0 @!@!@
  |||line 257, col 6 to line 262, col 39 of module L1ClientCentricIsolation: 15558
@!@!@ENDMSG 2221 @!@!@
@!@!@STARTMSG 2221:0 @!@!@
  |||line 219, col 105 to line 219, col 115 of module AbstractLoCA: 15558
@!@!@ENDMSG 2221 @!@!@
@!@!@STARTMSG 2221:0 @!@!@
  |||line 219, col 118 to line 219, col 138 of module AbstractLoCA: 15558
@!@!@ENDMSG 2221 @!@!@
@!@!@STARTMSG 2221:0 @!@!@
  |||line 219, col 141 to line 219, col 141 of module AbstractLoCA: 4839
@!@!@ENDMSG 2221 @!@!@
@!@!@STARTMSG 2221:0 @!@!@
  ||line 219, col 74 to line 219, col 83 of module AbstractLoCA: 5186
@!@!@ENDMSG 2221 @!@!@
@!@!@STARTMSG 2221:0 @!@!@
  line 221, col 46 to line 221, col 119 of module AbstractLoCA: 11795
@!@!@ENDMSG 2221 @!@!@
@!@!@STARTMSG 2221:0 @!@!@
  line 222, col 46 to line 222, col 103 of module AbstractLoCA: 11795
@!@!@ENDMSG 2221 @!@!@
@!@!@STARTMSG 2221:0 @!@!@
  line 223, col 46 to line 223, col 75 of module AbstractLoCA: 11795
@!@!@ENDMSG 2221 @!@!@
@!@!@STARTMSG 2221:0 @!@!@
  line 224, col 46 to line 224, col 118 of module AbstractLoCA: 5186
@!@!@ENDMSG 2221 @!@!@
@!@!@STARTMSG 2221:0 @!@!@
  line 225, col 46 to line 225, col 103 of module AbstractLoCA: 5186
@!@!@ENDMSG 2221 @!@!@
@!@!@STARTMSG 2221:0 @!@!@
  line 226, col 46 to line 226, col 109 of module AbstractLoCA: 5186
@!@!@ENDMSG 2221 @!@!@
@!@!@STARTMSG 2221:0 @!@!@
  line 227, col 46 to line 227, col 78 of module AbstractLoCA: 5186
@!@!@ENDMSG 2221 @!@!@
@!@!@STARTMSG 2221:0 @!@!@
  line 230, col 48 to line 231, col 108 of module AbstractLoCA: 3763
@!@!@ENDMSG 2221 @!@!@
@!@!@STARTMSG 2775:0 @!@!@
  line 228, col 58 to line 229, col 155 of module AbstractLoCA: 5186:8949
@!@!@ENDMSG 2775 @!@!@
@!@!@STARTMSG 2221:0 @!@!@
  |line 228, col 60 to line 228, col 78 of module AbstractLoCA: 3763
@!@!@ENDMSG 2221 @!@!@
@!@!@STARTMSG 2775:0 @!@!@
  |line 229, col 74 to line 229, col 153 of module AbstractLoCA: 5186:8949
@!@!@ENDMSG 2775 @!@!@
@!@!@STARTMSG 2221:0 @!@!@
  ||line 229, col 94 to line 229, col 151 of module AbstractLoCA: 15558
@!@!@ENDMSG 2221 @!@!@
@!@!@STARTMSG 2221:0 @!@!@
  |||line 229, col 95 to line 229, col 151 of module AbstractLoCA: 15558
@!@!@ENDMSG 2221 @!@!@
@!@!@STARTMSG 2221:0 @!@!@
  ||||line 256, col 23 to line 256, col 62 of module L1ClientCentricIsolation: 15558
@!@!@ENDMSG 2221 @!@!@
@!@!@STARTMSG 2221:0 @!@!@
  ||||line 257, col 6 to line 262, col 39 of module L1ClientCentricIsolation: 15558
@!@!@ENDMSG 2221 @!@!@
@!@!@STARTMSG 2221:0 @!@!@
  ||||line 229, col 114 to line 229, col 124 of module AbstractLoCA: 15558
@!@!@ENDMSG 2221 @!@!@
@!@!@STARTMSG 2221:0 @!@!@
  ||||line 229, col 127 to line 229, col 147 of module AbstractLoCA: 15558
@!@!@ENDMSG 2221 @!@!@
@!@!@STARTMSG 2221:0 @!@!@
  ||||line 229, col 150 to line 229, col 150 of module AbstractLoCA: 4839
@!@!@ENDMSG 2221 @!@!@
@!@!@STARTMSG 2221:0 @!@!@
  ||line 229, col 82 to line 229, col 91 of module AbstractLoCA: 5186
@!@!@ENDMSG 2221 @!@!@
@!@!@STARTMSG 2221:0 @!@!@
  line 232, col 46 to line 232, col 84 of module AbstractLoCA: 3763
@!@!@ENDMSG 2221 @!@!@
@!@!@STARTMSG 2221:0 @!@!@
  line 233, col 40 to line 233, col 76 of module AbstractLoCA: 20744
@!@!@ENDMSG 2221 @!@!@
@!@!@STARTMSG 2221:0 @!@!@
  line 234, col 40 to line 234, col 55 of module AbstractLoCA: 20744
@!@!@ENDMSG 2221 @!@!@
@!@!@STARTMSG 2221:0 @!@!@
  line 235, col 43 to line 235, col 88 of module AbstractLoCA: 74449
@!@!@ENDMSG 2221 @!@!@
@!@!@STARTMSG 2221:0 @!@!@
  |line 235, col 43 to line 235, col 79 of module AbstractLoCA: 55778
@!@!@ENDMSG 2221 @!@!@
@!@!@STARTMSG 2221:0 @!@!@
  |line 235, col 85 to line 235, col 88 of module AbstractLoCA: 55778
@!@!@ENDMSG 2221 @!@!@
@!@!@STARTMSG 2221:0 @!@!@
  line 236, col 43 to line 236, col 61 of module AbstractLoCA: 45103
@!@!@ENDMSG 2221 @!@!@
@!@!@STARTMSG 2221:0 @!@!@
  |line 236, col 43 to line 236, col 45 of module AbstractLoCA: 26432
@!@!@ENDMSG 2221 @!@!@
@!@!@STARTMSG 2221:0 @!@!@
  |line 236, col 51 to line 236, col 61 of module AbstractLoCA: 26432
@!@!@ENDMSG 2221 @!@!@
@!@!@STARTMSG 2221:0 @!@!@
  line 236, col 66 to line 236, col 88 of module AbstractLoCA: 45103
@!@!@ENDMSG 2221 @!@!@
@!@!@STARTMSG 2221:0 @!@!@
  |line 236, col 66 to line 236, col 68 of module AbstractLoCA: 26432
@!@!@ENDMSG 2221 @!@!@
@!@!@STARTMSG 2221:0 @!@!@
  |line 236, col 77 to line 236, col 88 of module AbstractLoCA: 26432
@!@!@ENDMSG 2221 @!@!@
@!@!@STARTMSG 2221:0 @!@!@
  line 237, col 40 to line 237, col 100 of module AbstractLoCA: 18671
@!@!@ENDMSG 2221 @!@!@
@!@!@STARTMSG 2221:0 @!@!@
  line 238, col 40 to line 238, col 83 of module AbstractLoCA: 18671
@!@!@ENDMSG 2221 @!@!@
@!@!@STARTMSG 2221:0 @!@!@
  line 239, col 40 to line 239, col 94 of module AbstractLoCA: 18671
@!@!@ENDMSG 2221 @!@!@
@!@!@STARTMSG 2221:0 @!@!@
  line 240, col 43 to line 240, col 87 of module AbstractLoCA: 67134
@!@!@ENDMSG 2221 @!@!@
@!@!@STARTMSG 2221:0 @!@!@
  |line 240, col 43 to line 240, col 78 of module AbstractLoCA: 55778
@!@!@ENDMSG 2221 @!@!@
@!@!@STARTMSG 2221:0 @!@!@
  |line 240, col 84 to line 240, col 87 of module AbstractLoCA: 55778
@!@!@ENDMSG 2221 @!@!@
@!@!@STARTMSG 2221:0 @!@!@
  line 241, col 43 to line 241, col 61 of module AbstractLoCA: 29386
@!@!@ENDMSG 2221 @!@!@
@!@!@STARTMSG 2221:0 @!@!@
  |line 241, col 43 to line 241, col 45 of module AbstractLoCA: 18030
@!@!@ENDMSG 2221 @!@!@
@!@!@STARTMSG 2221:0 @!@!@
  |line 241, col 51 to line 241, col 61 of module AbstractLoCA: 18030
@!@!@ENDMSG 2221 @!@!@
@!@!@STARTMSG 2221:0 @!@!@
  line 241, col 66 to line 241, col 89 of module AbstractLoCA: 26348
@!@!@ENDMSG 2221 @!@!@
@!@!@STARTMSG 2221:0 @!@!@
  |line 241, col 66 to line 241, col 68 of module AbstractLoCA: 14992
@!@!@ENDMSG 2221 @!@!@
@!@!@STARTMSG 2221:0 @!@!@
  |line 241, col 77 to line 241, col 89 of module AbstractLoCA: 14992
@!@!@ENDMSG 2221 @!@!@
@!@!@STARTMSG 2221:0 @!@!@
  line 242, col 40 to line 242, col 103 of module AbstractLoCA: 11356
@!@!@ENDMSG 2221 @!@!@
@!@!@STARTMSG 2221:0 @!@!@
  line 243, col 40 to line 243, col 134 of module AbstractLoCA: 11356
@!@!@ENDMSG 2221 @!@!@
@!@!@STARTMSG 2221:0 @!@!@
  line 244, col 40 to line 244, col 125 of module AbstractLoCA: 11356
@!@!@ENDMSG 2221 @!@!@
@!@!@STARTMSG 2221:0 @!@!@
  line 245, col 40 to line 245, col 83 of module AbstractLoCA: 11356
@!@!@ENDMSG 2221 @!@!@
@!@!@STARTMSG 2221:0 @!@!@
  line 246, col 40 to line 246, col 72 of module AbstractLoCA: 11356
@!@!@ENDMSG 2221 @!@!@
@!@!@STARTMSG 2221:0 @!@!@
  line 216, col 43 to line 216, col 54 of module AbstractLoCA: 27889
@!@!@ENDMSG 2221 @!@!@
@!@!@STARTMSG 2221:0 @!@!@
  line 247, col 32 to line 247, col 65 of module AbstractLoCA: 5661
@!@!@ENDMSG 2221 @!@!@
@!@!@STARTMSG 2221:0 @!@!@
  line 248, col 32 to line 249, col 66 of module AbstractLoCA: 5661
@!@!@ENDMSG 2221 @!@!@
@!@!@STARTMSG 2221:0 @!@!@
  line 250, col 21 to line 250, col 77 of module AbstractLoCA: 56432
@!@!@ENDMSG 2221 @!@!@
@!@!@STARTMSG 2772:0 @!@!@
<PROCESS_QUEUED line 252, col 1 to line 252, col 20 of module AbstractLoCA>: 14381:32522
@!@!@ENDMSG 2772 @!@!@
@!@!@STARTMSG 2221:0 @!@!@
  line 252, col 28 to line 252, col 54 of module AbstractLoCA: 120462
@!@!@ENDMSG 2221 @!@!@
@!@!@STARTMSG 2221:0 @!@!@
  |line 252, col 28 to line 252, col 35 of module AbstractLoCA: 87948
@!@!@ENDMSG 2221 @!@!@
@!@!@STARTMSG 2221:0 @!@!@
  line 253, col 31 to line 254, col 76 of module AbstractLoCA: 32522
@!@!@ENDMSG 2221 @!@!@
@!@!@STARTMSG 2221:0 @!@!@
  |line 253, col 34 to line 253, col 59 of module AbstractLoCA: 32522
@!@!@ENDMSG 2221 @!@!@
@!@!@STARTMSG 2221:0 @!@!@
  |line 254, col 34 to line 254, col 76 of module AbstractLoCA: 23783
@!@!@ENDMSG 2221 @!@!@
@!@!@STARTMSG 2221:0 @!@!@
  line 256, col 44 to line 256, col 167 of module AbstractLoCA: 8770
@!@!@ENDMSG 2221 @!@!@
@!@!@STARTMSG 2221:0 @!@!@
  |line 256, col 58 to line 256, col 167 of module AbstractLoCA: 8778
@!@!@ENDMSG 2221 @!@!@
@!@!@STARTMSG 2221:0 @!@!@
  ||line 256, col 59 to line 256, col 68 of module AbstractLoCA: 8778
@!@!@ENDMSG 2221 @!@!@
@!@!@STARTMSG 2221:0 @!@!@
  ||line 256, col 77 to line 256, col 166 of module AbstractLoCA: 8778
@!@!@ENDMSG 2221 @!@!@
@!@!@STARTMSG 2221:0 @!@!@
  ||line 256, col 90 to line 256, col 166 of module AbstractLoCA: 8778
@!@!@ENDMSG 2221 @!@!@
@!@!@STARTMSG 2221:0 @!@!@
  |||line 256, col 90 to line 256, col 108 of module AbstractLoCA: 8778
@!@!@ENDMSG 2221 @!@!@
@!@!@STARTMSG 2221:0 @!@!@
  |||line 256, col 113 to line 256, col 166 of module AbstractLoCA: 8778
@!@!@ENDMSG 2221 @!@!@
@!@!@STARTMSG 2221:0 @!@!@
  ||||line 256, col 116 to line 256, col 163 of module AbstractLoCA: 8778
@!@!@ENDMSG 2221 @!@!@
@!@!@STARTMSG 2221:0 @!@!@
  |||||line 18, col 15 to line 18, col 27 of module AbstractLoCA: 8778
@!@!@ENDMSG 2221 @!@!@
@!@!@STARTMSG 2221:0 @!@!@
  |||||line 256, col 119 to line 256, col 122 of module AbstractLoCA: 8778
@!@!@ENDMSG 2221 @!@!@
@!@!@STARTMSG 2221:0 @!@!@
  |||||line 256, col 125 to line 256, col 130 of module AbstractLoCA: 8778
@!@!@ENDMSG 2221 @!@!@
@!@!@STARTMSG 2221:0 @!@!@
  |||||line 256, col 133 to line 256, col 162 of module AbstractLoCA: 8778
@!@!@ENDMSG 2221 @!@!@
@!@!@STARTMSG 2221:0 @!@!@
  ||||||line 96, col 3 to line 99, col 30 of module L1SemanticIsolationAccount: 8778
@!@!@ENDMSG 2221 @!@!@
@!@!@STARTMSG 2221:0 @!@!@
  |||||||line 96, col 6 to line 96, col 29 of module L1SemanticIsolationAccount: 8778
@!@!@ENDMSG 2221 @!@!@
@!@!@STARTMSG 2221:0 @!@!@
  |||||||line 97, col 8 to line 97, col 27 of module L1SemanticIsolationAccount: 2560
@!@!@ENDMSG 2221 @!@!@
@!@!@STARTMSG 2221:0 @!@!@
  |||||||line 99, col 8 to line 99, col 30 of module L1SemanticIsolationAccount: 6218
@!@!@ENDMSG 2221 @!@!@
@!@!@STARTMSG 2221:0 @!@!@
  ||||||||line 83, col 3 to line 89, col 50 of module L1SemanticIsolationAccount: 6218
@!@!@ENDMSG 2221 @!@!@
@!@!@STARTMSG 2221:0 @!@!@
  |||||||||line 83, col 6 to line 83, col 31 of module L1SemanticIsolationAccount: 6218
@!@!@ENDMSG 2221 @!@!@
@!@!@STARTMSG 2221:0 @!@!@
  |||||||||line 84, col 8 to line 84, col 44 of module L1SemanticIsolationAccount: 3197
@!@!@ENDMSG 2221 @!@!@
@!@!@STARTMSG 2221:0 @!@!@
  |||||||||line 85, col 8 to line 89, col 50 of module L1SemanticIsolationAccount: 3021
@!@!@ENDMSG 2221 @!@!@
@!@!@STARTMSG 2221:0 @!@!@
  ||||||||line 99, col 12 to line 99, col 20 of module L1SemanticIsolationAccount: 6218
@!@!@ENDMSG 2221 @!@!@
@!@!@STARTMSG 2221:0 @!@!@
  ||||||||line 99, col 23 to line 99, col 29 of module L1SemanticIsolationAccount: 3021
@!@!@ENDMSG 2221 @!@!@
@!@!@STARTMSG 2221:0 @!@!@
  ||||||line 256, col 143 to line 256, col 148 of module AbstractLoCA: 8778
@!@!@ENDMSG 2221 @!@!@
@!@!@STARTMSG 2221:0 @!@!@
  ||||||line 256, col 151 to line 256, col 161 of module AbstractLoCA: 5581
@!@!@ENDMSG 2221 @!@!@
@!@!@STARTMSG 2221:0 @!@!@
  line 257, col 44 to line 257, col 104 of module AbstractLoCA: 8770
@!@!@ENDMSG 2221 @!@!@
@!@!@STARTMSG 2221:0 @!@!@
  |line 257, col 53 to line 257, col 104 of module AbstractLoCA: 8778
@!@!@ENDMSG 2221 @!@!@
@!@!@STARTMSG 2221:0 @!@!@
  ||line 257, col 54 to line 257, col 58 of module AbstractLoCA: 8778
@!@!@ENDMSG 2221 @!@!@
@!@!@STARTMSG 2221:0 @!@!@
  ||line 257, col 67 to line 257, col 103 of module AbstractLoCA: 8778
@!@!@ENDMSG 2221 @!@!@
@!@!@STARTMSG 2221:0 @!@!@
  ||line 257, col 77 to line 257, col 103 of module AbstractLoCA: 8778
@!@!@ENDMSG 2221 @!@!@
@!@!@STARTMSG 2221:0 @!@!@
  |||line 102, col 3 to line 112, col 51 of module L1SemanticIsolationAccount: 8778
@!@!@ENDMSG 2221 @!@!@
@!@!@STARTMSG 2221:0 @!@!@
  ||||line 102, col 6 to line 102, col 29 of module L1SemanticIsolationAccount: 8778
@!@!@ENDMSG 2221 @!@!@
@!@!@STARTMSG 2221:0 @!@!@
  |||||line 102, col 7 to line 102, col 29 of module L1SemanticIsolationAccount: 8778
@!@!@ENDMSG 2221 @!@!@
@!@!@STARTMSG 2221:0 @!@!@
  ||||||line 83, col 3 to line 89, col 50 of module L1SemanticIsolationAccount: 8778
@!@!@ENDMSG 2221 @!@!@
@!@!@STARTMSG 2221:0 @!@!@
  |||||||line 83, col 6 to line 83, col 31 of module L1SemanticIsolationAccount: 8778
@!@!@ENDMSG 2221 @!@!@
@!@!@STARTMSG 2221:0 @!@!@
  |||||||line 84, col 8 to line 84, col 44 of module L1SemanticIsolationAccount: 3197
@!@!@ENDMSG 2221 @!@!@
@!@!@STARTMSG 2221:0 @!@!@
  |||||||line 85, col 8 to line 89, col 50 of module L1SemanticIsolationAccount: 5581
@!@!@ENDMSG 2221 @!@!@
@!@!@STARTMSG 2221:0 @!@!@
  ||||||||line 85, col 11 to line 85, col 34 of module L1SemanticIsolationAccount: 5581
@!@!@ENDMSG 2221 @!@!@
@!@!@STARTMSG 2221:0 @!@!@
  ||||||||line 86, col 13 to line 86, col 29 of module L1SemanticIsolationAccount: 2560
@!@!@ENDMSG 2221 @!@!@
@!@!@STARTMSG 2221:0 @!@!@
  ||||||||line 87, col 8 to line 89, col 50 of module L1SemanticIsolationAccount: 3021
@!@!@ENDMSG 2221 @!@!@
@!@!@STARTMSG 2221:0 @!@!@
  ||||||line 102, col 11 to line 102, col 19 of module L1SemanticIsolationAccount: 8778
@!@!@ENDMSG 2221 @!@!@
@!@!@STARTMSG 2221:0 @!@!@
  ||||||line 102, col 22 to line 102, col 28 of module L1SemanticIsolationAccount: 3021
@!@!@ENDMSG 2221 @!@!@
@!@!@STARTMSG 2221:0 @!@!@
  ||||line 104, col 8 to line 104, col 14 of module L1SemanticIsolationAccount: 2776
@!@!@ENDMSG 2221 @!@!@
@!@!@STARTMSG 2221:0 @!@!@
  ||||line 106, col 5 to line 112, col 51 of module L1SemanticIsolationAccount: 6002
@!@!@ENDMSG 2221 @!@!@
@!@!@STARTMSG 2221:0 @!@!@
  |||||line 106, col 8 to line 106, col 33 of module L1SemanticIsolationAccount: 6002
@!@!@ENDMSG 2221 @!@!@
@!@!@STARTMSG 2221:0 @!@!@
  |||||line 107, col 10 to line 107, col 46 of module L1SemanticIsolationAccount: 3197
@!@!@ENDMSG 2221 @!@!@
@!@!@STARTMSG 2221:0 @!@!@
  |||||line 108, col 10 to line 112, col 51 of module L1SemanticIsolationAccount: 2805
@!@!@ENDMSG 2221 @!@!@
@!@!@STARTMSG 2221:0 @!@!@
  ||||||line 108, col 13 to line 108, col 36 of module L1SemanticIsolationAccount: 2805
@!@!@ENDMSG 2221 @!@!@
@!@!@STARTMSG 2221:0 @!@!@
  ||||||line 109, col 14 to line 109, col 30 of module L1SemanticIsolationAccount: 2560
@!@!@ENDMSG 2221 @!@!@
@!@!@STARTMSG 2221:0 @!@!@
  ||||||line 110, col 10 to line 112, col 51 of module L1SemanticIsolationAccount: 245
@!@!@ENDMSG 2221 @!@!@
@!@!@STARTMSG 2221:0 @!@!@
  |||line 257, col 84 to line 257, col 89 of module AbstractLoCA: 8778
@!@!@ENDMSG 2221 @!@!@
@!@!@STARTMSG 2221:0 @!@!@
  |||line 257, col 92 to line 257, col 102 of module AbstractLoCA: 8778
@!@!@ENDMSG 2221 @!@!@
@!@!@STARTMSG 2221:0 @!@!@
  line 258, col 44 to line 258, col 109 of module AbstractLoCA: 8770
@!@!@ENDMSG 2221 @!@!@
@!@!@STARTMSG 2221:0 @!@!@
  |line 258, col 58 to line 258, col 109 of module AbstractLoCA: 8778
@!@!@ENDMSG 2221 @!@!@
@!@!@STARTMSG 2221:0 @!@!@
  line 259, col 44 to line 259, col 103 of module AbstractLoCA: 8770
@!@!@ENDMSG 2221 @!@!@
@!@!@STARTMSG 2221:0 @!@!@
  |line 259, col 54 to line 259, col 103 of module AbstractLoCA: 8778
@!@!@ENDMSG 2221 @!@!@
@!@!@STARTMSG 2221:0 @!@!@
  line 260, col 44 to line 260, col 120 of module AbstractLoCA: 8770
@!@!@ENDMSG 2221 @!@!@
@!@!@STARTMSG 2221:0 @!@!@
  |line 260, col 58 to line 260, col 120 of module AbstractLoCA: 8778
@!@!@ENDMSG 2221 @!@!@
@!@!@STARTMSG 2221:0 @!@!@
  line 261, col 39 to line 261, col 83 of module AbstractLoCA: 8770
@!@!@ENDMSG 2221 @!@!@
@!@!@STARTMSG 2221:0 @!@!@
  |line 261, col 45 to line 261, col 83 of module AbstractLoCA: 8778
@!@!@ENDMSG 2221 @!@!@
@!@!@STARTMSG 2221:0 @!@!@
  line 262, col 39 to line 262, col 75 of module AbstractLoCA: 23744
@!@!@ENDMSG 2221 @!@!@
@!@!@STARTMSG 2221:0 @!@!@
  line 263, col 39 to line 264, col 79 of module AbstractLoCA: 23744
@!@!@ENDMSG 2221 @!@!@
@!@!@STARTMSG 2221:0 @!@!@
  line 265, col 28 to line 266, col 50 of module AbstractLoCA: 32514
@!@!@ENDMSG 2221 @!@!@
@!@!@STARTMSG 2772:0 @!@!@
<PROCESS_DELAYED line 268, col 1 to line 268, col 21 of module AbstractLoCA>: 8917:17087
@!@!@ENDMSG 2772 @!@!@
@!@!@STARTMSG 2221:0 @!@!@
  line 268, col 29 to line 268, col 56 of module AbstractLoCA: 105021
@!@!@ENDMSG 2221 @!@!@
@!@!@STARTMSG 2221:0 @!@!@
  |line 268, col 29 to line 268, col 36 of module AbstractLoCA: 87934
@!@!@ENDMSG 2221 @!@!@
@!@!@STARTMSG 2221:0 @!@!@
  line 269, col 32 to line 269, col 136 of module AbstractLoCA: 17087
@!@!@ENDMSG 2221 @!@!@
@!@!@STARTMSG 2221:0 @!@!@
  |line 269, col 32 to line 269, col 54 of module AbstractLoCA: 17087
@!@!@ENDMSG 2221 @!@!@
@!@!@STARTMSG 2221:0 @!@!@
  |line 269, col 59 to line 269, col 136 of module AbstractLoCA: 3465
@!@!@ENDMSG 2221 @!@!@
@!@!@STARTMSG 2221:0 @!@!@
  line 270, col 37 to line 273, col 84 of module AbstractLoCA: 3465
@!@!@ENDMSG 2221 @!@!@
@!@!@STARTMSG 2221:0 @!@!@
  line 274, col 40 to line 274, col 83 of module AbstractLoCA: 13622
@!@!@ENDMSG 2221 @!@!@
@!@!@STARTMSG 2221:0 @!@!@
  line 275, col 40 to line 275, col 80 of module AbstractLoCA: 13622
@!@!@ENDMSG 2221 @!@!@
@!@!@STARTMSG 2221:0 @!@!@
  line 276, col 29 to line 277, col 78 of module AbstractLoCA: 17087
@!@!@ENDMSG 2221 @!@!@
@!@!@STARTMSG 2772:0 @!@!@
<Terminating line 282, col 1 to line 282, col 11 of module AbstractLoCA>: 0:70
@!@!@ENDMSG 2772 @!@!@
@!@!@STARTMSG 2221:0 @!@!@
  line 282, col 40 to line 282, col 56 of module AbstractLoCA: 88968
@!@!@ENDMSG 2221 @!@!@
@!@!@STARTMSG 2221:0 @!@!@
  |line 282, col 40 to line 282, col 47 of module AbstractLoCA: 88688
@!@!@ENDMSG 2221 @!@!@
@!@!@STARTMSG 2221:0 @!@!@
  line 282, col 31 to line 282, col 37 of module AbstractLoCA: 43960
@!@!@ENDMSG 2221 @!@!@
@!@!@STARTMSG 2221:0 @!@!@
  line 283, col 19 to line 283, col 32 of module AbstractLoCA: 70
@!@!@ENDMSG 2221 @!@!@
@!@!@STARTMSG 2774:0 @!@!@
<Serializable line 327, col 1 to line 327, col 12 of module AbstractLoCA>
@!@!@ENDMSG 2774 @!@!@
@!@!@STARTMSG 2221:0 @!@!@
  line 328, col 3 to line 328, col 50 of module AbstractLoCA: 47438
@!@!@ENDMSG 2221 @!@!@
@!@!@STARTMSG 2221:0 @!@!@
  |line 200, col 48 to line 200, col 104 of module L1ClientCentricIsolation: 47438
@!@!@ENDMSG 2221 @!@!@
@!@!@STARTMSG 2221:0 @!@!@
  ||line 193, col 3 to line 195, col 38 of module L1ClientCentricIsolation: 47438
@!@!@ENDMSG 2221 @!@!@
@!@!@STARTMSG 2221:0 @!@!@
  |||line 193, col 60 to line 195, col 38 of module L1ClientCentricIsolation: 49183
@!@!@ENDMSG 2221 @!@!@
@!@!@STARTMSG 2221:0 @!@!@
  ||||line 195, col 5 to line 195, col 38 of module L1ClientCentricIsolation: 57145
@!@!@ENDMSG 2221 @!@!@
@!@!@STARTMSG 2221:0 @!@!@
  |||||line 195, col 16 to line 195, col 26 of module L1ClientCentricIsolation: 57145
@!@!@ENDMSG 2221 @!@!@
@!@!@STARTMSG 2221:0 @!@!@
  |||||line 195, col 29 to line 195, col 37 of module L1ClientCentricIsolation: 57145
@!@!@ENDMSG 2221 @!@!@
@!@!@STARTMSG 2221:0 @!@!@
  |||||line 199, col 3 to line 199, col 71 of module L1ClientCentricIsolation: 57145
@!@!@ENDMSG 2221 @!@!@
@!@!@STARTMSG 2221:0 @!@!@
  ||||||line 142, col 40 to line 142, col 163 of module L1ClientCentricIsolation: 57145
@!@!@ENDMSG 2221 @!@!@
@!@!@STARTMSG 2221:0 @!@!@
  |||||||line 142, col 87 to line 142, col 161 of module L1ClientCentricIsolation: 63530
@!@!@ENDMSG 2221 @!@!@
@!@!@STARTMSG 2221:0 @!@!@
  ||||||||line 83, col 17 to line 83, col 42 of module L1ClientCentricIsolation: 63530
@!@!@ENDMSG 2221 @!@!@
@!@!@STARTMSG 2221:0 @!@!@
  ||||||||line 84, col 7 to line 84, col 52 of module L1ClientCentricIsolation: 63530
@!@!@ENDMSG 2221 @!@!@
@!@!@STARTMSG 2221:0 @!@!@
  |||||||||line 84, col 7 to line 84, col 27 of module L1ClientCentricIsolation: 63530
@!@!@ENDMSG 2221 @!@!@
@!@!@STARTMSG 2221:0 @!@!@
  ||||||||||line 14, col 21 to line 14, col 59 of module Util: 63530
@!@!@ENDMSG 2221 @!@!@
@!@!@STARTMSG 2221:0 @!@!@
  |||||||||||line 14, col 47 to line 14, col 59 of module Util: 69915
@!@!@ENDMSG 2221 @!@!@
@!@!@STARTMSG 2221:0 @!@!@
  |||||||||||line 14, col 34 to line 14, col 44 of module Util: 63530
@!@!@ENDMSG 2221 @!@!@
@!@!@STARTMSG 2221:0 @!@!@
  ||||||||||line 84, col 13 to line 84, col 18 of module L1ClientCentricIsolation: 63530
@!@!@ENDMSG 2221 @!@!@
@!@!@STARTMSG 2221:0 @!@!@
  ||||||||||line 84, col 21 to line 84, col 26 of module L1ClientCentricIsolation: 63530
@!@!@ENDMSG 2221 @!@!@
@!@!@STARTMSG 2221:0 @!@!@
  |||||||||line 84, col 32 to line 84, col 52 of module L1ClientCentricIsolation: 63530
@!@!@ENDMSG 2221 @!@!@
@!@!@STARTMSG 2221:0 @!@!@
  ||||||||||line 14, col 21 to line 14, col 59 of module Util: 63530
@!@!@ENDMSG 2221 @!@!@
@!@!@STARTMSG 2221:0 @!@!@
  |||||||||||line 14, col 47 to line 14, col 59 of module Util: 69918
@!@!@ENDMSG 2221 @!@!@
@!@!@STARTMSG 2221:0 @!@!@
  |||||||||||line 14, col 34 to line 14, col 44 of module Util: 63530
@!@!@ENDMSG 2221 @!@!@
@!@!@STARTMSG 2221:0 @!@!@
  ||||||||||line 84, col 38 to line 84, col 43 of module L1ClientCentricIsolation: 63530
@!@!@ENDMSG 2221 @!@!@
@!@!@STARTMSG 2221:0 @!@!@
  ||||||||||line 84, col 46 to line 84, col 51 of module L1ClientCentricIsolation: 63530
@!@!@ENDMSG 2221 @!@!@
@!@!@STARTMSG 2221:0 @!@!@
  ||||||||line 142, col 112 to line 142, col 120 of module L1ClientCentricIsolation: 63530
@!@!@ENDMSG 2221 @!@!@
@!@!@STARTMSG 2221:0 @!@!@
  ||||||||line 142, col 123 to line 142, col 123 of module L1ClientCentricIsolation: 63530
@!@!@ENDMSG 2221 @!@!@
@!@!@STARTMSG 2221:0 @!@!@
  ||||||||line 142, col 126 to line 142, col 160 of module L1ClientCentricIsolation: 63530
@!@!@ENDMSG 2221 @!@!@
@!@!@STARTMSG 2221:0 @!@!@
  |||||||||line 74, col 14 to line 74, col 83 of module L1ClientCentricIsolation: 63530
@!@!@ENDMSG 2221 @!@!@
@!@!@STARTMSG 2221:0 @!@!@
  ||||||||||line 74, col 46 to line 74, col 83 of module L1ClientCentricIsolation: 78706
@!@!@ENDMSG 2221 @!@!@
@!@!@STARTMSG 2221:0 @!@!@
  ||||||||||line 74, col 27 to line 74, col 43 of module L1ClientCentricIsolation: 63530
@!@!@ENDMSG 2221 @!@!@
@!@!@STARTMSG 2221:0 @!@!@
  |||||||||line 75, col 6 to line 75, col 31 of module L1ClientCentricIsolation: 63530
@!@!@ENDMSG 2221 @!@!@
@!@!@STARTMSG 2221:0 @!@!@
  |||||||||line 142, col 138 to line 142, col 146 of module L1ClientCentricIsolation: 63530
@!@!@ENDMSG 2221 @!@!@
@!@!@STARTMSG 2221:0 @!@!@
  |||||||||line 142, col 149 to line 142, col 159 of module L1ClientCentricIsolation: 63530
@!@!@ENDMSG 2221 @!@!@
@!@!@STARTMSG 2221:0 @!@!@
  |||||||line 142, col 48 to line 142, col 83 of module L1ClientCentricIsolation: 57145
@!@!@ENDMSG 2221 @!@!@
@!@!@STARTMSG 2775:0 @!@!@
  ||||||||line 20, col 16 to line 20, col 38 of module Util: 57145:120675
@!@!@ENDMSG 2775 @!@!@
@!@!@STARTMSG 2221:0 @!@!@
  |||||||||line 20, col 17 to line 20, col 20 of module Util: 82069
@!@!@ENDMSG 2221 @!@!@
@!@!@STARTMSG 2221:0 @!@!@
  |||||||||line 20, col 30 to line 20, col 37 of module Util: 57145
@!@!@ENDMSG 2221 @!@!@
@!@!@STARTMSG 2221:0 @!@!@
  ||||||||line 142, col 57 to line 142, col 82 of module L1ClientCentricIsolation: 57145
@!@!@ENDMSG 2221 @!@!@
@!@!@STARTMSG 2221:0 @!@!@
  ||||||line 143, col 6 to line 143, col 113 of module L1ClientCentricIsolation: 57145
@!@!@ENDMSG 2221 @!@!@
@!@!@STARTMSG 2221:0 @!@!@
  |||||||line 143, col 6 to line 143, col 10 of module L1ClientCentricIsolation: 57145
@!@!@ENDMSG 2221 @!@!@
@!@!@STARTMSG 2221:0 @!@!@
  |||||||line 143, col 16 to line 143, col 113 of module L1ClientCentricIsolation: 57145
@!@!@ENDMSG 2221 @!@!@
@!@!@STARTMSG 2221:0 @!@!@
  ||||||||line 27, col 28 to line 27, col 76 of module Util: 57145
@!@!@ENDMSG 2221 @!@!@
@!@!@STARTMSG 2221:0 @!@!@
  ||||||||line 143, col 29 to line 143, col 111 of module L1ClientCentricIsolation: 57145
@!@!@ENDMSG 2221 @!@!@
@!@!@STARTMSG 2221:0 @!@!@
  |||||||||line 143, col 29 to line 143, col 70 of module L1ClientCentricIsolation: 57145
@!@!@ENDMSG 2221 @!@!@
@!@!@STARTMSG 2221:0 @!@!@
  ||||||||||line 140, col 9 to line 140, col 105 of module L1ClientCentricIsolation: 57145
@!@!@ENDMSG 2221 @!@!@
@!@!@STARTMSG 2221:0 @!@!@
  |||||||||||line 140, col 11 to line 140, col 55 of module L1ClientCentricIsolation: 79175
@!@!@ENDMSG 2221 @!@!@
@!@!@STARTMSG 2221:0 @!@!@
  ||||||||||||line 117, col 13 to line 117, col 47 of module L1ClientCentricIsolation: 79175
@!@!@ENDMSG 2221 @!@!@
@!@!@STARTMSG 2221:0 @!@!@
  |||||||||||||line 74, col 14 to line 74, col 83 of module L1ClientCentricIsolation: 79175
@!@!@ENDMSG 2221 @!@!@
@!@!@STARTMSG 2221:0 @!@!@
  ||||||||||||||line 74, col 46 to line 74, col 83 of module L1ClientCentricIsolation: 98359
@!@!@ENDMSG 2221 @!@!@
@!@!@STARTMSG 2221:0 @!@!@
  ||||||||||||||line 74, col 27 to line 74, col 43 of module L1ClientCentricIsolation: 79175
@!@!@ENDMSG 2221 @!@!@
@!@!@STARTMSG 2221:0 @!@!@
  |||||||||||||line 75, col 6 to line 75, col 31 of module L1ClientCentricIsolation: 79175
@!@!@ENDMSG 2221 @!@!@
@!@!@STARTMSG 2221:0 @!@!@
  |||||||||||||line 117, col 25 to line 117, col 33 of module L1ClientCentricIsolation: 79175
@!@!@ENDMSG 2221 @!@!@
@!@!@STARTMSG 2221:0 @!@!@
  |||||||||||||line 117, col 36 to line 117, col 46 of module L1ClientCentricIsolation: 79175
@!@!@ENDMSG 2221 @!@!@
@!@!@STARTMSG 2221:0 @!@!@
  ||||||||||||line 116, col 13 to line 116, col 48 of module L1ClientCentricIsolation: 79175
@!@!@ENDMSG 2221 @!@!@
@!@!@STARTMSG 2775:0 @!@!@
  |||||||||||||line 20, col 16 to line 20, col 38 of module Util: 79175:167249
@!@!@ENDMSG 2775 @!@!@
@!@!@STARTMSG 2221:0 @!@!@
  ||||||||||||||line 20, col 17 to line 20, col 20 of module Util: 107768
@!@!@ENDMSG 2221 @!@!@
@!@!@STARTMSG 2221:0 @!@!@
  ||||||||||||||line 20, col 30 to line 20, col 37 of module Util: 79175
@!@!@ENDMSG 2221 @!@!@
@!@!@STARTMSG 2221:0 @!@!@
  |||||||||||||line 116, col 22 to line 116, col 47 of module L1ClientCentricIsolation: 79175
@!@!@ENDMSG 2221 @!@!@
@!@!@STARTMSG 2221:0 @!@!@
  ||||||||||||line 118, col 6 to line 129, col 6 of module L1ClientCentricIsolation: 79175
@!@!@ENDMSG 2221 @!@!@
@!@!@STARTMSG 2221:0 @!@!@
  |||||||||||||line 119, col 9 to line 122, col 68 of module L1ClientCentricIsolation: 88074
@!@!@ENDMSG 2221 @!@!@
@!@!@STARTMSG 2221:0 @!@!@
  ||||||||||||||line 119, col 12 to line 119, col 53 of module L1ClientCentricIsolation: 88074
@!@!@ENDMSG 2221 @!@!@
@!@!@STARTMSG 2221:0 @!@!@
  |||||||||||||||line 83, col 17 to line 83, col 42 of module L1ClientCentricIsolation: 88074
@!@!@ENDMSG 2221 @!@!@
@!@!@STARTMSG 2221:0 @!@!@
  |||||||||||||||line 84, col 7 to line 84, col 52 of module L1ClientCentricIsolation: 88074
@!@!@ENDMSG 2221 @!@!@
@!@!@STARTMSG 2221:0 @!@!@
  ||||||||||||||||line 84, col 7 to line 84, col 27 of module L1ClientCentricIsolation: 88074
@!@!@ENDMSG 2221 @!@!@
@!@!@STARTMSG 2221:0 @!@!@
  |||||||||||||||||line 14, col 21 to line 14, col 59 of module Util: 88074
@!@!@ENDMSG 2221 @!@!@
@!@!@STARTMSG 2221:0 @!@!@
  ||||||||||||||||||line 14, col 47 to line 14, col 59 of module Util: 96973
@!@!@ENDMSG 2221 @!@!@
@!@!@STARTMSG 2221:0 @!@!@
  ||||||||||||||||||line 14, col 34 to line 14, col 44 of module Util: 88074
@!@!@ENDMSG 2221 @!@!@
@!@!@STARTMSG 2221:0 @!@!@
  |||||||||||||||||line 84, col 13 to line 84, col 18 of module L1ClientCentricIsolation: 88074
@!@!@ENDMSG 2221 @!@!@
@!@!@STARTMSG 2221:0 @!@!@
  |||||||||||||||||line 84, col 21 to line 84, col 26 of module L1ClientCentricIsolation: 88074
@!@!@ENDMSG 2221 @!@!@
@!@!@STARTMSG 2221:0 @!@!@
  ||||||||||||||||line 84, col 32 to line 84, col 52 of module L1ClientCentricIsolation: 88074
@!@!@ENDMSG 2221 @!@!@
@!@!@STARTMSG 2221:0 @!@!@
  |||||||||||||||||line 14, col 21 to line 14, col 59 of module Util: 88074
@!@!@ENDMSG 2221 @!@!@
@!@!@STARTMSG 2221:0 @!@!@
  ||||||||||||||||||line 14, col 47 to line 14, col 59 of module Util: 97344
@!@!@ENDMSG 2221 @!@!@
@!@!@STARTMSG 2221:0 @!@!@
  ||||||||||||||||||line 14, col 34 to line 14, col 44 of module Util: 88074
@!@!@ENDMSG 2221 @!@!@
@!@!@STARTMSG 2221:0 @!@!@
  |||||||||||||||||line 84, col 38 to line 84, col 43 of module L1ClientCentricIsolation: 88074
@!@!@ENDMSG 2221 @!@!@
@!@!@STARTMSG 2221:0 @!@!@
  |||||||||||||||||line 84, col 46 to line 84, col 51 of module L1ClientCentricIsolation: 88074
@!@!@ENDMSG 2221 @!@!@
@!@!@STARTMSG 2221:0 @!@!@
  |||||||||||||||line 119, col 37 to line 119, col 45 of module L1ClientCentricIsolation: 88074
@!@!@ENDMSG 2221 @!@!@
@!@!@STARTMSG 2221:0 @!@!@
  |||||||||||||||line 119, col 48 to line 119, col 48 of module L1ClientCentricIsolation: 88074
@!@!@ENDMSG 2221 @!@!@
@!@!@STARTMSG 2221:0 @!@!@
  |||||||||||||||line 119, col 51 to line 119, col 52 of module L1ClientCentricIsolation: 88074
@!@!@ENDMSG 2221 @!@!@
@!@!@STARTMSG 2221:0 @!@!@
  ||||||||||||||line 122, col 12 to line 122, col 68 of module L1ClientCentricIsolation: 83810
@!@!@ENDMSG 2221 @!@!@
@!@!@STARTMSG 2221:0 @!@!@
  |||||||||||||||line 122, col 12 to line 122, col 49 of module L1ClientCentricIsolation: 83810
@!@!@ENDMSG 2221 @!@!@
@!@!@STARTMSG 2221:0 @!@!@
  ||||||||||||||||line 96, col 3 to line 99, col 30 of module L1SemanticIsolationAccount: 83810
@!@!@ENDMSG 2221 @!@!@
@!@!@STARTMSG 2221:0 @!@!@
  |||||||||||||||||line 96, col 6 to line 96, col 29 of module L1SemanticIsolationAccount: 83810
@!@!@ENDMSG 2221 @!@!@
@!@!@STARTMSG 2221:0 @!@!@
  |||||||||||||||||line 97, col 8 to line 97, col 27 of module L1SemanticIsolationAccount: 27522
@!@!@ENDMSG 2221 @!@!@
@!@!@STARTMSG 2221:0 @!@!@
  |||||||||||||||||line 99, col 8 to line 99, col 30 of module L1SemanticIsolationAccount: 56288
@!@!@ENDMSG 2221 @!@!@
@!@!@STARTMSG 2221:0 @!@!@
  ||||||||||||||||||line 83, col 3 to line 89, col 50 of module L1SemanticIsolationAccount: 56288
@!@!@ENDMSG 2221 @!@!@
@!@!@STARTMSG 2221:0 @!@!@
  |||||||||||||||||||line 83, col 6 to line 83, col 31 of module L1SemanticIsolationAccount: 56288
@!@!@ENDMSG 2221 @!@!@
@!@!@STARTMSG 2221:0 @!@!@
  |||||||||||||||||||line 84, col 8 to line 84, col 44 of module L1SemanticIsolationAccount: 28318
@!@!@ENDMSG 2221 @!@!@
@!@!@STARTMSG 2221:0 @!@!@
  |||||||||||||||||||line 85, col 8 to line 89, col 50 of module L1SemanticIsolationAccount: 27970
@!@!@ENDMSG 2221 @!@!@
@!@!@STARTMSG 2221:0 @!@!@
  ||||||||||||||||||line 99, col 12 to line 99, col 20 of module L1SemanticIsolationAccount: 56288
@!@!@ENDMSG 2221 @!@!@
@!@!@STARTMSG 2221:0 @!@!@
  ||||||||||||||||||line 99, col 23 to line 99, col 29 of module L1SemanticIsolationAccount: 27970
@!@!@ENDMSG 2221 @!@!@
@!@!@STARTMSG 2221:0 @!@!@
  ||||||||||||||||line 122, col 19 to line 122, col 30 of module L1ClientCentricIsolation: 83810
@!@!@ENDMSG 2221 @!@!@
@!@!@STARTMSG 2221:0 @!@!@
  ||||||||||||||||line 122, col 33 to line 122, col 48 of module L1ClientCentricIsolation: 55492
@!@!@ENDMSG 2221 @!@!@
@!@!@STARTMSG 2221:0 @!@!@
  |||||||||||||||line 122, col 53 to line 122, col 68 of module L1ClientCentricIsolation: 83810
@!@!@ENDMSG 2221 @!@!@
@!@!@STARTMSG 2221:0 @!@!@
  |||||||||||||line 118, col 14 to line 118, col 15 of module L1ClientCentricIsolation: 79175
@!@!@ENDMSG 2221 @!@!@
@!@!@STARTMSG 2221:0 @!@!@
  ||||||||||||line 140, col 22 to line 140, col 30 of module L1ClientCentricIsolation: 79175
@!@!@ENDMSG 2221 @!@!@
@!@!@STARTMSG 2221:0 @!@!@
  ||||||||||||line 140, col 33 to line 140, col 41 of module L1ClientCentricIsolation: 79175
@!@!@ENDMSG 2221 @!@!@
@!@!@STARTMSG 2221:0 @!@!@
  ||||||||||||line 140, col 44 to line 140, col 54 of module L1ClientCentricIsolation: 79175
@!@!@ENDMSG 2221 @!@!@
@!@!@STARTMSG 2221:0 @!@!@
  |||||||||||line 140, col 73 to line 140, col 103 of module L1ClientCentricIsolation: 57145
@!@!@ENDMSG 2221 @!@!@
@!@!@STARTMSG 2775:0 @!@!@
  ||||||||||||line 20, col 16 to line 20, col 38 of module Util: 57145:136320
@!@!@ENDMSG 2775 @!@!@
@!@!@STARTMSG 2221:0 @!@!@
  |||||||||||||line 20, col 17 to line 20, col 20 of module Util: 79175
@!@!@ENDMSG 2221 @!@!@
@!@!@STARTMSG 2221:0 @!@!@
  |||||||||||||line 20, col 30 to line 20, col 37 of module Util: 57145
@!@!@ENDMSG 2221 @!@!@
@!@!@STARTMSG 2221:0 @!@!@
  ||||||||||||line 140, col 82 to line 140, col 102 of module L1ClientCentricIsolation: 57145
@!@!@ENDMSG 2221 @!@!@
@!@!@STARTMSG 2221:0 @!@!@
  ||||||||||line 143, col 59 to line 143, col 69 of module L1ClientCentricIsolation: 57145
@!@!@ENDMSG 2221 @!@!@
@!@!@STARTMSG 2775:0 @!@!@
  |||||||||line 143, col 79 to line 143, col 111 of module L1ClientCentricIsolation: 57145:129074
@!@!@ENDMSG 2775 @!@!@
@!@!@STARTMSG 2221:0 @!@!@
  ||||||line 199, col 12 to line 199, col 20 of module L1ClientCentricIsolation: 57145
@!@!@ENDMSG 2221 @!@!@
@!@!@STARTMSG 2221:0 @!@!@
  ||||||line 199, col 23 to line 199, col 33 of module L1ClientCentricIsolation: 57145
@!@!@ENDMSG 2221 @!@!@
@!@!@STARTMSG 2221:0 @!@!@
  ||||||line 199, col 36 to line 199, col 70 of module L1ClientCentricIsolation: 57145
@!@!@ENDMSG 2221 @!@!@
@!@!@STARTMSG 2221:0 @!@!@
  |||||||line 74, col 14 to line 74, col 83 of module L1ClientCentricIsolation: 57145
@!@!@ENDMSG 2221 @!@!@
@!@!@STARTMSG 2221:0 @!@!@
  ||||||||line 74, col 46 to line 74, col 83 of module L1ClientCentricIsolation: 69127
@!@!@ENDMSG 2221 @!@!@
@!@!@STARTMSG 2221:0 @!@!@
  ||||||||line 74, col 27 to line 74, col 43 of module L1ClientCentricIsolation: 57145
@!@!@ENDMSG 2221 @!@!@
@!@!@STARTMSG 2221:0 @!@!@
  |||||||line 75, col 6 to line 75, col 31 of module L1ClientCentricIsolation: 57145
@!@!@ENDMSG 2221 @!@!@
@!@!@STARTMSG 2221:0 @!@!@
  |||||||line 199, col 48 to line 199, col 56 of module L1ClientCentricIsolation: 57145
@!@!@ENDMSG 2221 @!@!@
@!@!@STARTMSG 2221:0 @!@!@
  |||||||line 199, col 59 to line 199, col 69 of module L1ClientCentricIsolation: 57145
@!@!@ENDMSG 2221 @!@!@
@!@!@STARTMSG 2221:0 @!@!@
  ||||line 193, col 79 to line 193, col 90 of module L1ClientCentricIsolation: 49183
@!@!@ENDMSG 2221 @!@!@
@!@!@STARTMSG 2221:0 @!@!@
  |||line 193, col 20 to line 193, col 57 of module L1ClientCentricIsolation: 47438
@!@!@ENDMSG 2221 @!@!@
@!@!@STARTMSG 2221:0 @!@!@
  ||||line 172, col 23 to line 172, col 72 of module L1ClientCentricIsolation: 47438
@!@!@ENDMSG 2221 @!@!@
@!@!@STARTMSG 2221:0 @!@!@
  ||||line 171, col 20 to line 171, col 41 of module L1ClientCentricIsolation: 47438
@!@!@ENDMSG 2221 @!@!@
@!@!@STARTMSG 2775:0 @!@!@
  ||||line 173, col 6 to line 182, col 31 of module L1ClientCentricIsolation: 47438:96621
@!@!@ENDMSG 2775 @!@!@
@!@!@STARTMSG 2221:0 @!@!@
  |||||line 173, col 28 to line 179, col 51 of module L1ClientCentricIsolation: 58643
@!@!@ENDMSG 2221 @!@!@
@!@!@STARTMSG 2221:0 @!@!@
  |||||line 181, col 11 to line 181, col 32 of module L1ClientCentricIsolation: 58643
@!@!@ENDMSG 2221 @!@!@
@!@!@STARTMSG 2221:0 @!@!@
  |||||line 182, col 21 to line 182, col 29 of module L1ClientCentricIsolation: 47438
@!@!@ENDMSG 2221 @!@!@
@!@!@STARTMSG 2221:0 @!@!@
  ||||line 193, col 31 to line 193, col 42 of module L1ClientCentricIsolation: 47438
@!@!@ENDMSG 2221 @!@!@
@!@!@STARTMSG 2221:0 @!@!@
  ||||line 193, col 45 to line 193, col 56 of module L1ClientCentricIsolation: 47438
@!@!@ENDMSG 2221 @!@!@
@!@!@STARTMSG 2221:0 @!@!@
  ||line 200, col 70 to line 200, col 81 of module L1ClientCentricIsolation: 47438
@!@!@ENDMSG 2221 @!@!@
@!@!@STARTMSG 2221:0 @!@!@
  ||line 200, col 84 to line 200, col 95 of module L1ClientCentricIsolation: 47438
@!@!@ENDMSG 2221 @!@!@
@!@!@STARTMSG 2221:0 @!@!@
  ||line 199, col 3 to line 199, col 71 of module L1ClientCentricIsolation: 57145
@!@!@ENDMSG 2221 @!@!@
@!@!@STARTMSG 2221:0 @!@!@
  |||line 142, col 40 to line 142, col 163 of module L1ClientCentricIsolation: 57145
@!@!@ENDMSG 2221 @!@!@
@!@!@STARTMSG 2221:0 @!@!@
  ||||line 142, col 87 to line 142, col 161 of module L1ClientCentricIsolation: 63530
@!@!@ENDMSG 2221 @!@!@
@!@!@STARTMSG 2221:0 @!@!@
  |||||line 83, col 17 to line 83, col 42 of module L1ClientCentricIsolation: 63530
@!@!@ENDMSG 2221 @!@!@
@!@!@STARTMSG 2221:0 @!@!@
  |||||line 84, col 7 to line 84, col 52 of module L1ClientCentricIsolation: 63530
@!@!@ENDMSG 2221 @!@!@
@!@!@STARTMSG 2221:0 @!@!@
  ||||||line 84, col 7 to line 84, col 27 of module L1ClientCentricIsolation: 63530
@!@!@ENDMSG 2221 @!@!@
@!@!@STARTMSG 2221:0 @!@!@
  |||||||line 14, col 21 to line 14, col 59 of module Util: 63530
@!@!@ENDMSG 2221 @!@!@
@!@!@STARTMSG 2221:0 @!@!@
  ||||||||line 14, col 47 to line 14, col 59 of module Util: 69915
@!@!@ENDMSG 2221 @!@!@
@!@!@STARTMSG 2221:0 @!@!@
  ||||||||line 14, col 34 to line 14, col 44 of module Util: 63530
@!@!@ENDMSG 2221 @!@!@
@!@!@STARTMSG 2221:0 @!@!@
  |||||||line 84, col 13 to line 84, col 18 of module L1ClientCentricIsolation: 63530
@!@!@ENDMSG 2221 @!@!@
@!@!@STARTMSG 2221:0 @!@!@
  |||||||line 84, col 21 to line 84, col 26 of module L1ClientCentricIsolation: 63530
@!@!@ENDMSG 2221 @!@!@
@!@!@STARTMSG 2221:0 @!@!@
  ||||||line 84, col 32 to line 84, col 52 of module L1ClientCentricIsolation: 63530
@!@!@ENDMSG 2221 @!@!@
@!@!@STARTMSG 2221:0 @!@!@
  |||||||line 14, col 21 to line 14, col 59 of module Util: 63530
@!@!@ENDMSG 2221 @!@!@
@!@!@STARTMSG 2221:0 @!@!@
  ||||||||line 14, col 47 to line 14, col 59 of module Util: 69918
@!@!@ENDMSG 2221 @!@!@
@!@!@STARTMSG 2221:0 @!@!@
  ||||||||line 14, col 34 to line 14, col 44 of module Util: 63530
@!@!@ENDMSG 2221 @!@!@
@!@!@STARTMSG 2221:0 @!@!@
  |||||||line 84, col 38 to line 84, col 43 of module L1ClientCentricIsolation: 63530
@!@!@ENDMSG 2221 @!@!@
@!@!@STARTMSG 2221:0 @!@!@
  |||||||line 84, col 46 to line 84, col 51 of module L1ClientCentricIsolation: 63530
@!@!@ENDMSG 2221 @!@!@
@!@!@STARTMSG 2221:0 @!@!@
  |||||line 142, col 112 to line 142, col 120 of module L1ClientCentricIsolation: 63530
@!@!@ENDMSG 2221 @!@!@
@!@!@STARTMSG 2221:0 @!@!@
  |||||line 142, col 123 to line 142, col 123 of module L1ClientCentricIsolation: 63530
@!@!@ENDMSG 2221 @!@!@
@!@!@STARTMSG 2221:0 @!@!@
  |||||line 142, col 126 to line 142, col 160 of module L1ClientCentricIsolation: 63530
@!@!@ENDMSG 2221 @!@!@
@!@!@STARTMSG 2221:0 @!@!@
  ||||||line 74, col 14 to line 74, col 83 of module L1ClientCentricIsolation: 63530
@!@!@ENDMSG 2221 @!@!@
@!@!@STARTMSG 2221:0 @!@!@
  |||||||line 74, col 46 to line 74, col 83 of module L1ClientCentricIsolation: 78706
@!@!@ENDMSG 2221 @!@!@
@!@!@STARTMSG 2221:0 @!@!@
  |||||||line 74, col 27 to line 74, col 43 of module L1ClientCentricIsolation: 63530
@!@!@ENDMSG 2221 @!@!@
@!@!@STARTMSG 2221:0 @!@!@
  ||||||line 75, col 6 to line 75, col 31 of module L1ClientCentricIsolation: 63530
@!@!@ENDMSG 2221 @!@!@
@!@!@STARTMSG 2221:0 @!@!@
  ||||||line 142, col 138 to line 142, col 146 of module L1ClientCentricIsolation: 63530
@!@!@ENDMSG 2221 @!@!@
@!@!@STARTMSG 2221:0 @!@!@
  ||||||line 142, col 149 to line 142, col 159 of module L1ClientCentricIsolation: 63530
@!@!@ENDMSG 2221 @!@!@
@!@!@STARTMSG 2221:0 @!@!@
  ||||line 142, col 48 to line 142, col 83 of module L1ClientCentricIsolation: 57145
@!@!@ENDMSG 2221 @!@!@
@!@!@STARTMSG 2775:0 @!@!@
  |||||line 20, col 16 to line 20, col 38 of module Util: 57145:120675
@!@!@ENDMSG 2775 @!@!@
@!@!@STARTMSG 2221:0 @!@!@
  ||||||line 20, col 17 to line 20, col 20 of module Util: 82069
@!@!@ENDMSG 2221 @!@!@
@!@!@STARTMSG 2221:0 @!@!@
  ||||||line 20, col 30 to line 20, col 37 of module Util: 57145
@!@!@ENDMSG 2221 @!@!@
@!@!@STARTMSG 2221:0 @!@!@
  |||||line 142, col 57 to line 142, col 82 of module L1ClientCentricIsolation: 57145
@!@!@ENDMSG 2221 @!@!@
@!@!@STARTMSG 2221:0 @!@!@
  |||line 143, col 6 to line 143, col 113 of module L1ClientCentricIsolation: 57145
@!@!@ENDMSG 2221 @!@!@
@!@!@STARTMSG 2221:0 @!@!@
  ||||line 143, col 6 to line 143, col 10 of module L1ClientCentricIsolation: 57145
@!@!@ENDMSG 2221 @!@!@
@!@!@STARTMSG 2221:0 @!@!@
  ||||line 143, col 16 to line 143, col 113 of module L1ClientCentricIsolation: 57145
@!@!@ENDMSG 2221 @!@!@
@!@!@STARTMSG 2221:0 @!@!@
  |||||line 27, col 28 to line 27, col 76 of module Util: 57145
@!@!@ENDMSG 2221 @!@!@
@!@!@STARTMSG 2221:0 @!@!@
  |||||line 143, col 29 to line 143, col 111 of module L1ClientCentricIsolation: 57145
@!@!@ENDMSG 2221 @!@!@
@!@!@STARTMSG 2221:0 @!@!@
  ||||||line 143, col 29 to line 143, col 70 of module L1ClientCentricIsolation: 57145
@!@!@ENDMSG 2221 @!@!@
@!@!@STARTMSG 2221:0 @!@!@
  |||||||line 140, col 9 to line 140, col 105 of module L1ClientCentricIsolation: 57145
@!@!@ENDMSG 2221 @!@!@
@!@!@STARTMSG 2221:0 @!@!@
  ||||||||line 140, col 11 to line 140, col 55 of module L1ClientCentricIsolation: 79175
@!@!@ENDMSG 2221 @!@!@
@!@!@STARTMSG 2221:0 @!@!@
  |||||||||line 117, col 13 to line 117, col 47 of module L1ClientCentricIsolation: 79175
@!@!@ENDMSG 2221 @!@!@
@!@!@STARTMSG 2221:0 @!@!@
  ||||||||||line 74, col 14 to line 74, col 83 of module L1ClientCentricIsolation: 79175
@!@!@ENDMSG 2221 @!@!@
@!@!@STARTMSG 2221:0 @!@!@
  |||||||||||line 74, col 46 to line 74, col 83 of module L1ClientCentricIsolation: 98359
@!@!@ENDMSG 2221 @!@!@
@!@!@STARTMSG 2221:0 @!@!@
  |||||||||||line 74, col 27 to line 74, col 43 of module L1ClientCentricIsolation: 79175
@!@!@ENDMSG 2221 @!@!@
@!@!@STARTMSG 2221:0 @!@!@
  ||||||||||line 75, col 6 to line 75, col 31 of module L1ClientCentricIsolation: 79175
@!@!@ENDMSG 2221 @!@!@
@!@!@STARTMSG 2221:0 @!@!@
  ||||||||||line 117, col 25 to line 117, col 33 of module L1ClientCentricIsolation: 79175
@!@!@ENDMSG 2221 @!@!@
@!@!@STARTMSG 2221:0 @!@!@
  ||||||||||line 117, col 36 to line 117, col 46 of module L1ClientCentricIsolation: 79175
@!@!@ENDMSG 2221 @!@!@
@!@!@STARTMSG 2221:0 @!@!@
  |||||||||line 116, col 13 to line 116, col 48 of module L1ClientCentricIsolation: 79175
@!@!@ENDMSG 2221 @!@!@
@!@!@STARTMSG 2775:0 @!@!@
  ||||||||||line 20, col 16 to line 20, col 38 of module Util: 79175:167249
@!@!@ENDMSG 2775 @!@!@
@!@!@STARTMSG 2221:0 @!@!@
  |||||||||||line 20, col 17 to line 20, col 20 of module Util: 107768
@!@!@ENDMSG 2221 @!@!@
@!@!@STARTMSG 2221:0 @!@!@
  |||||||||||line 20, col 30 to line 20, col 37 of module Util: 79175
@!@!@ENDMSG 2221 @!@!@
@!@!@STARTMSG 2221:0 @!@!@
  ||||||||||line 116, col 22 to line 116, col 47 of module L1ClientCentricIsolation: 79175
@!@!@ENDMSG 2221 @!@!@
@!@!@STARTMSG 2221:0 @!@!@
  |||||||||line 118, col 6 to line 129, col 6 of module L1ClientCentricIsolation: 79175
@!@!@ENDMSG 2221 @!@!@
@!@!@STARTMSG 2221:0 @!@!@
  ||||||||||line 119, col 9 to line 122, col 68 of module L1ClientCentricIsolation: 88074
@!@!@ENDMSG 2221 @!@!@
@!@!@STARTMSG 2221:0 @!@!@
  |||||||||||line 119, col 12 to line 119, col 53 of module L1ClientCentricIsolation: 88074
@!@!@ENDMSG 2221 @!@!@
@!@!@STARTMSG 2221:0 @!@!@
  ||||||||||||line 83, col 17 to line 83, col 42 of module L1ClientCentricIsolation: 88074
@!@!@ENDMSG 2221 @!@!@
@!@!@STARTMSG 2221:0 @!@!@
  ||||||||||||line 84, col 7 to line 84, col 52 of module L1ClientCentricIsolation: 88074
@!@!@ENDMSG 2221 @!@!@
@!@!@STARTMSG 2221:0 @!@!@
  |||||||||||||line 84, col 7 to line 84, col 27 of module L1ClientCentricIsolation: 88074
@!@!@ENDMSG 2221 @!@!@
@!@!@STARTMSG 2221:0 @!@!@
  ||||||||||||||line 14, col 21 to line 14, col 59 of module Util: 88074
@!@!@ENDMSG 2221 @!@!@
@!@!@STARTMSG 2221:0 @!@!@
  |||||||||||||||line 14, col 47 to line 14, col 59 of module Util: 96973
@!@!@ENDMSG 2221 @!@!@
@!@!@STARTMSG 2221:0 @!@!@
  |||||||||||||||line 14, col 34 to line 14, col 44 of module Util: 88074
@!@!@ENDMSG 2221 @!@!@
@!@!@STARTMSG 2221:0 @!@!@
  ||||||||||||||line 84, col 13 to line 84, col 18 of module L1ClientCentricIsolation: 88074
@!@!@ENDMSG 2221 @!@!@
@!@!@STARTMSG 2221:0 @!@!@
  ||||||||||||||line 84, col 21 to line 84, col 26 of module L1ClientCentricIsolation: 88074
@!@!@ENDMSG 2221 @!@!@
@!@!@STARTMSG 2221:0 @!@!@
  |||||||||||||line 84, col 32 to line 84, col 52 of module L1ClientCentricIsolation: 88074
@!@!@ENDMSG 2221 @!@!@
@!@!@STARTMSG 2221:0 @!@!@
  ||||||||||||||line 14, col 21 to line 14, col 59 of module Util: 88074
@!@!@ENDMSG 2221 @!@!@
@!@!@STARTMSG 2221:0 @!@!@
  |||||||||||||||line 14, col 47 to line 14, col 59 of module Util: 97344
@!@!@ENDMSG 2221 @!@!@
@!@!@STARTMSG 2221:0 @!@!@
  |||||||||||||||line 14, col 34 to line 14, col 44 of module Util: 88074
@!@!@ENDMSG 2221 @!@!@
@!@!@STARTMSG 2221:0 @!@!@
  ||||||||||||||line 84, col 38 to line 84, col 43 of module L1ClientCentricIsolation: 88074
@!@!@ENDMSG 2221 @!@!@
@!@!@STARTMSG 2221:0 @!@!@
  ||||||||||||||line 84, col 46 to line 84, col 51 of module L1ClientCentricIsolation: 88074
@!@!@ENDMSG 2221 @!@!@
@!@!@STARTMSG 2221:0 @!@!@
  ||||||||||||line 119, col 37 to line 119, col 45 of module L1ClientCentricIsolation: 88074
@!@!@ENDMSG 2221 @!@!@
@!@!@STARTMSG 2221:0 @!@!@
  ||||||||||||line 119, col 48 to line 119, col 48 of module L1ClientCentricIsolation: 88074
@!@!@ENDMSG 2221 @!@!@
@!@!@STARTMSG 2221:0 @!@!@
  ||||||||||||line 119, col 51 to line 119, col 52 of module L1ClientCentricIsolation: 88074
@!@!@ENDMSG 2221 @!@!@
@!@!@STARTMSG 2221:0 @!@!@
  |||||||||||line 122, col 12 to line 122, col 68 of module L1ClientCentricIsolation: 83810
@!@!@ENDMSG 2221 @!@!@
@!@!@STARTMSG 2221:0 @!@!@
  ||||||||||||line 122, col 12 to line 122, col 49 of module L1ClientCentricIsolation: 83810
@!@!@ENDMSG 2221 @!@!@
@!@!@STARTMSG 2221:0 @!@!@
  |||||||||||||line 96, col 3 to line 99, col 30 of module L1SemanticIsolationAccount: 83810
@!@!@ENDMSG 2221 @!@!@
@!@!@STARTMSG 2221:0 @!@!@
  ||||||||||||||line 96, col 6 to line 96, col 29 of module L1SemanticIsolationAccount: 83810
@!@!@ENDMSG 2221 @!@!@
@!@!@STARTMSG 2221:0 @!@!@
  ||||||||||||||line 97, col 8 to line 97, col 27 of module L1SemanticIsolationAccount: 27522
@!@!@ENDMSG 2221 @!@!@
@!@!@STARTMSG 2221:0 @!@!@
  ||||||||||||||line 99, col 8 to line 99, col 30 of module L1SemanticIsolationAccount: 56288
@!@!@ENDMSG 2221 @!@!@
@!@!@STARTMSG 2221:0 @!@!@
  |||||||||||||||line 83, col 3 to line 89, col 50 of module L1SemanticIsolationAccount: 56288
@!@!@ENDMSG 2221 @!@!@
@!@!@STARTMSG 2221:0 @!@!@
  ||||||||||||||||line 83, col 6 to line 83, col 31 of module L1SemanticIsolationAccount: 56288
@!@!@ENDMSG 2221 @!@!@
@!@!@STARTMSG 2221:0 @!@!@
  ||||||||||||||||line 84, col 8 to line 84, col 44 of module L1SemanticIsolationAccount: 28318
@!@!@ENDMSG 2221 @!@!@
@!@!@STARTMSG 2221:0 @!@!@
  ||||||||||||||||line 85, col 8 to line 89, col 50 of module L1SemanticIsolationAccount: 27970
@!@!@ENDMSG 2221 @!@!@
@!@!@STARTMSG 2221:0 @!@!@
  |||||||||||||||line 99, col 12 to line 99, col 20 of module L1SemanticIsolationAccount: 56288
@!@!@ENDMSG 2221 @!@!@
@!@!@STARTMSG 2221:0 @!@!@
  |||||||||||||||line 99, col 23 to line 99, col 29 of module L1SemanticIsolationAccount: 27970
@!@!@ENDMSG 2221 @!@!@
@!@!@STARTMSG 2221:0 @!@!@
  |||||||||||||line 122, col 19 to line 122, col 30 of module L1ClientCentricIsolation: 83810
@!@!@ENDMSG 2221 @!@!@
@!@!@STARTMSG 2221:0 @!@!@
  |||||||||||||line 122, col 33 to line 122, col 48 of module L1ClientCentricIsolation: 55492
@!@!@ENDMSG 2221 @!@!@
@!@!@STARTMSG 2221:0 @!@!@
  ||||||||||||line 122, col 53 to line 122, col 68 of module L1ClientCentricIsolation: 83810
@!@!@ENDMSG 2221 @!@!@
@!@!@STARTMSG 2221:0 @!@!@
  ||||||||||line 118, col 14 to line 118, col 15 of module L1ClientCentricIsolation: 79175
@!@!@ENDMSG 2221 @!@!@
@!@!@STARTMSG 2221:0 @!@!@
  |||||||||line 140, col 22 to line 140, col 30 of module L1ClientCentricIsolation: 79175
@!@!@ENDMSG 2221 @!@!@
@!@!@STARTMSG 2221:0 @!@!@
  |||||||||line 140, col 33 to line 140, col 41 of module L1ClientCentricIsolation: 79175
@!@!@ENDMSG 2221 @!@!@
@!@!@STARTMSG 2221:0 @!@!@
  |||||||||line 140, col 44 to line 140, col 54 of module L1ClientCentricIsolation: 79175
@!@!@ENDMSG 2221 @!@!@
@!@!@STARTMSG 2221:0 @!@!@
  ||||||||line 140, col 73 to line 140, col 103 of module L1ClientCentricIsolation: 57145
@!@!@ENDMSG 2221 @!@!@
@!@!@STARTMSG 2775:0 @!@!@
  |||||||||line 20, col 16 to line 20, col 38 of module Util: 57145:136320
@!@!@ENDMSG 2775 @!@!@
@!@!@STARTMSG 2221:0 @!@!@
  ||||||||||line 20, col 17 to line 20, col 20 of module Util: 79175
@!@!@ENDMSG 2221 @!@!@
@!@!@STARTMSG 2221:0 @!@!@
  ||||||||||line 20, col 30 to line 20, col 37 of module Util: 57145
@!@!@ENDMSG 2221 @!@!@
@!@!@STARTMSG 2221:0 @!@!@
  |||||||||line 140, col 82 to line 140, col 102 of module L1ClientCentricIsolation: 57145
@!@!@ENDMSG 2221 @!@!@
@!@!@STARTMSG 2221:0 @!@!@
  |||||||line 143, col 59 to line 143, col 69 of module L1ClientCentricIsolation: 57145
@!@!@ENDMSG 2221 @!@!@
@!@!@STARTMSG 2775:0 @!@!@
  ||||||line 143, col 79 to line 143, col 111 of module L1ClientCentricIsolation: 57145:129074
@!@!@ENDMSG 2775 @!@!@
@!@!@STARTMSG 2221:0 @!@!@
  |||line 199, col 12 to line 199, col 20 of module L1ClientCentricIsolation: 57145
@!@!@ENDMSG 2221 @!@!@
@!@!@STARTMSG 2221:0 @!@!@
  |||line 199, col 23 to line 199, col 33 of module L1ClientCentricIsolation: 57145
@!@!@ENDMSG 2221 @!@!@
@!@!@STARTMSG 2221:0 @!@!@
  |||line 199, col 36 to line 199, col 70 of module L1ClientCentricIsolation: 57145
@!@!@ENDMSG 2221 @!@!@
@!@!@STARTMSG 2221:0 @!@!@
  ||||line 74, col 14 to line 74, col 83 of module L1ClientCentricIsolation: 57145
@!@!@ENDMSG 2221 @!@!@
@!@!@STARTMSG 2221:0 @!@!@
  |||||line 74, col 46 to line 74, col 83 of module L1ClientCentricIsolation: 69127
@!@!@ENDMSG 2221 @!@!@
@!@!@STARTMSG 2221:0 @!@!@
  |||||line 74, col 27 to line 74, col 43 of module L1ClientCentricIsolation: 57145
@!@!@ENDMSG 2221 @!@!@
@!@!@STARTMSG 2221:0 @!@!@
  ||||line 75, col 6 to line 75, col 31 of module L1ClientCentricIsolation: 57145
@!@!@ENDMSG 2221 @!@!@
@!@!@STARTMSG 2221:0 @!@!@
  ||||line 199, col 48 to line 199, col 56 of module L1ClientCentricIsolation: 57145
@!@!@ENDMSG 2221 @!@!@
@!@!@STARTMSG 2221:0 @!@!@
  ||||line 199, col 59 to line 199, col 69 of module L1ClientCentricIsolation: 57145
@!@!@ENDMSG 2221 @!@!@
@!@!@STARTMSG 2221:0 @!@!@
  |line 328, col 22 to line 328, col 33 of module AbstractLoCA: 47438
@!@!@ENDMSG 2221 @!@!@
@!@!@STARTMSG 2221:0 @!@!@
  |line 328, col 36 to line 328, col 49 of module AbstractLoCA: 47438
@!@!@ENDMSG 2221 @!@!@
@!@!@STARTMSG 2775:0 @!@!@
  ||line 323, col 19 to line 323, col 58 of module AbstractLoCA: 47438:450725
@!@!@ENDMSG 2775 @!@!@
@!@!@STARTMSG 2221:0 @!@!@
  |||line 323, col 21 to line 323, col 35 of module AbstractLoCA: 54741
@!@!@ENDMSG 2221 @!@!@
@!@!@STARTMSG 2221:0 @!@!@
  |||line 323, col 47 to line 323, col 56 of module AbstractLoCA: 47438
@!@!@ENDMSG 2221 @!@!@
@!@!@STARTMSG 2774:0 @!@!@
<Atomicity line 307, col 1 to line 307, col 9 of module AbstractLoCA>
@!@!@ENDMSG 2774 @!@!@
@!@!@STARTMSG 2221:0 @!@!@
  line 309, col 3 to line 313, col 34 of module AbstractLoCA: 47430
@!@!@ENDMSG 2221 @!@!@
@!@!@STARTMSG 2221:0 @!@!@
  |line 309, col 27 to line 313, col 34 of module AbstractLoCA: 94860
@!@!@ENDMSG 2221 @!@!@
@!@!@STARTMSG 2221:0 @!@!@
  ||line 309, col 27 to line 309, col 39 of module AbstractLoCA: 94860
@!@!@ENDMSG 2221 @!@!@
@!@!@STARTMSG 2221:0 @!@!@
  ||line 310, col 5 to line 313, col 34 of module AbstractLoCA: 81223
@!@!@ENDMSG 2221 @!@!@
@!@!@STARTMSG 2221:0 @!@!@
  |||line 312, col 9 to line 313, col 34 of module AbstractLoCA: 324892
@!@!@ENDMSG 2221 @!@!@
@!@!@STARTMSG 2221:0 @!@!@
  ||||line 312, col 11 to line 313, col 34 of module AbstractLoCA: 324892
@!@!@ENDMSG 2221 @!@!@
@!@!@STARTMSG 2221:0 @!@!@
  |||||line 312, col 14 to line 312, col 31 of module AbstractLoCA: 324892
@!@!@ENDMSG 2221 @!@!@
@!@!@STARTMSG 2221:0 @!@!@
  |||||line 313, col 14 to line 313, col 34 of module AbstractLoCA: 45374
@!@!@ENDMSG 2221 @!@!@
@!@!@STARTMSG 2221:0 @!@!@
  |||line 310, col 18 to line 310, col 26 of module AbstractLoCA: 81223
@!@!@ENDMSG 2221 @!@!@
@!@!@STARTMSG 2221:0 @!@!@
  |line 309, col 13 to line 309, col 24 of module AbstractLoCA: 47430
@!@!@ENDMSG 2221 @!@!@
@!@!@STARTMSG 2774:0 @!@!@
<ResourcesFinishAllTransactions line 317, col 1 to line 317, col 30 of module AbstractLoCA>
@!@!@ENDMSG 2774 @!@!@
@!@!@STARTMSG 2221:0 @!@!@
  line 317, col 35 to line 317, col 119 of module AbstractLoCA: 47430
@!@!@ENDMSG 2221 @!@!@
@!@!@STARTMSG 2221:0 @!@!@
  |line 317, col 55 to line 317, col 119 of module AbstractLoCA: 94860
@!@!@ENDMSG 2221 @!@!@
@!@!@STARTMSG 2221:0 @!@!@
  ||line 317, col 55 to line 317, col 68 of module AbstractLoCA: 94860
@!@!@ENDMSG 2221 @!@!@
@!@!@STARTMSG 2221:0 @!@!@
  ||line 317, col 74 to line 317, col 118 of module AbstractLoCA: 5662
@!@!@ENDMSG 2221 @!@!@
@!@!@STARTMSG 2221:0 @!@!@
  |line 317, col 44 to line 317, col 52 of module AbstractLoCA: 47430
@!@!@ENDMSG 2221 @!@!@
@!@!@STARTMSG 2202:0 @!@!@
End of statistics.
@!@!@ENDMSG 2202 @!@!@
@!@!@STARTMSG 2200:0 @!@!@
Progress(23) at 2021-06-29 16:38:52: 127,786 states generated (1,507,502 s/min), 47,438 distinct states found (559,630 ds/min), 3,462 states left on queue.
@!@!@ENDMSG 2200 @!@!@
@!@!@STARTMSG 2199:0 @!@!@
127786 states generated, 47438 distinct states found, 3462 states left on queue.
@!@!@ENDMSG 2199 @!@!@
@!@!@STARTMSG 2194:0 @!@!@
The depth of the complete state graph search is 23.
@!@!@ENDMSG 2194 @!@!@
@!@!@STARTMSG 2268:0 @!@!@
The average outdegree of the complete state graph is 1 (minimum is 0, the maximum 14 and the 95th percentile is 3).
@!@!@ENDMSG 2268 @!@!@
@!@!@STARTMSG 2186:0 @!@!@
Finished in 5092ms at (2021-06-29 16:38:52)
@!@!@ENDMSG 2186 @!@!@
