@!@!@STARTMSG 2262:0 @!@!@
TLC2 Version 2.15 of Day Month 20?? (rev: eb3ff99)
@!@!@ENDMSG 2262 @!@!@
@!@!@STARTMSG 2187:0 @!@!@
Running breadth-first search Model-Checking with fp 17 and seed -7304978275728126662 with 15 workers on 16 cores with 10923MB heap and 64MB offheap memory [pid: 45517] (Mac OS X 11.5 x86_64, AdoptOpenJDK 16.0.1 x86_64, MSBDiskFPSet, DiskStateQueue).
@!@!@ENDMSG 2187 @!@!@
@!@!@STARTMSG 2220:0 @!@!@
Starting SANY...
@!@!@ENDMSG 2220 @!@!@
Parsing file /Users/tim/workspace/cbc-artifacts/tla/AbstractLoCABug_MC.tla
Parsing file /Users/tim/workspace/cbc-artifacts/tla/AbstractLoCABug.tla
!! WARNING: Either the PlusCal or its TLA+ translation has changed in the specification for AbstractLoCABug since the last time translation was performed.
Parsing file /private/var/folders/vm/x_h649_962s15k1z6zs4ffw40000gq/T/TLC.tla
Parsing file /private/var/folders/vm/x_h649_962s15k1z6zs4ffw40000gq/T/Naturals.tla
Parsing file /private/var/folders/vm/x_h649_962s15k1z6zs4ffw40000gq/T/Sequences.tla
Parsing file /private/var/folders/vm/x_h649_962s15k1z6zs4ffw40000gq/T/FiniteSets.tla
Parsing file /Users/tim/workspace/cbc-artifacts/tla/Util.tla
Parsing file /Users/tim/workspace/cbc-artifacts/tla/L1ClientCentricIsolation.tla
Parsing file /Users/tim/workspace/cbc-artifacts/tla/L1SemanticIsolationAccount.tla
Parsing file /private/var/folders/vm/x_h649_962s15k1z6zs4ffw40000gq/T/Integers.tla
Semantic processing of module Naturals
Semantic processing of module Sequences
Semantic processing of module FiniteSets
Semantic processing of module TLC
Semantic processing of module Util
Semantic processing of module Integers
Semantic processing of module L1SemanticIsolationAccount
Semantic processing of module L1ClientCentricIsolation
Semantic processing of module AbstractLoCABug
Semantic processing of module AbstractLoCABug_MC
@!@!@STARTMSG 2219:0 @!@!@
SANY finished.
@!@!@ENDMSG 2219 @!@!@
@!@!@STARTMSG 2185:0 @!@!@
Starting... (2021-09-09 11:28:58)
@!@!@ENDMSG 2185 @!@!@
@!@!@STARTMSG 2189:0 @!@!@
Computing initial states...
@!@!@ENDMSG 2189 @!@!@
@!@!@STARTMSG 2190:0 @!@!@
Finished computing initial states: 1 distinct state generated at 2021-09-09 11:28:58.
@!@!@ENDMSG 2190 @!@!@
@!@!@STARTMSG 2200:0 @!@!@
Progress(10) at 2021-09-09 11:29:01: 97,206 states generated (97,206 s/min), 23,533 distinct states found (23,533 ds/min), 14,168 states left on queue.
@!@!@ENDMSG 2200 @!@!@
@!@!@STARTMSG 2110:1 @!@!@
Invariant Serializable is violated.
@!@!@ENDMSG 2110 @!@!@
@!@!@STARTMSG 2121:1 @!@!@
The behavior up to this point is:
@!@!@ENDMSG 2121 @!@!@
@!@!@STARTMSG 2217:4 @!@!@
1: <Initial predicate>
/\ delayed = (A :> <<>> @@ B :> <<>>)
/\ voted = (A :> {} @@ B :> {})
/\ inProgress = (A :> <<>> @@ B :> <<>>)
/\ msgs = {}
/\ operations = (t1 :> <<>> @@ t2 :> <<>>)
/\ tcommitted = {}
/\ rcommitted = (A :> {} @@ B :> {})
/\ queued = (A :> {} @@ B :> {})
/\ pc = (t1 :> "INIT" @@ t2 :> "INIT" @@ A :> "TR_INIT" @@ B :> "TR_INIT")
/\ state = (A :> 0 @@ B :> 0)
/\ aborted = (A :> {} @@ B :> {})

@!@!@ENDMSG 2217 @!@!@
@!@!@STARTMSG 2217:4 @!@!@
2: <INIT line 195, col 15 to line 199, col 76 of module AbstractLoCABug>
/\ delayed = (A :> <<>> @@ B :> <<>>)
/\ voted = (A :> {} @@ B :> {})
/\ inProgress = (A :> <<>> @@ B :> <<>>)
/\ msgs = {[id |-> t1, type |-> "VoteRequest"]}
/\ operations = (t1 :> <<>> @@ t2 :> <<>>)
/\ tcommitted = {}
/\ rcommitted = (A :> {} @@ B :> {})
/\ queued = (A :> {} @@ B :> {})
/\ pc = (t1 :> "WAIT" @@ t2 :> "INIT" @@ A :> "TR_INIT" @@ B :> "TR_INIT")
/\ state = (A :> 0 @@ B :> 0)
/\ aborted = (A :> {} @@ B :> {})

@!@!@ENDMSG 2217 @!@!@
@!@!@STARTMSG 2217:4 @!@!@
3: <INIT line 195, col 15 to line 199, col 76 of module AbstractLoCABug>
/\ delayed = (A :> <<>> @@ B :> <<>>)
/\ voted = (A :> {} @@ B :> {})
/\ inProgress = (A :> <<>> @@ B :> <<>>)
/\ msgs = {[id |-> t1, type |-> "VoteRequest"], [id |-> t2, type |-> "VoteRequest"]}
/\ operations = (t1 :> <<>> @@ t2 :> <<>>)
/\ tcommitted = {}
/\ rcommitted = (A :> {} @@ B :> {})
/\ queued = (A :> {} @@ B :> {})
/\ pc = (t1 :> "WAIT" @@ t2 :> "WAIT" @@ A :> "TR_INIT" @@ B :> "TR_INIT")
/\ state = (A :> 0 @@ B :> 0)
/\ aborted = (A :> {} @@ B :> {})

@!@!@ENDMSG 2217 @!@!@
@!@!@STARTMSG 2217:4 @!@!@
4: <TR_INIT line 218, col 18 to line 252, col 77 of module AbstractLoCABug>
/\ delayed = (A :> <<>> @@ B :> <<>>)
/\ voted = (A :> {t1} @@ B :> {})
/\ inProgress = (A :> <<[op |-> [tId |-> t1, type |-> "Query"], tId |-> t1]>> @@ B :> <<>>)
/\ msgs = { [id |-> t1, type |-> "VoteRequest"],
  [id |-> t2, type |-> "VoteRequest"],
  [id |-> t1, type |-> "VoteCommit", rm |-> A] }
/\ operations = (t1 :> <<>> @@ t2 :> <<>>)
/\ tcommitted = {}
/\ rcommitted = (A :> {} @@ B :> {})
/\ queued = (A :> {} @@ B :> {})
/\ pc = (t1 :> "WAIT" @@ t2 :> "WAIT" @@ A :> "TR_INIT" @@ B :> "TR_INIT")
/\ state = (A :> 0 @@ B :> 0)
/\ aborted = (A :> {} @@ B :> {})

@!@!@ENDMSG 2217 @!@!@
@!@!@STARTMSG 2217:4 @!@!@
5: <TR_INIT line 218, col 18 to line 252, col 77 of module AbstractLoCABug>
/\ delayed = (A :> <<>> @@ B :> <<>>)
/\ voted = (A :> {t1, t2} @@ B :> {})
/\ inProgress = ( A :>
      << [op |-> [tId |-> t1, type |-> "Query"], tId |-> t1],
         [ op |-> [tId |-> t2, type |-> "Deposit", amount |-> 1],
           tId |-> t2 ] >> @@
  B :> <<>> )
/\ msgs = { [id |-> t1, type |-> "VoteRequest"],
  [id |-> t2, type |-> "VoteRequest"],
  [id |-> t1, type |-> "VoteCommit", rm |-> A],
  [id |-> t2, type |-> "VoteCommit", rm |-> A] }
/\ operations = (t1 :> <<>> @@ t2 :> <<>>)
/\ tcommitted = {}
/\ rcommitted = (A :> {} @@ B :> {})
/\ queued = (A :> {} @@ B :> {})
/\ pc = (t1 :> "WAIT" @@ t2 :> "WAIT" @@ A :> "TR_INIT" @@ B :> "TR_INIT")
/\ state = (A :> 0 @@ B :> 0)
/\ aborted = (A :> {} @@ B :> {})

@!@!@ENDMSG 2217 @!@!@
@!@!@STARTMSG 2217:4 @!@!@
6: <TR_INIT line 218, col 18 to line 252, col 77 of module AbstractLoCABug>
/\ delayed = (A :> <<>> @@ B :> <<>>)
/\ voted = (A :> {t1, t2} @@ B :> {t2})
/\ inProgress = ( A :>
      << [op |-> [tId |-> t1, type |-> "Query"], tId |-> t1],
         [ op |-> [tId |-> t2, type |-> "Deposit", amount |-> 1],
           tId |-> t2 ] >> @@
  B :> <<[op |-> [tId |-> t2, type |-> "Query"], tId |-> t2]>> )
/\ msgs = { [id |-> t1, type |-> "VoteRequest"],
  [id |-> t2, type |-> "VoteRequest"],
  [id |-> t1, type |-> "VoteCommit", rm |-> A],
  [id |-> t2, type |-> "VoteCommit", rm |-> A],
  [id |-> t2, type |-> "VoteCommit", rm |-> B] }
/\ operations = (t1 :> <<>> @@ t2 :> <<>>)
/\ tcommitted = {}
/\ rcommitted = (A :> {} @@ B :> {})
/\ queued = (A :> {} @@ B :> {})
/\ pc = (t1 :> "WAIT" @@ t2 :> "WAIT" @@ A :> "TR_INIT" @@ B :> "TR_INIT")
/\ state = (A :> 0 @@ B :> 0)
/\ aborted = (A :> {} @@ B :> {})

@!@!@ENDMSG 2217 @!@!@
@!@!@STARTMSG 2217:4 @!@!@
7: <WAIT line 201, col 15 to line 214, col 59 of module AbstractLoCABug>
/\ delayed = (A :> <<>> @@ B :> <<>>)
/\ voted = (A :> {t1, t2} @@ B :> {t2})
/\ inProgress = ( A :>
      << [op |-> [tId |-> t1, type |-> "Query"], tId |-> t1],
         [ op |-> [tId |-> t2, type |-> "Deposit", amount |-> 1],
           tId |-> t2 ] >> @@
  B :> <<[op |-> [tId |-> t2, type |-> "Query"], tId |-> t2]>> )
/\ msgs = { [id |-> t1, type |-> "VoteRequest"],
  [id |-> t2, type |-> "VoteRequest"],
  [id |-> t2, type |-> "GlobalCommit"],
  [id |-> t1, type |-> "VoteCommit", rm |-> A],
  [id |-> t2, type |-> "VoteCommit", rm |-> A],
  [id |-> t2, type |-> "VoteCommit", rm |-> B] }
/\ operations = (t1 :> <<>> @@ t2 :> <<>>)
/\ tcommitted = {t2}
/\ rcommitted = (A :> {} @@ B :> {})
/\ queued = (A :> {} @@ B :> {})
/\ pc = (t1 :> "WAIT" @@ t2 :> "Done" @@ A :> "TR_INIT" @@ B :> "TR_INIT")
/\ state = (A :> 0 @@ B :> 0)
/\ aborted = (A :> {} @@ B :> {})

@!@!@ENDMSG 2217 @!@!@
@!@!@STARTMSG 2217:4 @!@!@
8: <TR_INIT line 218, col 18 to line 252, col 77 of module AbstractLoCABug>
/\ delayed = (A :> <<>> @@ B :> <<>>)
/\ voted = (A :> {t1, t2} @@ B :> {t2})
/\ inProgress = ( A :>
      << [op |-> [tId |-> t1, type |-> "Query"], tId |-> t1],
         [ op |-> [tId |-> t2, type |-> "Deposit", amount |-> 1],
           tId |-> t2 ] >> @@
  B :> <<[op |-> [tId |-> t2, type |-> "Query"], tId |-> t2]>> )
/\ msgs = { [id |-> t1, type |-> "VoteRequest"],
  [id |-> t2, type |-> "VoteRequest"],
  [id |-> t2, type |-> "GlobalCommit"],
  [id |-> t1, type |-> "VoteCommit", rm |-> A],
  [id |-> t2, type |-> "VoteCommit", rm |-> A],
  [id |-> t2, type |-> "VoteCommit", rm |-> B] }
/\ operations = (t1 :> <<>> @@ t2 :> <<>>)
/\ tcommitted = {t2}
/\ rcommitted = (A :> {} @@ B :> {})
/\ queued = (A :> {t2} @@ B :> {})
/\ pc = (t1 :> "WAIT" @@ t2 :> "Done" @@ A :> "PROCESS_QUEUED" @@ B :> "TR_INIT")
/\ state = (A :> 0 @@ B :> 0)
/\ aborted = (A :> {} @@ B :> {})

@!@!@ENDMSG 2217 @!@!@
@!@!@STARTMSG 2217:4 @!@!@
9: <TR_INIT line 218, col 18 to line 252, col 77 of module AbstractLoCABug>
/\ delayed = (A :> <<>> @@ B :> <<>>)
/\ voted = (A :> {t1, t2} @@ B :> {t1, t2})
/\ inProgress = ( A :>
      << [op |-> [tId |-> t1, type |-> "Query"], tId |-> t1],
         [ op |-> [tId |-> t2, type |-> "Deposit", amount |-> 1],
           tId |-> t2 ] >> @@
  B :>
      << [op |-> [tId |-> t2, type |-> "Query"], tId |-> t2],
         [ op |-> [tId |-> t1, type |-> "Deposit", amount |-> 1],
           tId |-> t1 ] >> )
/\ msgs = { [id |-> t1, type |-> "VoteRequest"],
  [id |-> t2, type |-> "VoteRequest"],
  [id |-> t2, type |-> "GlobalCommit"],
  [id |-> t1, type |-> "VoteCommit", rm |-> A],
  [id |-> t1, type |-> "VoteCommit", rm |-> B],
  [id |-> t2, type |-> "VoteCommit", rm |-> A],
  [id |-> t2, type |-> "VoteCommit", rm |-> B] }
/\ operations = (t1 :> <<>> @@ t2 :> <<>>)
/\ tcommitted = {t2}
/\ rcommitted = (A :> {} @@ B :> {})
/\ queued = (A :> {t2} @@ B :> {})
/\ pc = (t1 :> "WAIT" @@ t2 :> "Done" @@ A :> "PROCESS_QUEUED" @@ B :> "TR_INIT")
/\ state = (A :> 0 @@ B :> 0)
/\ aborted = (A :> {} @@ B :> {})

@!@!@ENDMSG 2217 @!@!@
@!@!@STARTMSG 2217:4 @!@!@
10: <PROCESS_QUEUED line 254, col 25 to line 268, col 50 of module AbstractLoCABug>
/\ delayed = (A :> <<>> @@ B :> <<>>)
/\ voted = (A :> {t1, t2} @@ B :> {t1, t2})
/\ inProgress = ( A :>
      << [op |-> [tId |-> t1, type |-> "Query"], tId |-> t1],
         [ op |-> [tId |-> t2, type |-> "Deposit", amount |-> 1],
           tId |-> t2 ] >> @@
  B :>
      << [op |-> [tId |-> t2, type |-> "Query"], tId |-> t2],
         [ op |-> [tId |-> t1, type |-> "Deposit", amount |-> 1],
           tId |-> t1 ] >> )
/\ msgs = { [id |-> t1, type |-> "VoteRequest"],
  [id |-> t2, type |-> "VoteRequest"],
  [id |-> t2, type |-> "GlobalCommit"],
  [id |-> t1, type |-> "VoteCommit", rm |-> A],
  [id |-> t1, type |-> "VoteCommit", rm |-> B],
  [id |-> t2, type |-> "VoteCommit", rm |-> A],
  [id |-> t2, type |-> "VoteCommit", rm |-> B] }
/\ operations = (t1 :> <<>> @@ t2 :> <<>>)
/\ tcommitted = {t2}
/\ rcommitted = (A :> {} @@ B :> {})
/\ queued = (A :> {t2} @@ B :> {})
/\ pc = (t1 :> "WAIT" @@ t2 :> "Done" @@ A :> "TR_INIT" @@ B :> "TR_INIT")
/\ state = (A :> 0 @@ B :> 0)
/\ aborted = (A :> {} @@ B :> {})

@!@!@ENDMSG 2217 @!@!@
@!@!@STARTMSG 2217:4 @!@!@
11: <TR_INIT line 218, col 18 to line 252, col 77 of module AbstractLoCABug>
/\ delayed = (A :> <<>> @@ B :> <<>>)
/\ voted = (A :> {t1, t2} @@ B :> {t1, t2})
/\ inProgress = ( A :>
      << [op |-> [tId |-> t1, type |-> "Query"], tId |-> t1],
         [ op |-> [tId |-> t2, type |-> "Deposit", amount |-> 1],
           tId |-> t2 ] >> @@
  B :>
      << [op |-> [tId |-> t2, type |-> "Query"], tId |-> t2],
         [ op |-> [tId |-> t1, type |-> "Deposit", amount |-> 1],
           tId |-> t1 ] >> )
/\ msgs = { [id |-> t1, type |-> "VoteRequest"],
  [id |-> t2, type |-> "VoteRequest"],
  [id |-> t2, type |-> "GlobalCommit"],
  [id |-> t1, type |-> "VoteCommit", rm |-> A],
  [id |-> t1, type |-> "VoteCommit", rm |-> B],
  [id |-> t2, type |-> "VoteCommit", rm |-> A],
  [id |-> t2, type |-> "VoteCommit", rm |-> B] }
/\ operations = (t1 :> <<>> @@ t2 :> <<>>)
/\ tcommitted = {t2}
/\ rcommitted = (A :> {} @@ B :> {})
/\ queued = (A :> {t2} @@ B :> {t2})
/\ pc = (t1 :> "WAIT" @@ t2 :> "Done" @@ A :> "TR_INIT" @@ B :> "PROCESS_QUEUED")
/\ state = (A :> 0 @@ B :> 0)
/\ aborted = (A :> {} @@ B :> {})

@!@!@ENDMSG 2217 @!@!@
@!@!@STARTMSG 2217:4 @!@!@
12: <WAIT line 201, col 15 to line 214, col 59 of module AbstractLoCABug>
/\ delayed = (A :> <<>> @@ B :> <<>>)
/\ voted = (A :> {t1, t2} @@ B :> {t1, t2})
/\ inProgress = ( A :>
      << [op |-> [tId |-> t1, type |-> "Query"], tId |-> t1],
         [ op |-> [tId |-> t2, type |-> "Deposit", amount |-> 1],
           tId |-> t2 ] >> @@
  B :>
      << [op |-> [tId |-> t2, type |-> "Query"], tId |-> t2],
         [ op |-> [tId |-> t1, type |-> "Deposit", amount |-> 1],
           tId |-> t1 ] >> )
/\ msgs = { [id |-> t1, type |-> "VoteRequest"],
  [id |-> t1, type |-> "GlobalCommit"],
  [id |-> t2, type |-> "VoteRequest"],
  [id |-> t2, type |-> "GlobalCommit"],
  [id |-> t1, type |-> "VoteCommit", rm |-> A],
  [id |-> t1, type |-> "VoteCommit", rm |-> B],
  [id |-> t2, type |-> "VoteCommit", rm |-> A],
  [id |-> t2, type |-> "VoteCommit", rm |-> B] }
/\ operations = (t1 :> <<>> @@ t2 :> <<>>)
/\ tcommitted = {t1, t2}
/\ rcommitted = (A :> {} @@ B :> {})
/\ queued = (A :> {t2} @@ B :> {t2})
/\ pc = (t1 :> "Done" @@ t2 :> "Done" @@ A :> "TR_INIT" @@ B :> "PROCESS_QUEUED")
/\ state = (A :> 0 @@ B :> 0)
/\ aborted = (A :> {} @@ B :> {})

@!@!@ENDMSG 2217 @!@!@
@!@!@STARTMSG 2217:4 @!@!@
13: <PROCESS_QUEUED line 254, col 25 to line 268, col 50 of module AbstractLoCABug>
/\ delayed = (A :> <<>> @@ B :> <<>>)
/\ voted = (A :> {t1, t2} @@ B :> {t1, t2})
/\ inProgress = ( A :>
      << [op |-> [tId |-> t1, type |-> "Query"], tId |-> t1],
         [ op |-> [tId |-> t2, type |-> "Deposit", amount |-> 1],
           tId |-> t2 ] >> @@
  B :> <<[op |-> [tId |-> t1, type |-> "Deposit", amount |-> 1], tId |-> t1]>> )
/\ msgs = { [id |-> t1, type |-> "VoteRequest"],
  [id |-> t1, type |-> "GlobalCommit"],
  [id |-> t2, type |-> "VoteRequest"],
  [id |-> t2, type |-> "GlobalCommit"],
  [id |-> t1, type |-> "VoteCommit", rm |-> A],
  [id |-> t1, type |-> "VoteCommit", rm |-> B],
  [id |-> t2, type |-> "VoteCommit", rm |-> A],
  [id |-> t2, type |-> "VoteCommit", rm |-> B] }
/\ operations = ( t1 :> <<>> @@
  t2 :> <<[op |-> [tId |-> t2, type |-> "Query"], key |-> B, retVal |-> 0]>> )
/\ tcommitted = {t1, t2}
/\ rcommitted = (A :> {} @@ B :> {t2})
/\ queued = (A :> {t2} @@ B :> {})
/\ pc = (t1 :> "Done" @@ t2 :> "Done" @@ A :> "TR_INIT" @@ B :> "PROCESS_DELAYED")
/\ state = (A :> 0 @@ B :> 0)
/\ aborted = (A :> {} @@ B :> {})

@!@!@ENDMSG 2217 @!@!@
@!@!@STARTMSG 2217:4 @!@!@
14: <PROCESS_DELAYED line 270, col 26 to line 284, col 69 of module AbstractLoCABug>
/\ delayed = (A :> <<>> @@ B :> <<>>)
/\ voted = (A :> {t1, t2} @@ B :> {t1, t2})
/\ inProgress = ( A :>
      << [op |-> [tId |-> t1, type |-> "Query"], tId |-> t1],
         [ op |-> [tId |-> t2, type |-> "Deposit", amount |-> 1],
           tId |-> t2 ] >> @@
  B :> <<[op |-> [tId |-> t1, type |-> "Deposit", amount |-> 1], tId |-> t1]>> )
/\ msgs = { [id |-> t1, type |-> "VoteRequest"],
  [id |-> t1, type |-> "GlobalCommit"],
  [id |-> t2, type |-> "VoteRequest"],
  [id |-> t2, type |-> "GlobalCommit"],
  [id |-> t1, type |-> "VoteCommit", rm |-> A],
  [id |-> t1, type |-> "VoteCommit", rm |-> B],
  [id |-> t2, type |-> "VoteCommit", rm |-> A],
  [id |-> t2, type |-> "VoteCommit", rm |-> B] }
/\ operations = ( t1 :> <<>> @@
  t2 :> <<[op |-> [tId |-> t2, type |-> "Query"], key |-> B, retVal |-> 0]>> )
/\ tcommitted = {t1, t2}
/\ rcommitted = (A :> {} @@ B :> {t2})
/\ queued = (A :> {t2} @@ B :> {})
/\ pc = (t1 :> "Done" @@ t2 :> "Done" @@ A :> "TR_INIT" @@ B :> "PROCESS_QUEUED")
/\ state = (A :> 0 @@ B :> 0)
/\ aborted = (A :> {} @@ B :> {})

@!@!@ENDMSG 2217 @!@!@
@!@!@STARTMSG 2217:4 @!@!@
15: <TR_INIT line 218, col 18 to line 252, col 77 of module AbstractLoCABug>
/\ delayed = (A :> <<>> @@ B :> <<>>)
/\ voted = (A :> {t1, t2} @@ B :> {t1, t2})
/\ inProgress = ( A :>
      << [op |-> [tId |-> t1, type |-> "Query"], tId |-> t1],
         [ op |-> [tId |-> t2, type |-> "Deposit", amount |-> 1],
           tId |-> t2 ] >> @@
  B :> <<[op |-> [tId |-> t1, type |-> "Deposit", amount |-> 1], tId |-> t1]>> )
/\ msgs = { [id |-> t1, type |-> "VoteRequest"],
  [id |-> t1, type |-> "GlobalCommit"],
  [id |-> t2, type |-> "VoteRequest"],
  [id |-> t2, type |-> "GlobalCommit"],
  [id |-> t1, type |-> "VoteCommit", rm |-> A],
  [id |-> t1, type |-> "VoteCommit", rm |-> B],
  [id |-> t2, type |-> "VoteCommit", rm |-> A],
  [id |-> t2, type |-> "VoteCommit", rm |-> B] }
/\ operations = ( t1 :> <<>> @@
  t2 :> <<[op |-> [tId |-> t2, type |-> "Query"], key |-> B, retVal |-> 0]>> )
/\ tcommitted = {t1, t2}
/\ rcommitted = (A :> {} @@ B :> {t2})
/\ queued = (A :> {t1, t2} @@ B :> {})
/\ pc = (t1 :> "Done" @@ t2 :> "Done" @@ A :> "PROCESS_QUEUED" @@ B :> "PROCESS_QUEUED")
/\ state = (A :> 0 @@ B :> 0)
/\ aborted = (A :> {} @@ B :> {})

@!@!@ENDMSG 2217 @!@!@
@!@!@STARTMSG 2217:4 @!@!@
16: <PROCESS_QUEUED line 254, col 25 to line 268, col 50 of module AbstractLoCABug>
/\ delayed = (A :> <<>> @@ B :> <<>>)
/\ voted = (A :> {t1, t2} @@ B :> {t1, t2})
/\ inProgress = ( A :>
      <<[op |-> [tId |-> t2, type |-> "Deposit", amount |-> 1], tId |-> t2]>> @@
  B :> <<[op |-> [tId |-> t1, type |-> "Deposit", amount |-> 1], tId |-> t1]>> )
/\ msgs = { [id |-> t1, type |-> "VoteRequest"],
  [id |-> t1, type |-> "GlobalCommit"],
  [id |-> t2, type |-> "VoteRequest"],
  [id |-> t2, type |-> "GlobalCommit"],
  [id |-> t1, type |-> "VoteCommit", rm |-> A],
  [id |-> t1, type |-> "VoteCommit", rm |-> B],
  [id |-> t2, type |-> "VoteCommit", rm |-> A],
  [id |-> t2, type |-> "VoteCommit", rm |-> B] }
/\ operations = ( t1 :> <<[op |-> [tId |-> t1, type |-> "Query"], key |-> A, retVal |-> 0]>> @@
  t2 :> <<[op |-> [tId |-> t2, type |-> "Query"], key |-> B, retVal |-> 0]>> )
/\ tcommitted = {t1, t2}
/\ rcommitted = (A :> {t1} @@ B :> {t2})
/\ queued = (A :> {t2} @@ B :> {})
/\ pc = ( t1 :> "Done" @@
  t2 :> "Done" @@
  A :> "PROCESS_DELAYED" @@
  B :> "PROCESS_QUEUED" )
/\ state = (A :> 0 @@ B :> 0)
/\ aborted = (A :> {} @@ B :> {})

@!@!@ENDMSG 2217 @!@!@
@!@!@STARTMSG 2217:4 @!@!@
17: <PROCESS_QUEUED line 254, col 25 to line 268, col 50 of module AbstractLoCABug>
/\ delayed = (A :> <<>> @@ B :> <<>>)
/\ voted = (A :> {t1, t2} @@ B :> {t1, t2})
/\ inProgress = ( A :>
      <<[op |-> [tId |-> t2, type |-> "Deposit", amount |-> 1], tId |-> t2]>> @@
  B :> <<[op |-> [tId |-> t1, type |-> "Deposit", amount |-> 1], tId |-> t1]>> )
/\ msgs = { [id |-> t1, type |-> "VoteRequest"],
  [id |-> t1, type |-> "GlobalCommit"],
  [id |-> t2, type |-> "VoteRequest"],
  [id |-> t2, type |-> "GlobalCommit"],
  [id |-> t1, type |-> "VoteCommit", rm |-> A],
  [id |-> t1, type |-> "VoteCommit", rm |-> B],
  [id |-> t2, type |-> "VoteCommit", rm |-> A],
  [id |-> t2, type |-> "VoteCommit", rm |-> B] }
/\ operations = ( t1 :> <<[op |-> [tId |-> t1, type |-> "Query"], key |-> A, retVal |-> 0]>> @@
  t2 :> <<[op |-> [tId |-> t2, type |-> "Query"], key |-> B, retVal |-> 0]>> )
/\ tcommitted = {t1, t2}
/\ rcommitted = (A :> {t1} @@ B :> {t2})
/\ queued = (A :> {t2} @@ B :> {})
/\ pc = (t1 :> "Done" @@ t2 :> "Done" @@ A :> "PROCESS_DELAYED" @@ B :> "TR_INIT")
/\ state = (A :> 0 @@ B :> 0)
/\ aborted = (A :> {} @@ B :> {})

@!@!@ENDMSG 2217 @!@!@
@!@!@STARTMSG 2217:4 @!@!@
18: <PROCESS_DELAYED line 270, col 26 to line 284, col 69 of module AbstractLoCABug>
/\ delayed = (A :> <<>> @@ B :> <<>>)
/\ voted = (A :> {t1, t2} @@ B :> {t1, t2})
/\ inProgress = ( A :>
      <<[op |-> [tId |-> t2, type |-> "Deposit", amount |-> 1], tId |-> t2]>> @@
  B :> <<[op |-> [tId |-> t1, type |-> "Deposit", amount |-> 1], tId |-> t1]>> )
/\ msgs = { [id |-> t1, type |-> "VoteRequest"],
  [id |-> t1, type |-> "GlobalCommit"],
  [id |-> t2, type |-> "VoteRequest"],
  [id |-> t2, type |-> "GlobalCommit"],
  [id |-> t1, type |-> "VoteCommit", rm |-> A],
  [id |-> t1, type |-> "VoteCommit", rm |-> B],
  [id |-> t2, type |-> "VoteCommit", rm |-> A],
  [id |-> t2, type |-> "VoteCommit", rm |-> B] }
/\ operations = ( t1 :> <<[op |-> [tId |-> t1, type |-> "Query"], key |-> A, retVal |-> 0]>> @@
  t2 :> <<[op |-> [tId |-> t2, type |-> "Query"], key |-> B, retVal |-> 0]>> )
/\ tcommitted = {t1, t2}
/\ rcommitted = (A :> {t1} @@ B :> {t2})
/\ queued = (A :> {t2} @@ B :> {})
/\ pc = (t1 :> "Done" @@ t2 :> "Done" @@ A :> "PROCESS_QUEUED" @@ B :> "TR_INIT")
/\ state = (A :> 0 @@ B :> 0)
/\ aborted = (A :> {} @@ B :> {})

@!@!@ENDMSG 2217 @!@!@
@!@!@STARTMSG 2217:4 @!@!@
19: <TR_INIT line 218, col 18 to line 252, col 77 of module AbstractLoCABug>
/\ delayed = (A :> <<>> @@ B :> <<>>)
/\ voted = (A :> {t1, t2} @@ B :> {t1, t2})
/\ inProgress = ( A :>
      <<[op |-> [tId |-> t2, type |-> "Deposit", amount |-> 1], tId |-> t2]>> @@
  B :> <<[op |-> [tId |-> t1, type |-> "Deposit", amount |-> 1], tId |-> t1]>> )
/\ msgs = { [id |-> t1, type |-> "VoteRequest"],
  [id |-> t1, type |-> "GlobalCommit"],
  [id |-> t2, type |-> "VoteRequest"],
  [id |-> t2, type |-> "GlobalCommit"],
  [id |-> t1, type |-> "VoteCommit", rm |-> A],
  [id |-> t1, type |-> "VoteCommit", rm |-> B],
  [id |-> t2, type |-> "VoteCommit", rm |-> A],
  [id |-> t2, type |-> "VoteCommit", rm |-> B] }
/\ operations = ( t1 :> <<[op |-> [tId |-> t1, type |-> "Query"], key |-> A, retVal |-> 0]>> @@
  t2 :> <<[op |-> [tId |-> t2, type |-> "Query"], key |-> B, retVal |-> 0]>> )
/\ tcommitted = {t1, t2}
/\ rcommitted = (A :> {t1} @@ B :> {t2})
/\ queued = (A :> {t2} @@ B :> {t1})
/\ pc = (t1 :> "Done" @@ t2 :> "Done" @@ A :> "PROCESS_QUEUED" @@ B :> "PROCESS_QUEUED")
/\ state = (A :> 0 @@ B :> 0)
/\ aborted = (A :> {} @@ B :> {})

@!@!@ENDMSG 2217 @!@!@
@!@!@STARTMSG 2217:4 @!@!@
20: <PROCESS_QUEUED line 254, col 25 to line 268, col 50 of module AbstractLoCABug>
/\ delayed = (A :> <<>> @@ B :> <<>>)
/\ voted = (A :> {t1, t2} @@ B :> {t1, t2})
/\ inProgress = ( A :> <<>> @@
  B :> <<[op |-> [tId |-> t1, type |-> "Deposit", amount |-> 1], tId |-> t1]>> )
/\ msgs = { [id |-> t1, type |-> "VoteRequest"],
  [id |-> t1, type |-> "GlobalCommit"],
  [id |-> t2, type |-> "VoteRequest"],
  [id |-> t2, type |-> "GlobalCommit"],
  [id |-> t1, type |-> "VoteCommit", rm |-> A],
  [id |-> t1, type |-> "VoteCommit", rm |-> B],
  [id |-> t2, type |-> "VoteCommit", rm |-> A],
  [id |-> t2, type |-> "VoteCommit", rm |-> B] }
/\ operations = ( t1 :> <<[op |-> [tId |-> t1, type |-> "Query"], key |-> A, retVal |-> 0]>> @@
  t2 :>
      << [op |-> [tId |-> t2, type |-> "Query"], key |-> B, retVal |-> 0],
         [ op |-> [tId |-> t2, type |-> "Deposit", amount |-> 1],
           key |-> A,
           retVal |-> TRUE ] >> )
/\ tcommitted = {t1, t2}
/\ rcommitted = (A :> {t1, t2} @@ B :> {t2})
/\ queued = (A :> {} @@ B :> {t1})
/\ pc = ( t1 :> "Done" @@
  t2 :> "Done" @@
  A :> "PROCESS_DELAYED" @@
  B :> "PROCESS_QUEUED" )
/\ state = (A :> 1 @@ B :> 0)
/\ aborted = (A :> {} @@ B :> {})

@!@!@ENDMSG 2217 @!@!@
@!@!@STARTMSG 2217:4 @!@!@
21: <PROCESS_QUEUED line 254, col 25 to line 268, col 50 of module AbstractLoCABug>
/\ delayed = (A :> <<>> @@ B :> <<>>)
/\ voted = (A :> {t1, t2} @@ B :> {t1, t2})
/\ inProgress = (A :> <<>> @@ B :> <<>>)
/\ msgs = { [id |-> t1, type |-> "VoteRequest"],
  [id |-> t1, type |-> "GlobalCommit"],
  [id |-> t2, type |-> "VoteRequest"],
  [id |-> t2, type |-> "GlobalCommit"],
  [id |-> t1, type |-> "VoteCommit", rm |-> A],
  [id |-> t1, type |-> "VoteCommit", rm |-> B],
  [id |-> t2, type |-> "VoteCommit", rm |-> A],
  [id |-> t2, type |-> "VoteCommit", rm |-> B] }
/\ operations = ( t1 :>
      << [op |-> [tId |-> t1, type |-> "Query"], key |-> A, retVal |-> 0],
         [ op |-> [tId |-> t1, type |-> "Deposit", amount |-> 1],
           key |-> B,
           retVal |-> TRUE ] >> @@
  t2 :>
      << [op |-> [tId |-> t2, type |-> "Query"], key |-> B, retVal |-> 0],
         [ op |-> [tId |-> t2, type |-> "Deposit", amount |-> 1],
           key |-> A,
           retVal |-> TRUE ] >> )
/\ tcommitted = {t1, t2}
/\ rcommitted = (A :> {t1, t2} @@ B :> {t1, t2})
/\ queued = (A :> {} @@ B :> {})
/\ pc = ( t1 :> "Done" @@
  t2 :> "Done" @@
  A :> "PROCESS_DELAYED" @@
  B :> "PROCESS_DELAYED" )
/\ state = (A :> 1 @@ B :> 1)
/\ aborted = (A :> {} @@ B :> {})

@!@!@ENDMSG 2217 @!@!@
@!@!@STARTMSG 2201:0 @!@!@
The coverage statistics at 2021-09-09 11:29:19
@!@!@ENDMSG 2201 @!@!@
@!@!@STARTMSG 2773:0 @!@!@
<Init line 180, col 1 to line 180, col 4 of module AbstractLoCABug>: 2:2
@!@!@ENDMSG 2773 @!@!@
@!@!@STARTMSG 2221:0 @!@!@
  line 181, col 9 to line 193, col 75 of module AbstractLoCABug: 2
@!@!@ENDMSG 2221 @!@!@
@!@!@STARTMSG 2772:0 @!@!@
<INIT line 195, col 1 to line 195, col 10 of module AbstractLoCABug>: 5:760
@!@!@ENDMSG 2772 @!@!@
@!@!@STARTMSG 2221:0 @!@!@
  line 195, col 18 to line 195, col 34 of module AbstractLoCABug: 510824
@!@!@ENDMSG 2221 @!@!@
@!@!@STARTMSG 2221:0 @!@!@
  |line 195, col 18 to line 195, col 25 of module AbstractLoCABug: 510064
@!@!@ENDMSG 2221 @!@!@
@!@!@STARTMSG 2221:0 @!@!@
  line 196, col 18 to line 196, col 80 of module AbstractLoCABug: 760
@!@!@ENDMSG 2221 @!@!@
@!@!@STARTMSG 2221:0 @!@!@
  line 197, col 18 to line 197, col 51 of module AbstractLoCABug: 760
@!@!@ENDMSG 2221 @!@!@
@!@!@STARTMSG 2221:0 @!@!@
  line 198, col 18 to line 199, col 76 of module AbstractLoCABug: 760
@!@!@ENDMSG 2221 @!@!@
@!@!@STARTMSG 2772:0 @!@!@
<WAIT line 201, col 1 to line 201, col 10 of module AbstractLoCABug>: 5432:127119
@!@!@ENDMSG 2772 @!@!@
@!@!@STARTMSG 2221:0 @!@!@
  line 201, col 18 to line 201, col 34 of module AbstractLoCABug: 599285
@!@!@ENDMSG 2221 @!@!@
@!@!@STARTMSG 2221:0 @!@!@
  |line 201, col 18 to line 201, col 25 of module AbstractLoCABug: 510062
@!@!@ENDMSG 2221 @!@!@
@!@!@STARTMSG 2221:0 @!@!@
  line 202, col 45 to line 202, col 100 of module AbstractLoCABug: 171921
@!@!@ENDMSG 2221 @!@!@
@!@!@STARTMSG 2221:0 @!@!@
  |line 202, col 45 to line 202, col 91 of module AbstractLoCABug: 131981
@!@!@ENDMSG 2221 @!@!@
@!@!@STARTMSG 2221:0 @!@!@
  |line 202, col 97 to line 202, col 100 of module AbstractLoCABug: 131981
@!@!@ENDMSG 2221 @!@!@
@!@!@STARTMSG 2221:0 @!@!@
  line 202, col 34 to line 202, col 42 of module AbstractLoCABug: 89223
@!@!@ENDMSG 2221 @!@!@
@!@!@STARTMSG 2221:0 @!@!@
  line 203, col 24 to line 203, col 87 of module AbstractLoCABug: 19970
@!@!@ENDMSG 2221 @!@!@
@!@!@STARTMSG 2221:0 @!@!@
  line 204, col 24 to line 204, col 63 of module AbstractLoCABug: 19970
@!@!@ENDMSG 2221 @!@!@
@!@!@STARTMSG 2221:0 @!@!@
  line 205, col 24 to line 205, col 57 of module AbstractLoCABug: 19970
@!@!@ENDMSG 2221 @!@!@
@!@!@STARTMSG 2221:0 @!@!@
  line 206, col 45 to line 206, col 99 of module AbstractLoCABug: 196372
@!@!@ENDMSG 2221 @!@!@
@!@!@STARTMSG 2221:0 @!@!@
  |line 206, col 45 to line 206, col 90 of module AbstractLoCABug: 178446
@!@!@ENDMSG 2221 @!@!@
@!@!@STARTMSG 2221:0 @!@!@
  |line 206, col 96 to line 206, col 99 of module AbstractLoCABug: 178446
@!@!@ENDMSG 2221 @!@!@
@!@!@STARTMSG 2221:0 @!@!@
  line 206, col 34 to line 206, col 42 of module AbstractLoCABug: 89223
@!@!@ENDMSG 2221 @!@!@
@!@!@STARTMSG 2221:0 @!@!@
  line 207, col 24 to line 207, col 86 of module AbstractLoCABug: 17926
@!@!@ENDMSG 2221 @!@!@
@!@!@STARTMSG 2221:0 @!@!@
  line 208, col 24 to line 208, col 57 of module AbstractLoCABug: 17926
@!@!@ENDMSG 2221 @!@!@
@!@!@STARTMSG 2221:0 @!@!@
  line 209, col 24 to line 209, col 43 of module AbstractLoCABug: 17926
@!@!@ENDMSG 2221 @!@!@
@!@!@STARTMSG 2221:0 @!@!@
  line 210, col 24 to line 210, col 86 of module AbstractLoCABug: 89223
@!@!@ENDMSG 2221 @!@!@
@!@!@STARTMSG 2221:0 @!@!@
  line 211, col 24 to line 211, col 57 of module AbstractLoCABug: 89223
@!@!@ENDMSG 2221 @!@!@
@!@!@STARTMSG 2221:0 @!@!@
  line 212, col 24 to line 212, col 43 of module AbstractLoCABug: 89223
@!@!@ENDMSG 2221 @!@!@
@!@!@STARTMSG 2221:0 @!@!@
  line 213, col 18 to line 214, col 59 of module AbstractLoCABug: 127119
@!@!@ENDMSG 2221 @!@!@
@!@!@STARTMSG 2772:0 @!@!@
<TR_INIT line 218, col 1 to line 218, col 13 of module AbstractLoCABug>: 142713:492436
@!@!@ENDMSG 2772 @!@!@
@!@!@STARTMSG 2221:0 @!@!@
  line 218, col 21 to line 218, col 40 of module AbstractLoCABug: 711068
@!@!@ENDMSG 2221 @!@!@
@!@!@STARTMSG 2221:0 @!@!@
  |line 218, col 21 to line 218, col 28 of module AbstractLoCABug: 510048
@!@!@ENDMSG 2221 @!@!@
@!@!@STARTMSG 2221:0 @!@!@
  line 219, col 24 to line 219, col 94 of module AbstractLoCABug: 231168
@!@!@ENDMSG 2221 @!@!@
@!@!@STARTMSG 2221:0 @!@!@
  |line 219, col 26 to line 219, col 93 of module AbstractLoCABug: 231168
@!@!@ENDMSG 2221 @!@!@
@!@!@STARTMSG 2221:0 @!@!@
  ||line 219, col 49 to line 219, col 93 of module AbstractLoCABug: 319395
@!@!@ENDMSG 2221 @!@!@
@!@!@STARTMSG 2221:0 @!@!@
  |||line 219, col 49 to line 219, col 70 of module AbstractLoCABug: 319395
@!@!@ENDMSG 2221 @!@!@
@!@!@STARTMSG 2221:0 @!@!@
  |||line 219, col 75 to line 219, col 93 of module AbstractLoCABug: 245958
@!@!@ENDMSG 2221 @!@!@
@!@!@STARTMSG 2221:0 @!@!@
  ||line 219, col 35 to line 219, col 46 of module AbstractLoCABug: 231168
@!@!@ENDMSG 2221 @!@!@
@!@!@STARTMSG 2221:0 @!@!@
  line 221, col 40 to line 221, col 84 of module AbstractLoCABug: 444436
@!@!@ENDMSG 2221 @!@!@
@!@!@STARTMSG 2221:0 @!@!@
  |line 221, col 40 to line 221, col 75 of module AbstractLoCABug: 425068
@!@!@ENDMSG 2221 @!@!@
@!@!@STARTMSG 2221:0 @!@!@
  |line 221, col 81 to line 221, col 84 of module AbstractLoCABug: 425068
@!@!@ENDMSG 2221 @!@!@
@!@!@STARTMSG 2221:0 @!@!@
  line 221, col 89 to line 221, col 110 of module AbstractLoCABug: 443642
@!@!@ENDMSG 2221 @!@!@
@!@!@STARTMSG 2221:0 @!@!@
  |line 221, col 89 to line 221, col 91 of module AbstractLoCABug: 424274
@!@!@ENDMSG 2221 @!@!@
@!@!@STARTMSG 2221:0 @!@!@
  |line 221, col 100 to line 221, col 110 of module AbstractLoCABug: 424274
@!@!@ENDMSG 2221 @!@!@
@!@!@STARTMSG 2221:0 @!@!@
  line 224, col 48 to line 224, col 143 of module AbstractLoCABug: 77472
@!@!@ENDMSG 2221 @!@!@
@!@!@STARTMSG 2221:0 @!@!@
  line 225, col 48 to line 225, col 121 of module AbstractLoCABug: 77472
@!@!@ENDMSG 2221 @!@!@
@!@!@STARTMSG 2221:0 @!@!@
  line 226, col 48 to line 226, col 105 of module AbstractLoCABug: 77472
@!@!@ENDMSG 2221 @!@!@
@!@!@STARTMSG 2221:0 @!@!@
  line 227, col 48 to line 227, col 77 of module AbstractLoCABug: 77472
@!@!@ENDMSG 2221 @!@!@
@!@!@STARTMSG 2221:0 @!@!@
  line 228, col 48 to line 228, col 120 of module AbstractLoCABug: 77472
@!@!@ENDMSG 2221 @!@!@
@!@!@STARTMSG 2221:0 @!@!@
  line 229, col 48 to line 229, col 105 of module AbstractLoCABug: 77472
@!@!@ENDMSG 2221 @!@!@
@!@!@STARTMSG 2221:0 @!@!@
  line 230, col 48 to line 230, col 111 of module AbstractLoCABug: 77472
@!@!@ENDMSG 2221 @!@!@
@!@!@STARTMSG 2221:0 @!@!@
  line 231, col 48 to line 231, col 80 of module AbstractLoCABug: 77472
@!@!@ENDMSG 2221 @!@!@
@!@!@STARTMSG 2221:0 @!@!@
  line 232, col 48 to line 232, col 134 of module AbstractLoCABug: 77472
@!@!@ENDMSG 2221 @!@!@
@!@!@STARTMSG 2221:0 @!@!@
  line 233, col 48 to line 233, col 105 of module AbstractLoCABug: 77472
@!@!@ENDMSG 2221 @!@!@
@!@!@STARTMSG 2221:0 @!@!@
  line 234, col 48 to line 234, col 86 of module AbstractLoCABug: 77472
@!@!@ENDMSG 2221 @!@!@
@!@!@STARTMSG 2775:0 @!@!@
  line 222, col 58 to line 223, col 71 of module AbstractLoCABug: 19368:96840
@!@!@ENDMSG 2775 @!@!@
@!@!@STARTMSG 2221:0 @!@!@
  |line 222, col 60 to line 222, col 78 of module AbstractLoCABug: 77472
@!@!@ENDMSG 2221 @!@!@
@!@!@STARTMSG 2221:0 @!@!@
  |line 223, col 60 to line 223, col 69 of module AbstractLoCABug: 19368
@!@!@ENDMSG 2221 @!@!@
@!@!@STARTMSG 2221:0 @!@!@
  line 235, col 40 to line 235, col 76 of module AbstractLoCABug: 232416
@!@!@ENDMSG 2221 @!@!@
@!@!@STARTMSG 2221:0 @!@!@
  line 236, col 40 to line 236, col 55 of module AbstractLoCABug: 232416
@!@!@ENDMSG 2221 @!@!@
@!@!@STARTMSG 2221:0 @!@!@
  line 237, col 43 to line 237, col 88 of module AbstractLoCABug: 558350
@!@!@ENDMSG 2221 @!@!@
@!@!@STARTMSG 2221:0 @!@!@
  |line 237, col 43 to line 237, col 79 of module AbstractLoCABug: 425068
@!@!@ENDMSG 2221 @!@!@
@!@!@STARTMSG 2221:0 @!@!@
  |line 237, col 85 to line 237, col 88 of module AbstractLoCABug: 425068
@!@!@ENDMSG 2221 @!@!@
@!@!@STARTMSG 2221:0 @!@!@
  line 238, col 43 to line 238, col 61 of module AbstractLoCABug: 323210
@!@!@ENDMSG 2221 @!@!@
@!@!@STARTMSG 2221:0 @!@!@
  |line 238, col 43 to line 238, col 45 of module AbstractLoCABug: 189928
@!@!@ENDMSG 2221 @!@!@
@!@!@STARTMSG 2221:0 @!@!@
  |line 238, col 51 to line 238, col 61 of module AbstractLoCABug: 189928
@!@!@ENDMSG 2221 @!@!@
@!@!@STARTMSG 2221:0 @!@!@
  line 238, col 66 to line 238, col 88 of module AbstractLoCABug: 323210
@!@!@ENDMSG 2221 @!@!@
@!@!@STARTMSG 2221:0 @!@!@
  |line 238, col 66 to line 238, col 68 of module AbstractLoCABug: 189928
@!@!@ENDMSG 2221 @!@!@
@!@!@STARTMSG 2221:0 @!@!@
  |line 238, col 77 to line 238, col 88 of module AbstractLoCABug: 189928
@!@!@ENDMSG 2221 @!@!@
@!@!@STARTMSG 2221:0 @!@!@
  line 239, col 40 to line 239, col 100 of module AbstractLoCABug: 133282
@!@!@ENDMSG 2221 @!@!@
@!@!@STARTMSG 2221:0 @!@!@
  line 240, col 40 to line 240, col 83 of module AbstractLoCABug: 133282
@!@!@ENDMSG 2221 @!@!@
@!@!@STARTMSG 2221:0 @!@!@
  line 241, col 40 to line 241, col 94 of module AbstractLoCABug: 133282
@!@!@ENDMSG 2221 @!@!@
@!@!@STARTMSG 2221:0 @!@!@
  line 242, col 43 to line 242, col 87 of module AbstractLoCABug: 533172
@!@!@ENDMSG 2221 @!@!@
@!@!@STARTMSG 2221:0 @!@!@
  |line 242, col 43 to line 242, col 78 of module AbstractLoCABug: 425068
@!@!@ENDMSG 2221 @!@!@
@!@!@STARTMSG 2221:0 @!@!@
  |line 242, col 84 to line 242, col 87 of module AbstractLoCABug: 425068
@!@!@ENDMSG 2221 @!@!@
@!@!@STARTMSG 2221:0 @!@!@
  line 243, col 43 to line 243, col 61 of module AbstractLoCABug: 242752
@!@!@ENDMSG 2221 @!@!@
@!@!@STARTMSG 2221:0 @!@!@
  |line 243, col 43 to line 243, col 45 of module AbstractLoCABug: 134648
@!@!@ENDMSG 2221 @!@!@
@!@!@STARTMSG 2221:0 @!@!@
  |line 243, col 51 to line 243, col 61 of module AbstractLoCABug: 134648
@!@!@ENDMSG 2221 @!@!@
@!@!@STARTMSG 2221:0 @!@!@
  line 243, col 66 to line 243, col 89 of module AbstractLoCABug: 232006
@!@!@ENDMSG 2221 @!@!@
@!@!@STARTMSG 2221:0 @!@!@
  |line 243, col 66 to line 243, col 68 of module AbstractLoCABug: 123902
@!@!@ENDMSG 2221 @!@!@
@!@!@STARTMSG 2221:0 @!@!@
  |line 243, col 77 to line 243, col 89 of module AbstractLoCABug: 123902
@!@!@ENDMSG 2221 @!@!@
@!@!@STARTMSG 2221:0 @!@!@
  line 244, col 40 to line 244, col 103 of module AbstractLoCABug: 108104
@!@!@ENDMSG 2221 @!@!@
@!@!@STARTMSG 2221:0 @!@!@
  line 245, col 40 to line 245, col 134 of module AbstractLoCABug: 108104
@!@!@ENDMSG 2221 @!@!@
@!@!@STARTMSG 2221:0 @!@!@
  line 246, col 40 to line 246, col 125 of module AbstractLoCABug: 108104
@!@!@ENDMSG 2221 @!@!@
@!@!@STARTMSG 2221:0 @!@!@
  line 247, col 40 to line 247, col 83 of module AbstractLoCABug: 108104
@!@!@ENDMSG 2221 @!@!@
@!@!@STARTMSG 2221:0 @!@!@
  line 248, col 40 to line 248, col 72 of module AbstractLoCABug: 108104
@!@!@ENDMSG 2221 @!@!@
@!@!@STARTMSG 2221:0 @!@!@
  line 220, col 43 to line 220, col 54 of module AbstractLoCABug: 212534
@!@!@ENDMSG 2221 @!@!@
@!@!@STARTMSG 2221:0 @!@!@
  line 249, col 32 to line 249, col 65 of module AbstractLoCABug: 18634
@!@!@ENDMSG 2221 @!@!@
@!@!@STARTMSG 2221:0 @!@!@
  line 250, col 32 to line 251, col 66 of module AbstractLoCABug: 18634
@!@!@ENDMSG 2221 @!@!@
@!@!@STARTMSG 2221:0 @!@!@
  line 252, col 21 to line 252, col 77 of module AbstractLoCABug: 492436
@!@!@ENDMSG 2221 @!@!@
@!@!@STARTMSG 2772:0 @!@!@
<PROCESS_QUEUED line 254, col 1 to line 254, col 20 of module AbstractLoCABug>: 96802:185215
@!@!@ENDMSG 2772 @!@!@
@!@!@STARTMSG 2221:0 @!@!@
  line 254, col 28 to line 254, col 54 of module AbstractLoCABug: 695250
@!@!@ENDMSG 2221 @!@!@
@!@!@STARTMSG 2221:0 @!@!@
  |line 254, col 28 to line 254, col 35 of module AbstractLoCABug: 510040
@!@!@ENDMSG 2221 @!@!@
@!@!@STARTMSG 2221:0 @!@!@
  line 255, col 31 to line 256, col 76 of module AbstractLoCABug: 185215
@!@!@ENDMSG 2221 @!@!@
@!@!@STARTMSG 2221:0 @!@!@
  |line 255, col 34 to line 255, col 59 of module AbstractLoCABug: 185215
@!@!@ENDMSG 2221 @!@!@
@!@!@STARTMSG 2221:0 @!@!@
  |line 256, col 34 to line 256, col 76 of module AbstractLoCABug: 137602
@!@!@ENDMSG 2221 @!@!@
@!@!@STARTMSG 2221:0 @!@!@
  line 258, col 44 to line 258, col 167 of module AbstractLoCABug: 59411
@!@!@ENDMSG 2221 @!@!@
@!@!@STARTMSG 2221:0 @!@!@
  |line 258, col 58 to line 258, col 167 of module AbstractLoCABug: 59416
@!@!@ENDMSG 2221 @!@!@
@!@!@STARTMSG 2221:0 @!@!@
  ||line 258, col 59 to line 258, col 68 of module AbstractLoCABug: 59416
@!@!@ENDMSG 2221 @!@!@
@!@!@STARTMSG 2221:0 @!@!@
  ||line 258, col 77 to line 258, col 166 of module AbstractLoCABug: 59416
@!@!@ENDMSG 2221 @!@!@
@!@!@STARTMSG 2221:0 @!@!@
  ||line 258, col 90 to line 258, col 166 of module AbstractLoCABug: 59416
@!@!@ENDMSG 2221 @!@!@
@!@!@STARTMSG 2221:0 @!@!@
  |||line 258, col 90 to line 258, col 108 of module AbstractLoCABug: 59416
@!@!@ENDMSG 2221 @!@!@
@!@!@STARTMSG 2221:0 @!@!@
  |||line 258, col 113 to line 258, col 166 of module AbstractLoCABug: 59416
@!@!@ENDMSG 2221 @!@!@
@!@!@STARTMSG 2221:0 @!@!@
  ||||line 258, col 116 to line 258, col 163 of module AbstractLoCABug: 59416
@!@!@ENDMSG 2221 @!@!@
@!@!@STARTMSG 2221:0 @!@!@
  |||||line 18, col 15 to line 18, col 27 of module AbstractLoCABug: 59416
@!@!@ENDMSG 2221 @!@!@
@!@!@STARTMSG 2221:0 @!@!@
  |||||line 258, col 119 to line 258, col 122 of module AbstractLoCABug: 59416
@!@!@ENDMSG 2221 @!@!@
@!@!@STARTMSG 2221:0 @!@!@
  |||||line 258, col 125 to line 258, col 130 of module AbstractLoCABug: 59416
@!@!@ENDMSG 2221 @!@!@
@!@!@STARTMSG 2221:0 @!@!@
  |||||line 258, col 133 to line 258, col 162 of module AbstractLoCABug: 59416
@!@!@ENDMSG 2221 @!@!@
@!@!@STARTMSG 2221:0 @!@!@
  ||||||line 96, col 3 to line 99, col 30 of module L1SemanticIsolationAccount: 59416
@!@!@ENDMSG 2221 @!@!@
@!@!@STARTMSG 2221:0 @!@!@
  |||||||line 96, col 6 to line 96, col 29 of module L1SemanticIsolationAccount: 59416
@!@!@ENDMSG 2221 @!@!@
@!@!@STARTMSG 2221:0 @!@!@
  |||||||line 97, col 8 to line 97, col 27 of module L1SemanticIsolationAccount: 15144
@!@!@ENDMSG 2221 @!@!@
@!@!@STARTMSG 2221:0 @!@!@
  |||||||line 99, col 8 to line 99, col 30 of module L1SemanticIsolationAccount: 44272
@!@!@ENDMSG 2221 @!@!@
@!@!@STARTMSG 2221:0 @!@!@
  ||||||||line 83, col 3 to line 89, col 50 of module L1SemanticIsolationAccount: 44272
@!@!@ENDMSG 2221 @!@!@
@!@!@STARTMSG 2221:0 @!@!@
  |||||||||line 83, col 6 to line 83, col 31 of module L1SemanticIsolationAccount: 44272
@!@!@ENDMSG 2221 @!@!@
@!@!@STARTMSG 2221:0 @!@!@
  |||||||||line 84, col 8 to line 84, col 44 of module L1SemanticIsolationAccount: 14980
@!@!@ENDMSG 2221 @!@!@
@!@!@STARTMSG 2221:0 @!@!@
  |||||||||line 85, col 8 to line 89, col 50 of module L1SemanticIsolationAccount: 29292
@!@!@ENDMSG 2221 @!@!@
@!@!@STARTMSG 2221:0 @!@!@
  ||||||||||line 85, col 11 to line 85, col 34 of module L1SemanticIsolationAccount: 29292
@!@!@ENDMSG 2221 @!@!@
@!@!@STARTMSG 2221:0 @!@!@
  ||||||||||line 87, col 8 to line 89, col 50 of module L1SemanticIsolationAccount: 29292
@!@!@ENDMSG 2221 @!@!@
@!@!@STARTMSG 2221:0 @!@!@
  |||||||||||line 87, col 11 to line 87, col 37 of module L1SemanticIsolationAccount: 29292
@!@!@ENDMSG 2221 @!@!@
@!@!@STARTMSG 2221:0 @!@!@
  |||||||||||line 88, col 13 to line 88, col 50 of module L1SemanticIsolationAccount: 14646
@!@!@ENDMSG 2221 @!@!@
@!@!@STARTMSG 2221:0 @!@!@
  |||||||||||line 89, col 13 to line 89, col 50 of module L1SemanticIsolationAccount: 14646
@!@!@ENDMSG 2221 @!@!@
@!@!@STARTMSG 2221:0 @!@!@
  ||||||||line 99, col 12 to line 99, col 20 of module L1SemanticIsolationAccount: 44272
@!@!@ENDMSG 2221 @!@!@
@!@!@STARTMSG 2221:0 @!@!@
  ||||||||line 99, col 23 to line 99, col 29 of module L1SemanticIsolationAccount: 14646
@!@!@ENDMSG 2221 @!@!@
@!@!@STARTMSG 2221:0 @!@!@
  ||||||line 258, col 143 to line 258, col 148 of module AbstractLoCABug: 59416
@!@!@ENDMSG 2221 @!@!@
@!@!@STARTMSG 2221:0 @!@!@
  ||||||line 258, col 151 to line 258, col 161 of module AbstractLoCABug: 29790
@!@!@ENDMSG 2221 @!@!@
@!@!@STARTMSG 2221:0 @!@!@
  line 259, col 44 to line 259, col 104 of module AbstractLoCABug: 59411
@!@!@ENDMSG 2221 @!@!@
@!@!@STARTMSG 2221:0 @!@!@
  |line 259, col 53 to line 259, col 104 of module AbstractLoCABug: 59416
@!@!@ENDMSG 2221 @!@!@
@!@!@STARTMSG 2221:0 @!@!@
  ||line 259, col 54 to line 259, col 58 of module AbstractLoCABug: 59416
@!@!@ENDMSG 2221 @!@!@
@!@!@STARTMSG 2221:0 @!@!@
  ||line 259, col 67 to line 259, col 103 of module AbstractLoCABug: 59416
@!@!@ENDMSG 2221 @!@!@
@!@!@STARTMSG 2221:0 @!@!@
  ||line 259, col 77 to line 259, col 103 of module AbstractLoCABug: 59416
@!@!@ENDMSG 2221 @!@!@
@!@!@STARTMSG 2221:0 @!@!@
  |||line 102, col 3 to line 112, col 51 of module L1SemanticIsolationAccount: 59416
@!@!@ENDMSG 2221 @!@!@
@!@!@STARTMSG 2221:0 @!@!@
  ||||line 102, col 6 to line 102, col 29 of module L1SemanticIsolationAccount: 59416
@!@!@ENDMSG 2221 @!@!@
@!@!@STARTMSG 2221:0 @!@!@
  |||||line 102, col 7 to line 102, col 29 of module L1SemanticIsolationAccount: 59416
@!@!@ENDMSG 2221 @!@!@
@!@!@STARTMSG 2221:0 @!@!@
  ||||||line 83, col 3 to line 89, col 50 of module L1SemanticIsolationAccount: 59416
@!@!@ENDMSG 2221 @!@!@
@!@!@STARTMSG 2221:0 @!@!@
  |||||||line 83, col 6 to line 83, col 31 of module L1SemanticIsolationAccount: 59416
@!@!@ENDMSG 2221 @!@!@
@!@!@STARTMSG 2221:0 @!@!@
  |||||||line 84, col 8 to line 84, col 44 of module L1SemanticIsolationAccount: 14980
@!@!@ENDMSG 2221 @!@!@
@!@!@STARTMSG 2221:0 @!@!@
  |||||||line 85, col 8 to line 89, col 50 of module L1SemanticIsolationAccount: 44436
@!@!@ENDMSG 2221 @!@!@
@!@!@STARTMSG 2221:0 @!@!@
  ||||||||line 85, col 11 to line 85, col 34 of module L1SemanticIsolationAccount: 44436
@!@!@ENDMSG 2221 @!@!@
@!@!@STARTMSG 2221:0 @!@!@
  ||||||||line 86, col 13 to line 86, col 29 of module L1SemanticIsolationAccount: 15144
@!@!@ENDMSG 2221 @!@!@
@!@!@STARTMSG 2221:0 @!@!@
  ||||||||line 87, col 8 to line 89, col 50 of module L1SemanticIsolationAccount: 29292
@!@!@ENDMSG 2221 @!@!@
@!@!@STARTMSG 2221:0 @!@!@
  |||||||||line 87, col 11 to line 87, col 37 of module L1SemanticIsolationAccount: 29292
@!@!@ENDMSG 2221 @!@!@
@!@!@STARTMSG 2221:0 @!@!@
  |||||||||line 88, col 13 to line 88, col 50 of module L1SemanticIsolationAccount: 14646
@!@!@ENDMSG 2221 @!@!@
@!@!@STARTMSG 2221:0 @!@!@
  |||||||||line 89, col 13 to line 89, col 50 of module L1SemanticIsolationAccount: 14646
@!@!@ENDMSG 2221 @!@!@
@!@!@STARTMSG 2221:0 @!@!@
  ||||||line 102, col 11 to line 102, col 19 of module L1SemanticIsolationAccount: 59416
@!@!@ENDMSG 2221 @!@!@
@!@!@STARTMSG 2221:0 @!@!@
  ||||||line 102, col 22 to line 102, col 28 of module L1SemanticIsolationAccount: 14646
@!@!@ENDMSG 2221 @!@!@
@!@!@STARTMSG 2221:0 @!@!@
  ||||line 104, col 8 to line 104, col 14 of module L1SemanticIsolationAccount: 13922
@!@!@ENDMSG 2221 @!@!@
@!@!@STARTMSG 2221:0 @!@!@
  ||||line 106, col 5 to line 112, col 51 of module L1SemanticIsolationAccount: 45494
@!@!@ENDMSG 2221 @!@!@
@!@!@STARTMSG 2221:0 @!@!@
  |||||line 106, col 8 to line 106, col 33 of module L1SemanticIsolationAccount: 45494
@!@!@ENDMSG 2221 @!@!@
@!@!@STARTMSG 2221:0 @!@!@
  |||||line 107, col 10 to line 107, col 46 of module L1SemanticIsolationAccount: 14980
@!@!@ENDMSG 2221 @!@!@
@!@!@STARTMSG 2221:0 @!@!@
  |||||line 108, col 10 to line 112, col 51 of module L1SemanticIsolationAccount: 30514
@!@!@ENDMSG 2221 @!@!@
@!@!@STARTMSG 2221:0 @!@!@
  ||||||line 108, col 13 to line 108, col 36 of module L1SemanticIsolationAccount: 30514
@!@!@ENDMSG 2221 @!@!@
@!@!@STARTMSG 2221:0 @!@!@
  ||||||line 109, col 14 to line 109, col 30 of module L1SemanticIsolationAccount: 15144
@!@!@ENDMSG 2221 @!@!@
@!@!@STARTMSG 2221:0 @!@!@
  ||||||line 110, col 10 to line 112, col 51 of module L1SemanticIsolationAccount: 15370
@!@!@ENDMSG 2221 @!@!@
@!@!@STARTMSG 2221:0 @!@!@
  |||||||line 110, col 13 to line 110, col 39 of module L1SemanticIsolationAccount: 15370
@!@!@ENDMSG 2221 @!@!@
@!@!@STARTMSG 2221:0 @!@!@
  |||||||line 111, col 14 to line 111, col 51 of module L1SemanticIsolationAccount: 14646
@!@!@ENDMSG 2221 @!@!@
@!@!@STARTMSG 2221:0 @!@!@
  |||||||line 112, col 14 to line 112, col 51 of module L1SemanticIsolationAccount: 724
@!@!@ENDMSG 2221 @!@!@
@!@!@STARTMSG 2221:0 @!@!@
  |||line 259, col 84 to line 259, col 89 of module AbstractLoCABug: 59416
@!@!@ENDMSG 2221 @!@!@
@!@!@STARTMSG 2221:0 @!@!@
  |||line 259, col 92 to line 259, col 102 of module AbstractLoCABug: 59416
@!@!@ENDMSG 2221 @!@!@
@!@!@STARTMSG 2221:0 @!@!@
  line 260, col 44 to line 260, col 109 of module AbstractLoCABug: 59411
@!@!@ENDMSG 2221 @!@!@
@!@!@STARTMSG 2221:0 @!@!@
  |line 260, col 58 to line 260, col 109 of module AbstractLoCABug: 59416
@!@!@ENDMSG 2221 @!@!@
@!@!@STARTMSG 2221:0 @!@!@
  line 261, col 44 to line 261, col 103 of module AbstractLoCABug: 59411
@!@!@ENDMSG 2221 @!@!@
@!@!@STARTMSG 2221:0 @!@!@
  |line 261, col 54 to line 261, col 103 of module AbstractLoCABug: 59416
@!@!@ENDMSG 2221 @!@!@
@!@!@STARTMSG 2221:0 @!@!@
  line 262, col 44 to line 262, col 120 of module AbstractLoCABug: 59411
@!@!@ENDMSG 2221 @!@!@
@!@!@STARTMSG 2221:0 @!@!@
  |line 262, col 58 to line 262, col 120 of module AbstractLoCABug: 59416
@!@!@ENDMSG 2221 @!@!@
@!@!@STARTMSG 2221:0 @!@!@
  line 263, col 39 to line 263, col 83 of module AbstractLoCABug: 59411
@!@!@ENDMSG 2221 @!@!@
@!@!@STARTMSG 2221:0 @!@!@
  |line 263, col 45 to line 263, col 83 of module AbstractLoCABug: 59416
@!@!@ENDMSG 2221 @!@!@
@!@!@STARTMSG 2221:0 @!@!@
  line 264, col 39 to line 264, col 75 of module AbstractLoCABug: 125799
@!@!@ENDMSG 2221 @!@!@
@!@!@STARTMSG 2221:0 @!@!@
  line 265, col 39 to line 266, col 79 of module AbstractLoCABug: 125799
@!@!@ENDMSG 2221 @!@!@
@!@!@STARTMSG 2221:0 @!@!@
  line 267, col 28 to line 268, col 50 of module AbstractLoCABug: 185210
@!@!@ENDMSG 2221 @!@!@
@!@!@STARTMSG 2772:0 @!@!@
<PROCESS_DELAYED line 270, col 1 to line 270, col 21 of module AbstractLoCABug>: 29996:96873
@!@!@ENDMSG 2772 @!@!@
@!@!@STARTMSG 2221:0 @!@!@
  line 270, col 29 to line 270, col 56 of module AbstractLoCABug: 588706
@!@!@ENDMSG 2221 @!@!@
@!@!@STARTMSG 2221:0 @!@!@
  |line 270, col 29 to line 270, col 36 of module AbstractLoCABug: 510029
@!@!@ENDMSG 2221 @!@!@
@!@!@STARTMSG 2221:0 @!@!@
  line 271, col 32 to line 271, col 136 of module AbstractLoCABug: 78677
@!@!@ENDMSG 2221 @!@!@
@!@!@STARTMSG 2221:0 @!@!@
  |line 271, col 32 to line 271, col 54 of module AbstractLoCABug: 78677
@!@!@ENDMSG 2221 @!@!@
@!@!@STARTMSG 2221:0 @!@!@
  |line 271, col 59 to line 271, col 136 of module AbstractLoCABug: 18196
@!@!@ENDMSG 2221 @!@!@
@!@!@STARTMSG 2221:0 @!@!@
  line 272, col 46 to line 272, col 139 of module AbstractLoCABug: 18196
@!@!@ENDMSG 2221 @!@!@
@!@!@STARTMSG 2221:0 @!@!@
  line 273, col 46 to line 273, col 134 of module AbstractLoCABug: 18196
@!@!@ENDMSG 2221 @!@!@
@!@!@STARTMSG 2221:0 @!@!@
  line 274, col 46 to line 274, col 62 of module AbstractLoCABug: 18196
@!@!@ENDMSG 2221 @!@!@
@!@!@STARTMSG 2221:0 @!@!@
  line 275, col 46 to line 275, col 138 of module AbstractLoCABug: 18196
@!@!@ENDMSG 2221 @!@!@
@!@!@STARTMSG 2221:0 @!@!@
  line 276, col 46 to line 276, col 129 of module AbstractLoCABug: 18196
@!@!@ENDMSG 2221 @!@!@
@!@!@STARTMSG 2221:0 @!@!@
  line 277, col 46 to line 277, col 65 of module AbstractLoCABug: 18196
@!@!@ENDMSG 2221 @!@!@
@!@!@STARTMSG 2221:0 @!@!@
  line 278, col 40 to line 278, col 96 of module AbstractLoCABug: 36392
@!@!@ENDMSG 2221 @!@!@
@!@!@STARTMSG 2221:0 @!@!@
  line 279, col 40 to line 279, col 84 of module AbstractLoCABug: 36392
@!@!@ENDMSG 2221 @!@!@
@!@!@STARTMSG 2221:0 @!@!@
  line 280, col 40 to line 280, col 83 of module AbstractLoCABug: 60481
@!@!@ENDMSG 2221 @!@!@
@!@!@STARTMSG 2221:0 @!@!@
  line 281, col 40 to line 282, col 62 of module AbstractLoCABug: 60481
@!@!@ENDMSG 2221 @!@!@
@!@!@STARTMSG 2221:0 @!@!@
  line 283, col 29 to line 284, col 69 of module AbstractLoCABug: 96873
@!@!@ENDMSG 2221 @!@!@
@!@!@STARTMSG 2772:0 @!@!@
<Terminating line 289, col 1 to line 289, col 11 of module AbstractLoCABug>: 0:99
@!@!@ENDMSG 2772 @!@!@
@!@!@STARTMSG 2221:0 @!@!@
  line 289, col 40 to line 289, col 56 of module AbstractLoCABug: 492187
@!@!@ENDMSG 2221 @!@!@
@!@!@STARTMSG 2221:0 @!@!@
  |line 289, col 40 to line 289, col 47 of module AbstractLoCABug: 491791
@!@!@ENDMSG 2221 @!@!@
@!@!@STARTMSG 2221:0 @!@!@
  line 289, col 31 to line 289, col 37 of module AbstractLoCABug: 255008
@!@!@ENDMSG 2221 @!@!@
@!@!@STARTMSG 2221:0 @!@!@
  line 290, col 19 to line 290, col 32 of module AbstractLoCABug: 99
@!@!@ENDMSG 2221 @!@!@
@!@!@STARTMSG 2774:0 @!@!@
<Serializable line 334, col 1 to line 334, col 12 of module AbstractLoCABug>
@!@!@ENDMSG 2774 @!@!@
@!@!@STARTMSG 2221:0 @!@!@
  line 335, col 3 to line 335, col 50 of module AbstractLoCABug: 274949
@!@!@ENDMSG 2221 @!@!@
@!@!@STARTMSG 2221:0 @!@!@
  |line 200, col 48 to line 200, col 104 of module L1ClientCentricIsolation: 274949
@!@!@ENDMSG 2221 @!@!@
@!@!@STARTMSG 2221:0 @!@!@
  ||line 193, col 3 to line 195, col 38 of module L1ClientCentricIsolation: 274949
@!@!@ENDMSG 2221 @!@!@
@!@!@STARTMSG 2221:0 @!@!@
  |||line 193, col 60 to line 195, col 38 of module L1ClientCentricIsolation: 278855
@!@!@ENDMSG 2221 @!@!@
@!@!@STARTMSG 2221:0 @!@!@
  ||||line 195, col 5 to line 195, col 38 of module L1ClientCentricIsolation: 314527
@!@!@ENDMSG 2221 @!@!@
@!@!@STARTMSG 2221:0 @!@!@
  |||||line 195, col 16 to line 195, col 26 of module L1ClientCentricIsolation: 314527
@!@!@ENDMSG 2221 @!@!@
@!@!@STARTMSG 2221:0 @!@!@
  |||||line 195, col 29 to line 195, col 37 of module L1ClientCentricIsolation: 314527
@!@!@ENDMSG 2221 @!@!@
@!@!@STARTMSG 2221:0 @!@!@
  |||||line 199, col 3 to line 199, col 71 of module L1ClientCentricIsolation: 314527
@!@!@ENDMSG 2221 @!@!@
@!@!@STARTMSG 2221:0 @!@!@
  ||||||line 142, col 40 to line 142, col 163 of module L1ClientCentricIsolation: 314527
@!@!@ENDMSG 2221 @!@!@
@!@!@STARTMSG 2221:0 @!@!@
  |||||||line 142, col 87 to line 142, col 161 of module L1ClientCentricIsolation: 338479
@!@!@ENDMSG 2221 @!@!@
@!@!@STARTMSG 2221:0 @!@!@
  ||||||||line 83, col 17 to line 83, col 42 of module L1ClientCentricIsolation: 338479
@!@!@ENDMSG 2221 @!@!@
@!@!@STARTMSG 2221:0 @!@!@
  ||||||||line 84, col 7 to line 84, col 52 of module L1ClientCentricIsolation: 338479
@!@!@ENDMSG 2221 @!@!@
@!@!@STARTMSG 2221:0 @!@!@
  |||||||||line 84, col 7 to line 84, col 27 of module L1ClientCentricIsolation: 338479
@!@!@ENDMSG 2221 @!@!@
@!@!@STARTMSG 2221:0 @!@!@
  ||||||||||line 14, col 21 to line 14, col 59 of module Util: 338479
@!@!@ENDMSG 2221 @!@!@
@!@!@STARTMSG 2221:0 @!@!@
  |||||||||||line 14, col 47 to line 14, col 59 of module Util: 362431
@!@!@ENDMSG 2221 @!@!@
@!@!@STARTMSG 2221:0 @!@!@
  |||||||||||line 14, col 34 to line 14, col 44 of module Util: 338479
@!@!@ENDMSG 2221 @!@!@
@!@!@STARTMSG 2221:0 @!@!@
  ||||||||||line 84, col 13 to line 84, col 18 of module L1ClientCentricIsolation: 338479
@!@!@ENDMSG 2221 @!@!@
@!@!@STARTMSG 2221:0 @!@!@
  ||||||||||line 84, col 21 to line 84, col 26 of module L1ClientCentricIsolation: 338479
@!@!@ENDMSG 2221 @!@!@
@!@!@STARTMSG 2221:0 @!@!@
  |||||||||line 84, col 32 to line 84, col 52 of module L1ClientCentricIsolation: 338479
@!@!@ENDMSG 2221 @!@!@
@!@!@STARTMSG 2221:0 @!@!@
  ||||||||||line 14, col 21 to line 14, col 59 of module Util: 338479
@!@!@ENDMSG 2221 @!@!@
@!@!@STARTMSG 2221:0 @!@!@
  |||||||||||line 14, col 47 to line 14, col 59 of module Util: 362435
@!@!@ENDMSG 2221 @!@!@
@!@!@STARTMSG 2221:0 @!@!@
  |||||||||||line 14, col 34 to line 14, col 44 of module Util: 338479
@!@!@ENDMSG 2221 @!@!@
@!@!@STARTMSG 2221:0 @!@!@
  ||||||||||line 84, col 38 to line 84, col 43 of module L1ClientCentricIsolation: 338479
@!@!@ENDMSG 2221 @!@!@
@!@!@STARTMSG 2221:0 @!@!@
  ||||||||||line 84, col 46 to line 84, col 51 of module L1ClientCentricIsolation: 338479
@!@!@ENDMSG 2221 @!@!@
@!@!@STARTMSG 2221:0 @!@!@
  ||||||||line 142, col 112 to line 142, col 120 of module L1ClientCentricIsolation: 338479
@!@!@ENDMSG 2221 @!@!@
@!@!@STARTMSG 2221:0 @!@!@
  ||||||||line 142, col 123 to line 142, col 123 of module L1ClientCentricIsolation: 338479
@!@!@ENDMSG 2221 @!@!@
@!@!@STARTMSG 2221:0 @!@!@
  ||||||||line 142, col 126 to line 142, col 160 of module L1ClientCentricIsolation: 338479
@!@!@ENDMSG 2221 @!@!@
@!@!@STARTMSG 2221:0 @!@!@
  |||||||||line 74, col 14 to line 74, col 83 of module L1ClientCentricIsolation: 338479
@!@!@ENDMSG 2221 @!@!@
@!@!@STARTMSG 2221:0 @!@!@
  ||||||||||line 74, col 46 to line 74, col 83 of module L1ClientCentricIsolation: 419431
@!@!@ENDMSG 2221 @!@!@
@!@!@STARTMSG 2221:0 @!@!@
  ||||||||||line 74, col 27 to line 74, col 43 of module L1ClientCentricIsolation: 338479
@!@!@ENDMSG 2221 @!@!@
@!@!@STARTMSG 2221:0 @!@!@
  |||||||||line 75, col 6 to line 75, col 31 of module L1ClientCentricIsolation: 338479
@!@!@ENDMSG 2221 @!@!@
@!@!@STARTMSG 2221:0 @!@!@
  |||||||||line 142, col 138 to line 142, col 146 of module L1ClientCentricIsolation: 338479
@!@!@ENDMSG 2221 @!@!@
@!@!@STARTMSG 2221:0 @!@!@
  |||||||||line 142, col 149 to line 142, col 159 of module L1ClientCentricIsolation: 338479
@!@!@ENDMSG 2221 @!@!@
@!@!@STARTMSG 2221:0 @!@!@
  |||||||line 142, col 48 to line 142, col 83 of module L1ClientCentricIsolation: 314527
@!@!@ENDMSG 2221 @!@!@
@!@!@STARTMSG 2775:0 @!@!@
  ||||||||line 20, col 16 to line 20, col 38 of module Util: 314527:653006
@!@!@ENDMSG 2775 @!@!@
@!@!@STARTMSG 2221:0 @!@!@
  |||||||||line 20, col 17 to line 20, col 20 of module Util: 454829
@!@!@ENDMSG 2221 @!@!@
@!@!@STARTMSG 2221:0 @!@!@
  |||||||||line 20, col 30 to line 20, col 37 of module Util: 314527
@!@!@ENDMSG 2221 @!@!@
@!@!@STARTMSG 2221:0 @!@!@
  ||||||||line 142, col 57 to line 142, col 82 of module L1ClientCentricIsolation: 314527
@!@!@ENDMSG 2221 @!@!@
@!@!@STARTMSG 2221:0 @!@!@
  ||||||line 143, col 6 to line 143, col 113 of module L1ClientCentricIsolation: 314527
@!@!@ENDMSG 2221 @!@!@
@!@!@STARTMSG 2221:0 @!@!@
  |||||||line 143, col 6 to line 143, col 10 of module L1ClientCentricIsolation: 314527
@!@!@ENDMSG 2221 @!@!@
@!@!@STARTMSG 2221:0 @!@!@
  |||||||line 143, col 16 to line 143, col 113 of module L1ClientCentricIsolation: 314527
@!@!@ENDMSG 2221 @!@!@
@!@!@STARTMSG 2221:0 @!@!@
  ||||||||line 27, col 28 to line 27, col 76 of module Util: 314527
@!@!@ENDMSG 2221 @!@!@
@!@!@STARTMSG 2221:0 @!@!@
  ||||||||line 143, col 29 to line 143, col 111 of module L1ClientCentricIsolation: 314527
@!@!@ENDMSG 2221 @!@!@
@!@!@STARTMSG 2221:0 @!@!@
  |||||||||line 143, col 29 to line 143, col 70 of module L1ClientCentricIsolation: 314527
@!@!@ENDMSG 2221 @!@!@
@!@!@STARTMSG 2221:0 @!@!@
  ||||||||||line 140, col 9 to line 140, col 105 of module L1ClientCentricIsolation: 314527
@!@!@ENDMSG 2221 @!@!@
@!@!@STARTMSG 2221:0 @!@!@
  |||||||||||line 140, col 11 to line 140, col 55 of module L1ClientCentricIsolation: 368252
@!@!@ENDMSG 2221 @!@!@
@!@!@STARTMSG 2221:0 @!@!@
  ||||||||||||line 117, col 13 to line 117, col 47 of module L1ClientCentricIsolation: 368252
@!@!@ENDMSG 2221 @!@!@
@!@!@STARTMSG 2221:0 @!@!@
  |||||||||||||line 74, col 14 to line 74, col 83 of module L1ClientCentricIsolation: 368252
@!@!@ENDMSG 2221 @!@!@
@!@!@STARTMSG 2221:0 @!@!@
  ||||||||||||||line 74, col 46 to line 74, col 83 of module L1ClientCentricIsolation: 462965
@!@!@ENDMSG 2221 @!@!@
@!@!@STARTMSG 2221:0 @!@!@
  ||||||||||||||line 74, col 27 to line 74, col 43 of module L1ClientCentricIsolation: 368252
@!@!@ENDMSG 2221 @!@!@
@!@!@STARTMSG 2221:0 @!@!@
  |||||||||||||line 75, col 6 to line 75, col 31 of module L1ClientCentricIsolation: 368252
@!@!@ENDMSG 2221 @!@!@
@!@!@STARTMSG 2221:0 @!@!@
  |||||||||||||line 117, col 25 to line 117, col 33 of module L1ClientCentricIsolation: 368252
@!@!@ENDMSG 2221 @!@!@
@!@!@STARTMSG 2221:0 @!@!@
  |||||||||||||line 117, col 36 to line 117, col 46 of module L1ClientCentricIsolation: 368252
@!@!@ENDMSG 2221 @!@!@
@!@!@STARTMSG 2221:0 @!@!@
  ||||||||||||line 116, col 13 to line 116, col 48 of module L1ClientCentricIsolation: 368252
@!@!@ENDMSG 2221 @!@!@
@!@!@STARTMSG 2775:0 @!@!@
  |||||||||||||line 20, col 16 to line 20, col 38 of module Util: 368252:765923
@!@!@ENDMSG 2775 @!@!@
@!@!@STARTMSG 2221:0 @!@!@
  ||||||||||||||line 20, col 17 to line 20, col 20 of module Util: 502166
@!@!@ENDMSG 2221 @!@!@
@!@!@STARTMSG 2221:0 @!@!@
  ||||||||||||||line 20, col 30 to line 20, col 37 of module Util: 368252
@!@!@ENDMSG 2221 @!@!@
@!@!@STARTMSG 2221:0 @!@!@
  |||||||||||||line 116, col 22 to line 116, col 47 of module L1ClientCentricIsolation: 368252
@!@!@ENDMSG 2221 @!@!@
@!@!@STARTMSG 2221:0 @!@!@
  ||||||||||||line 118, col 6 to line 129, col 6 of module L1ClientCentricIsolation: 368252
@!@!@ENDMSG 2221 @!@!@
@!@!@STARTMSG 2221:0 @!@!@
  |||||||||||||line 119, col 9 to line 122, col 68 of module L1ClientCentricIsolation: 397671
@!@!@ENDMSG 2221 @!@!@
@!@!@STARTMSG 2221:0 @!@!@
  ||||||||||||||line 119, col 12 to line 119, col 53 of module L1ClientCentricIsolation: 397671
@!@!@ENDMSG 2221 @!@!@
@!@!@STARTMSG 2221:0 @!@!@
  |||||||||||||||line 83, col 17 to line 83, col 42 of module L1ClientCentricIsolation: 397671
@!@!@ENDMSG 2221 @!@!@
@!@!@STARTMSG 2221:0 @!@!@
  |||||||||||||||line 84, col 7 to line 84, col 52 of module L1ClientCentricIsolation: 397671
@!@!@ENDMSG 2221 @!@!@
@!@!@STARTMSG 2221:0 @!@!@
  ||||||||||||||||line 84, col 7 to line 84, col 27 of module L1ClientCentricIsolation: 397671
@!@!@ENDMSG 2221 @!@!@
@!@!@STARTMSG 2221:0 @!@!@
  |||||||||||||||||line 14, col 21 to line 14, col 59 of module Util: 397671
@!@!@ENDMSG 2221 @!@!@
@!@!@STARTMSG 2221:0 @!@!@
  ||||||||||||||||||line 14, col 47 to line 14, col 59 of module Util: 427090
@!@!@ENDMSG 2221 @!@!@
@!@!@STARTMSG 2221:0 @!@!@
  ||||||||||||||||||line 14, col 34 to line 14, col 44 of module Util: 397671
@!@!@ENDMSG 2221 @!@!@
@!@!@STARTMSG 2221:0 @!@!@
  |||||||||||||||||line 84, col 13 to line 84, col 18 of module L1ClientCentricIsolation: 397671
@!@!@ENDMSG 2221 @!@!@
@!@!@STARTMSG 2221:0 @!@!@
  |||||||||||||||||line 84, col 21 to line 84, col 26 of module L1ClientCentricIsolation: 397671
@!@!@ENDMSG 2221 @!@!@
@!@!@STARTMSG 2221:0 @!@!@
  ||||||||||||||||line 84, col 32 to line 84, col 52 of module L1ClientCentricIsolation: 397671
@!@!@ENDMSG 2221 @!@!@
@!@!@STARTMSG 2221:0 @!@!@
  |||||||||||||||||line 14, col 21 to line 14, col 59 of module Util: 397671
@!@!@ENDMSG 2221 @!@!@
@!@!@STARTMSG 2221:0 @!@!@
  ||||||||||||||||||line 14, col 47 to line 14, col 59 of module Util: 429607
@!@!@ENDMSG 2221 @!@!@
@!@!@STARTMSG 2221:0 @!@!@
  ||||||||||||||||||line 14, col 34 to line 14, col 44 of module Util: 397671
@!@!@ENDMSG 2221 @!@!@
@!@!@STARTMSG 2221:0 @!@!@
  |||||||||||||||||line 84, col 38 to line 84, col 43 of module L1ClientCentricIsolation: 397671
@!@!@ENDMSG 2221 @!@!@
@!@!@STARTMSG 2221:0 @!@!@
  |||||||||||||||||line 84, col 46 to line 84, col 51 of module L1ClientCentricIsolation: 397671
@!@!@ENDMSG 2221 @!@!@
@!@!@STARTMSG 2221:0 @!@!@
  |||||||||||||||line 119, col 37 to line 119, col 45 of module L1ClientCentricIsolation: 397671
@!@!@ENDMSG 2221 @!@!@
@!@!@STARTMSG 2221:0 @!@!@
  |||||||||||||||line 119, col 48 to line 119, col 48 of module L1ClientCentricIsolation: 397671
@!@!@ENDMSG 2221 @!@!@
@!@!@STARTMSG 2221:0 @!@!@
  |||||||||||||||line 119, col 51 to line 119, col 52 of module L1ClientCentricIsolation: 397671
@!@!@ENDMSG 2221 @!@!@
@!@!@STARTMSG 2221:0 @!@!@
  ||||||||||||||line 122, col 12 to line 122, col 68 of module L1ClientCentricIsolation: 384220
@!@!@ENDMSG 2221 @!@!@
@!@!@STARTMSG 2221:0 @!@!@
  |||||||||||||||line 122, col 12 to line 122, col 49 of module L1ClientCentricIsolation: 384220
@!@!@ENDMSG 2221 @!@!@
@!@!@STARTMSG 2221:0 @!@!@
  ||||||||||||||||line 96, col 3 to line 99, col 30 of module L1SemanticIsolationAccount: 384220
@!@!@ENDMSG 2221 @!@!@
@!@!@STARTMSG 2221:0 @!@!@
  |||||||||||||||||line 96, col 6 to line 96, col 29 of module L1SemanticIsolationAccount: 384220
@!@!@ENDMSG 2221 @!@!@
@!@!@STARTMSG 2221:0 @!@!@
  |||||||||||||||||line 97, col 8 to line 97, col 27 of module L1SemanticIsolationAccount: 101407
@!@!@ENDMSG 2221 @!@!@
@!@!@STARTMSG 2221:0 @!@!@
  |||||||||||||||||line 99, col 8 to line 99, col 30 of module L1SemanticIsolationAccount: 282813
@!@!@ENDMSG 2221 @!@!@
@!@!@STARTMSG 2221:0 @!@!@
  ||||||||||||||||||line 83, col 3 to line 89, col 50 of module L1SemanticIsolationAccount: 282813
@!@!@ENDMSG 2221 @!@!@
@!@!@STARTMSG 2221:0 @!@!@
  |||||||||||||||||||line 83, col 6 to line 83, col 31 of module L1SemanticIsolationAccount: 282813
@!@!@ENDMSG 2221 @!@!@
@!@!@STARTMSG 2221:0 @!@!@
  |||||||||||||||||||line 84, col 8 to line 84, col 44 of module L1SemanticIsolationAccount: 98176
@!@!@ENDMSG 2221 @!@!@
@!@!@STARTMSG 2221:0 @!@!@
  |||||||||||||||||||line 85, col 8 to line 89, col 50 of module L1SemanticIsolationAccount: 184637
@!@!@ENDMSG 2221 @!@!@
@!@!@STARTMSG 2221:0 @!@!@
  ||||||||||||||||||||line 85, col 11 to line 85, col 34 of module L1SemanticIsolationAccount: 184637
@!@!@ENDMSG 2221 @!@!@
@!@!@STARTMSG 2221:0 @!@!@
  ||||||||||||||||||||line 87, col 8 to line 89, col 50 of module L1SemanticIsolationAccount: 184637
@!@!@ENDMSG 2221 @!@!@
@!@!@STARTMSG 2221:0 @!@!@
  |||||||||||||||||||||line 87, col 11 to line 87, col 37 of module L1SemanticIsolationAccount: 184637
@!@!@ENDMSG 2221 @!@!@
@!@!@STARTMSG 2221:0 @!@!@
  |||||||||||||||||||||line 88, col 13 to line 88, col 50 of module L1SemanticIsolationAccount: 91242
@!@!@ENDMSG 2221 @!@!@
@!@!@STARTMSG 2221:0 @!@!@
  |||||||||||||||||||||line 89, col 13 to line 89, col 50 of module L1SemanticIsolationAccount: 93395
@!@!@ENDMSG 2221 @!@!@
@!@!@STARTMSG 2221:0 @!@!@
  ||||||||||||||||||line 99, col 12 to line 99, col 20 of module L1SemanticIsolationAccount: 282813
@!@!@ENDMSG 2221 @!@!@
@!@!@STARTMSG 2221:0 @!@!@
  ||||||||||||||||||line 99, col 23 to line 99, col 29 of module L1SemanticIsolationAccount: 93395
@!@!@ENDMSG 2221 @!@!@
@!@!@STARTMSG 2221:0 @!@!@
  ||||||||||||||||line 122, col 19 to line 122, col 30 of module L1ClientCentricIsolation: 384220
@!@!@ENDMSG 2221 @!@!@
@!@!@STARTMSG 2221:0 @!@!@
  ||||||||||||||||line 122, col 33 to line 122, col 48 of module L1ClientCentricIsolation: 194802
@!@!@ENDMSG 2221 @!@!@
@!@!@STARTMSG 2221:0 @!@!@
  |||||||||||||||line 122, col 53 to line 122, col 68 of module L1ClientCentricIsolation: 384220
@!@!@ENDMSG 2221 @!@!@
@!@!@STARTMSG 2221:0 @!@!@
  |||||||||||||line 118, col 14 to line 118, col 15 of module L1ClientCentricIsolation: 368252
@!@!@ENDMSG 2221 @!@!@
@!@!@STARTMSG 2221:0 @!@!@
  ||||||||||||line 140, col 22 to line 140, col 30 of module L1ClientCentricIsolation: 368252
@!@!@ENDMSG 2221 @!@!@
@!@!@STARTMSG 2221:0 @!@!@
  ||||||||||||line 140, col 33 to line 140, col 41 of module L1ClientCentricIsolation: 368252
@!@!@ENDMSG 2221 @!@!@
@!@!@STARTMSG 2221:0 @!@!@
  ||||||||||||line 140, col 44 to line 140, col 54 of module L1ClientCentricIsolation: 368252
@!@!@ENDMSG 2221 @!@!@
@!@!@STARTMSG 2221:0 @!@!@
  |||||||||||line 140, col 73 to line 140, col 103 of module L1ClientCentricIsolation: 314527
@!@!@ENDMSG 2221 @!@!@
@!@!@STARTMSG 2775:0 @!@!@
  ||||||||||||line 20, col 16 to line 20, col 38 of module Util: 314527:682779
@!@!@ENDMSG 2775 @!@!@
@!@!@STARTMSG 2221:0 @!@!@
  |||||||||||||line 20, col 17 to line 20, col 20 of module Util: 368252
@!@!@ENDMSG 2221 @!@!@
@!@!@STARTMSG 2221:0 @!@!@
  |||||||||||||line 20, col 30 to line 20, col 37 of module Util: 314527
@!@!@ENDMSG 2221 @!@!@
@!@!@STARTMSG 2221:0 @!@!@
  ||||||||||||line 140, col 82 to line 140, col 102 of module L1ClientCentricIsolation: 314527
@!@!@ENDMSG 2221 @!@!@
@!@!@STARTMSG 2221:0 @!@!@
  ||||||||||line 143, col 59 to line 143, col 69 of module L1ClientCentricIsolation: 314527
@!@!@ENDMSG 2221 @!@!@
@!@!@STARTMSG 2775:0 @!@!@
  |||||||||line 143, col 79 to line 143, col 111 of module L1ClientCentricIsolation: 314527:751062
@!@!@ENDMSG 2775 @!@!@
@!@!@STARTMSG 2221:0 @!@!@
  ||||||line 199, col 12 to line 199, col 20 of module L1ClientCentricIsolation: 314527
@!@!@ENDMSG 2221 @!@!@
@!@!@STARTMSG 2221:0 @!@!@
  ||||||line 199, col 23 to line 199, col 33 of module L1ClientCentricIsolation: 314527
@!@!@ENDMSG 2221 @!@!@
@!@!@STARTMSG 2221:0 @!@!@
  ||||||line 199, col 36 to line 199, col 70 of module L1ClientCentricIsolation: 314527
@!@!@ENDMSG 2221 @!@!@
@!@!@STARTMSG 2221:0 @!@!@
  |||||||line 74, col 14 to line 74, col 83 of module L1ClientCentricIsolation: 314527
@!@!@ENDMSG 2221 @!@!@
@!@!@STARTMSG 2221:0 @!@!@
  ||||||||line 74, col 46 to line 74, col 83 of module L1ClientCentricIsolation: 383501
@!@!@ENDMSG 2221 @!@!@
@!@!@STARTMSG 2221:0 @!@!@
  ||||||||line 74, col 27 to line 74, col 43 of module L1ClientCentricIsolation: 314527
@!@!@ENDMSG 2221 @!@!@
@!@!@STARTMSG 2221:0 @!@!@
  |||||||line 75, col 6 to line 75, col 31 of module L1ClientCentricIsolation: 314527
@!@!@ENDMSG 2221 @!@!@
@!@!@STARTMSG 2221:0 @!@!@
  |||||||line 199, col 48 to line 199, col 56 of module L1ClientCentricIsolation: 314527
@!@!@ENDMSG 2221 @!@!@
@!@!@STARTMSG 2221:0 @!@!@
  |||||||line 199, col 59 to line 199, col 69 of module L1ClientCentricIsolation: 314527
@!@!@ENDMSG 2221 @!@!@
@!@!@STARTMSG 2221:0 @!@!@
  ||||line 193, col 79 to line 193, col 90 of module L1ClientCentricIsolation: 278855
@!@!@ENDMSG 2221 @!@!@
@!@!@STARTMSG 2221:0 @!@!@
  |||line 193, col 20 to line 193, col 57 of module L1ClientCentricIsolation: 274949
@!@!@ENDMSG 2221 @!@!@
@!@!@STARTMSG 2221:0 @!@!@
  ||||line 172, col 23 to line 172, col 72 of module L1ClientCentricIsolation: 274949
@!@!@ENDMSG 2221 @!@!@
@!@!@STARTMSG 2221:0 @!@!@
  ||||line 171, col 20 to line 171, col 41 of module L1ClientCentricIsolation: 274949
@!@!@ENDMSG 2221 @!@!@
@!@!@STARTMSG 2775:0 @!@!@
  ||||line 173, col 6 to line 182, col 31 of module L1ClientCentricIsolation: 274949:553804
@!@!@ENDMSG 2775 @!@!@
@!@!@STARTMSG 2221:0 @!@!@
  |||||line 173, col 28 to line 179, col 51 of module L1ClientCentricIsolation: 342376
@!@!@ENDMSG 2221 @!@!@
@!@!@STARTMSG 2221:0 @!@!@
  |||||line 181, col 11 to line 181, col 32 of module L1ClientCentricIsolation: 342376
@!@!@ENDMSG 2221 @!@!@
@!@!@STARTMSG 2221:0 @!@!@
  |||||line 182, col 21 to line 182, col 29 of module L1ClientCentricIsolation: 274949
@!@!@ENDMSG 2221 @!@!@
@!@!@STARTMSG 2221:0 @!@!@
  ||||line 193, col 31 to line 193, col 42 of module L1ClientCentricIsolation: 274949
@!@!@ENDMSG 2221 @!@!@
@!@!@STARTMSG 2221:0 @!@!@
  ||||line 193, col 45 to line 193, col 56 of module L1ClientCentricIsolation: 274949
@!@!@ENDMSG 2221 @!@!@
@!@!@STARTMSG 2221:0 @!@!@
  ||line 200, col 70 to line 200, col 81 of module L1ClientCentricIsolation: 274949
@!@!@ENDMSG 2221 @!@!@
@!@!@STARTMSG 2221:0 @!@!@
  ||line 200, col 84 to line 200, col 95 of module L1ClientCentricIsolation: 274949
@!@!@ENDMSG 2221 @!@!@
@!@!@STARTMSG 2221:0 @!@!@
  ||line 199, col 3 to line 199, col 71 of module L1ClientCentricIsolation: 314527
@!@!@ENDMSG 2221 @!@!@
@!@!@STARTMSG 2221:0 @!@!@
  |||line 142, col 40 to line 142, col 163 of module L1ClientCentricIsolation: 314527
@!@!@ENDMSG 2221 @!@!@
@!@!@STARTMSG 2221:0 @!@!@
  ||||line 142, col 87 to line 142, col 161 of module L1ClientCentricIsolation: 338479
@!@!@ENDMSG 2221 @!@!@
@!@!@STARTMSG 2221:0 @!@!@
  |||||line 83, col 17 to line 83, col 42 of module L1ClientCentricIsolation: 338479
@!@!@ENDMSG 2221 @!@!@
@!@!@STARTMSG 2221:0 @!@!@
  |||||line 84, col 7 to line 84, col 52 of module L1ClientCentricIsolation: 338479
@!@!@ENDMSG 2221 @!@!@
@!@!@STARTMSG 2221:0 @!@!@
  ||||||line 84, col 7 to line 84, col 27 of module L1ClientCentricIsolation: 338479
@!@!@ENDMSG 2221 @!@!@
@!@!@STARTMSG 2221:0 @!@!@
  |||||||line 14, col 21 to line 14, col 59 of module Util: 338479
@!@!@ENDMSG 2221 @!@!@
@!@!@STARTMSG 2221:0 @!@!@
  ||||||||line 14, col 47 to line 14, col 59 of module Util: 362431
@!@!@ENDMSG 2221 @!@!@
@!@!@STARTMSG 2221:0 @!@!@
  ||||||||line 14, col 34 to line 14, col 44 of module Util: 338479
@!@!@ENDMSG 2221 @!@!@
@!@!@STARTMSG 2221:0 @!@!@
  |||||||line 84, col 13 to line 84, col 18 of module L1ClientCentricIsolation: 338479
@!@!@ENDMSG 2221 @!@!@
@!@!@STARTMSG 2221:0 @!@!@
  |||||||line 84, col 21 to line 84, col 26 of module L1ClientCentricIsolation: 338479
@!@!@ENDMSG 2221 @!@!@
@!@!@STARTMSG 2221:0 @!@!@
  ||||||line 84, col 32 to line 84, col 52 of module L1ClientCentricIsolation: 338479
@!@!@ENDMSG 2221 @!@!@
@!@!@STARTMSG 2221:0 @!@!@
  |||||||line 14, col 21 to line 14, col 59 of module Util: 338479
@!@!@ENDMSG 2221 @!@!@
@!@!@STARTMSG 2221:0 @!@!@
  ||||||||line 14, col 47 to line 14, col 59 of module Util: 362435
@!@!@ENDMSG 2221 @!@!@
@!@!@STARTMSG 2221:0 @!@!@
  ||||||||line 14, col 34 to line 14, col 44 of module Util: 338479
@!@!@ENDMSG 2221 @!@!@
@!@!@STARTMSG 2221:0 @!@!@
  |||||||line 84, col 38 to line 84, col 43 of module L1ClientCentricIsolation: 338479
@!@!@ENDMSG 2221 @!@!@
@!@!@STARTMSG 2221:0 @!@!@
  |||||||line 84, col 46 to line 84, col 51 of module L1ClientCentricIsolation: 338479
@!@!@ENDMSG 2221 @!@!@
@!@!@STARTMSG 2221:0 @!@!@
  |||||line 142, col 112 to line 142, col 120 of module L1ClientCentricIsolation: 338479
@!@!@ENDMSG 2221 @!@!@
@!@!@STARTMSG 2221:0 @!@!@
  |||||line 142, col 123 to line 142, col 123 of module L1ClientCentricIsolation: 338479
@!@!@ENDMSG 2221 @!@!@
@!@!@STARTMSG 2221:0 @!@!@
  |||||line 142, col 126 to line 142, col 160 of module L1ClientCentricIsolation: 338479
@!@!@ENDMSG 2221 @!@!@
@!@!@STARTMSG 2221:0 @!@!@
  ||||||line 74, col 14 to line 74, col 83 of module L1ClientCentricIsolation: 338479
@!@!@ENDMSG 2221 @!@!@
@!@!@STARTMSG 2221:0 @!@!@
  |||||||line 74, col 46 to line 74, col 83 of module L1ClientCentricIsolation: 419431
@!@!@ENDMSG 2221 @!@!@
@!@!@STARTMSG 2221:0 @!@!@
  |||||||line 74, col 27 to line 74, col 43 of module L1ClientCentricIsolation: 338479
@!@!@ENDMSG 2221 @!@!@
@!@!@STARTMSG 2221:0 @!@!@
  ||||||line 75, col 6 to line 75, col 31 of module L1ClientCentricIsolation: 338479
@!@!@ENDMSG 2221 @!@!@
@!@!@STARTMSG 2221:0 @!@!@
  ||||||line 142, col 138 to line 142, col 146 of module L1ClientCentricIsolation: 338479
@!@!@ENDMSG 2221 @!@!@
@!@!@STARTMSG 2221:0 @!@!@
  ||||||line 142, col 149 to line 142, col 159 of module L1ClientCentricIsolation: 338479
@!@!@ENDMSG 2221 @!@!@
@!@!@STARTMSG 2221:0 @!@!@
  ||||line 142, col 48 to line 142, col 83 of module L1ClientCentricIsolation: 314527
@!@!@ENDMSG 2221 @!@!@
@!@!@STARTMSG 2775:0 @!@!@
  |||||line 20, col 16 to line 20, col 38 of module Util: 314527:653006
@!@!@ENDMSG 2775 @!@!@
@!@!@STARTMSG 2221:0 @!@!@
  ||||||line 20, col 17 to line 20, col 20 of module Util: 454829
@!@!@ENDMSG 2221 @!@!@
@!@!@STARTMSG 2221:0 @!@!@
  ||||||line 20, col 30 to line 20, col 37 of module Util: 314527
@!@!@ENDMSG 2221 @!@!@
@!@!@STARTMSG 2221:0 @!@!@
  |||||line 142, col 57 to line 142, col 82 of module L1ClientCentricIsolation: 314527
@!@!@ENDMSG 2221 @!@!@
@!@!@STARTMSG 2221:0 @!@!@
  |||line 143, col 6 to line 143, col 113 of module L1ClientCentricIsolation: 314527
@!@!@ENDMSG 2221 @!@!@
@!@!@STARTMSG 2221:0 @!@!@
  ||||line 143, col 6 to line 143, col 10 of module L1ClientCentricIsolation: 314527
@!@!@ENDMSG 2221 @!@!@
@!@!@STARTMSG 2221:0 @!@!@
  ||||line 143, col 16 to line 143, col 113 of module L1ClientCentricIsolation: 314527
@!@!@ENDMSG 2221 @!@!@
@!@!@STARTMSG 2221:0 @!@!@
  |||||line 27, col 28 to line 27, col 76 of module Util: 314527
@!@!@ENDMSG 2221 @!@!@
@!@!@STARTMSG 2221:0 @!@!@
  |||||line 143, col 29 to line 143, col 111 of module L1ClientCentricIsolation: 314527
@!@!@ENDMSG 2221 @!@!@
@!@!@STARTMSG 2221:0 @!@!@
  ||||||line 143, col 29 to line 143, col 70 of module L1ClientCentricIsolation: 314527
@!@!@ENDMSG 2221 @!@!@
@!@!@STARTMSG 2221:0 @!@!@
  |||||||line 140, col 9 to line 140, col 105 of module L1ClientCentricIsolation: 314527
@!@!@ENDMSG 2221 @!@!@
@!@!@STARTMSG 2221:0 @!@!@
  ||||||||line 140, col 11 to line 140, col 55 of module L1ClientCentricIsolation: 368252
@!@!@ENDMSG 2221 @!@!@
@!@!@STARTMSG 2221:0 @!@!@
  |||||||||line 117, col 13 to line 117, col 47 of module L1ClientCentricIsolation: 368252
@!@!@ENDMSG 2221 @!@!@
@!@!@STARTMSG 2221:0 @!@!@
  ||||||||||line 74, col 14 to line 74, col 83 of module L1ClientCentricIsolation: 368252
@!@!@ENDMSG 2221 @!@!@
@!@!@STARTMSG 2221:0 @!@!@
  |||||||||||line 74, col 46 to line 74, col 83 of module L1ClientCentricIsolation: 462965
@!@!@ENDMSG 2221 @!@!@
@!@!@STARTMSG 2221:0 @!@!@
  |||||||||||line 74, col 27 to line 74, col 43 of module L1ClientCentricIsolation: 368252
@!@!@ENDMSG 2221 @!@!@
@!@!@STARTMSG 2221:0 @!@!@
  ||||||||||line 75, col 6 to line 75, col 31 of module L1ClientCentricIsolation: 368252
@!@!@ENDMSG 2221 @!@!@
@!@!@STARTMSG 2221:0 @!@!@
  ||||||||||line 117, col 25 to line 117, col 33 of module L1ClientCentricIsolation: 368252
@!@!@ENDMSG 2221 @!@!@
@!@!@STARTMSG 2221:0 @!@!@
  ||||||||||line 117, col 36 to line 117, col 46 of module L1ClientCentricIsolation: 368252
@!@!@ENDMSG 2221 @!@!@
@!@!@STARTMSG 2221:0 @!@!@
  |||||||||line 116, col 13 to line 116, col 48 of module L1ClientCentricIsolation: 368252
@!@!@ENDMSG 2221 @!@!@
@!@!@STARTMSG 2775:0 @!@!@
  ||||||||||line 20, col 16 to line 20, col 38 of module Util: 368252:765923
@!@!@ENDMSG 2775 @!@!@
@!@!@STARTMSG 2221:0 @!@!@
  |||||||||||line 20, col 17 to line 20, col 20 of module Util: 502166
@!@!@ENDMSG 2221 @!@!@
@!@!@STARTMSG 2221:0 @!@!@
  |||||||||||line 20, col 30 to line 20, col 37 of module Util: 368252
@!@!@ENDMSG 2221 @!@!@
@!@!@STARTMSG 2221:0 @!@!@
  ||||||||||line 116, col 22 to line 116, col 47 of module L1ClientCentricIsolation: 368252
@!@!@ENDMSG 2221 @!@!@
@!@!@STARTMSG 2221:0 @!@!@
  |||||||||line 118, col 6 to line 129, col 6 of module L1ClientCentricIsolation: 368252
@!@!@ENDMSG 2221 @!@!@
@!@!@STARTMSG 2221:0 @!@!@
  ||||||||||line 119, col 9 to line 122, col 68 of module L1ClientCentricIsolation: 397671
@!@!@ENDMSG 2221 @!@!@
@!@!@STARTMSG 2221:0 @!@!@
  |||||||||||line 119, col 12 to line 119, col 53 of module L1ClientCentricIsolation: 397671
@!@!@ENDMSG 2221 @!@!@
@!@!@STARTMSG 2221:0 @!@!@
  ||||||||||||line 83, col 17 to line 83, col 42 of module L1ClientCentricIsolation: 397671
@!@!@ENDMSG 2221 @!@!@
@!@!@STARTMSG 2221:0 @!@!@
  ||||||||||||line 84, col 7 to line 84, col 52 of module L1ClientCentricIsolation: 397671
@!@!@ENDMSG 2221 @!@!@
@!@!@STARTMSG 2221:0 @!@!@
  |||||||||||||line 84, col 7 to line 84, col 27 of module L1ClientCentricIsolation: 397671
@!@!@ENDMSG 2221 @!@!@
@!@!@STARTMSG 2221:0 @!@!@
  ||||||||||||||line 14, col 21 to line 14, col 59 of module Util: 397671
@!@!@ENDMSG 2221 @!@!@
@!@!@STARTMSG 2221:0 @!@!@
  |||||||||||||||line 14, col 47 to line 14, col 59 of module Util: 427090
@!@!@ENDMSG 2221 @!@!@
@!@!@STARTMSG 2221:0 @!@!@
  |||||||||||||||line 14, col 34 to line 14, col 44 of module Util: 397671
@!@!@ENDMSG 2221 @!@!@
@!@!@STARTMSG 2221:0 @!@!@
  ||||||||||||||line 84, col 13 to line 84, col 18 of module L1ClientCentricIsolation: 397671
@!@!@ENDMSG 2221 @!@!@
@!@!@STARTMSG 2221:0 @!@!@
  ||||||||||||||line 84, col 21 to line 84, col 26 of module L1ClientCentricIsolation: 397671
@!@!@ENDMSG 2221 @!@!@
@!@!@STARTMSG 2221:0 @!@!@
  |||||||||||||line 84, col 32 to line 84, col 52 of module L1ClientCentricIsolation: 397671
@!@!@ENDMSG 2221 @!@!@
@!@!@STARTMSG 2221:0 @!@!@
  ||||||||||||||line 14, col 21 to line 14, col 59 of module Util: 397671
@!@!@ENDMSG 2221 @!@!@
@!@!@STARTMSG 2221:0 @!@!@
  |||||||||||||||line 14, col 47 to line 14, col 59 of module Util: 429607
@!@!@ENDMSG 2221 @!@!@
@!@!@STARTMSG 2221:0 @!@!@
  |||||||||||||||line 14, col 34 to line 14, col 44 of module Util: 397671
@!@!@ENDMSG 2221 @!@!@
@!@!@STARTMSG 2221:0 @!@!@
  ||||||||||||||line 84, col 38 to line 84, col 43 of module L1ClientCentricIsolation: 397671
@!@!@ENDMSG 2221 @!@!@
@!@!@STARTMSG 2221:0 @!@!@
  ||||||||||||||line 84, col 46 to line 84, col 51 of module L1ClientCentricIsolation: 397671
@!@!@ENDMSG 2221 @!@!@
@!@!@STARTMSG 2221:0 @!@!@
  ||||||||||||line 119, col 37 to line 119, col 45 of module L1ClientCentricIsolation: 397671
@!@!@ENDMSG 2221 @!@!@
@!@!@STARTMSG 2221:0 @!@!@
  ||||||||||||line 119, col 48 to line 119, col 48 of module L1ClientCentricIsolation: 397671
@!@!@ENDMSG 2221 @!@!@
@!@!@STARTMSG 2221:0 @!@!@
  ||||||||||||line 119, col 51 to line 119, col 52 of module L1ClientCentricIsolation: 397671
@!@!@ENDMSG 2221 @!@!@
@!@!@STARTMSG 2221:0 @!@!@
  |||||||||||line 122, col 12 to line 122, col 68 of module L1ClientCentricIsolation: 384220
@!@!@ENDMSG 2221 @!@!@
@!@!@STARTMSG 2221:0 @!@!@
  ||||||||||||line 122, col 12 to line 122, col 49 of module L1ClientCentricIsolation: 384220
@!@!@ENDMSG 2221 @!@!@
@!@!@STARTMSG 2221:0 @!@!@
  |||||||||||||line 96, col 3 to line 99, col 30 of module L1SemanticIsolationAccount: 384220
@!@!@ENDMSG 2221 @!@!@
@!@!@STARTMSG 2221:0 @!@!@
  ||||||||||||||line 96, col 6 to line 96, col 29 of module L1SemanticIsolationAccount: 384220
@!@!@ENDMSG 2221 @!@!@
@!@!@STARTMSG 2221:0 @!@!@
  ||||||||||||||line 97, col 8 to line 97, col 27 of module L1SemanticIsolationAccount: 101407
@!@!@ENDMSG 2221 @!@!@
@!@!@STARTMSG 2221:0 @!@!@
  ||||||||||||||line 99, col 8 to line 99, col 30 of module L1SemanticIsolationAccount: 282813
@!@!@ENDMSG 2221 @!@!@
@!@!@STARTMSG 2221:0 @!@!@
  |||||||||||||||line 83, col 3 to line 89, col 50 of module L1SemanticIsolationAccount: 282813
@!@!@ENDMSG 2221 @!@!@
@!@!@STARTMSG 2221:0 @!@!@
  ||||||||||||||||line 83, col 6 to line 83, col 31 of module L1SemanticIsolationAccount: 282813
@!@!@ENDMSG 2221 @!@!@
@!@!@STARTMSG 2221:0 @!@!@
  ||||||||||||||||line 84, col 8 to line 84, col 44 of module L1SemanticIsolationAccount: 98176
@!@!@ENDMSG 2221 @!@!@
@!@!@STARTMSG 2221:0 @!@!@
  ||||||||||||||||line 85, col 8 to line 89, col 50 of module L1SemanticIsolationAccount: 184637
@!@!@ENDMSG 2221 @!@!@
@!@!@STARTMSG 2221:0 @!@!@
  |||||||||||||||||line 85, col 11 to line 85, col 34 of module L1SemanticIsolationAccount: 184637
@!@!@ENDMSG 2221 @!@!@
@!@!@STARTMSG 2221:0 @!@!@
  |||||||||||||||||line 87, col 8 to line 89, col 50 of module L1SemanticIsolationAccount: 184637
@!@!@ENDMSG 2221 @!@!@
@!@!@STARTMSG 2221:0 @!@!@
  ||||||||||||||||||line 87, col 11 to line 87, col 37 of module L1SemanticIsolationAccount: 184637
@!@!@ENDMSG 2221 @!@!@
@!@!@STARTMSG 2221:0 @!@!@
  ||||||||||||||||||line 88, col 13 to line 88, col 50 of module L1SemanticIsolationAccount: 91242
@!@!@ENDMSG 2221 @!@!@
@!@!@STARTMSG 2221:0 @!@!@
  ||||||||||||||||||line 89, col 13 to line 89, col 50 of module L1SemanticIsolationAccount: 93395
@!@!@ENDMSG 2221 @!@!@
@!@!@STARTMSG 2221:0 @!@!@
  |||||||||||||||line 99, col 12 to line 99, col 20 of module L1SemanticIsolationAccount: 282813
@!@!@ENDMSG 2221 @!@!@
@!@!@STARTMSG 2221:0 @!@!@
  |||||||||||||||line 99, col 23 to line 99, col 29 of module L1SemanticIsolationAccount: 93395
@!@!@ENDMSG 2221 @!@!@
@!@!@STARTMSG 2221:0 @!@!@
  |||||||||||||line 122, col 19 to line 122, col 30 of module L1ClientCentricIsolation: 384220
@!@!@ENDMSG 2221 @!@!@
@!@!@STARTMSG 2221:0 @!@!@
  |||||||||||||line 122, col 33 to line 122, col 48 of module L1ClientCentricIsolation: 194802
@!@!@ENDMSG 2221 @!@!@
@!@!@STARTMSG 2221:0 @!@!@
  ||||||||||||line 122, col 53 to line 122, col 68 of module L1ClientCentricIsolation: 384220
@!@!@ENDMSG 2221 @!@!@
@!@!@STARTMSG 2221:0 @!@!@
  ||||||||||line 118, col 14 to line 118, col 15 of module L1ClientCentricIsolation: 368252
@!@!@ENDMSG 2221 @!@!@
@!@!@STARTMSG 2221:0 @!@!@
  |||||||||line 140, col 22 to line 140, col 30 of module L1ClientCentricIsolation: 368252
@!@!@ENDMSG 2221 @!@!@
@!@!@STARTMSG 2221:0 @!@!@
  |||||||||line 140, col 33 to line 140, col 41 of module L1ClientCentricIsolation: 368252
@!@!@ENDMSG 2221 @!@!@
@!@!@STARTMSG 2221:0 @!@!@
  |||||||||line 140, col 44 to line 140, col 54 of module L1ClientCentricIsolation: 368252
@!@!@ENDMSG 2221 @!@!@
@!@!@STARTMSG 2221:0 @!@!@
  ||||||||line 140, col 73 to line 140, col 103 of module L1ClientCentricIsolation: 314527
@!@!@ENDMSG 2221 @!@!@
@!@!@STARTMSG 2775:0 @!@!@
  |||||||||line 20, col 16 to line 20, col 38 of module Util: 314527:682779
@!@!@ENDMSG 2775 @!@!@
@!@!@STARTMSG 2221:0 @!@!@
  ||||||||||line 20, col 17 to line 20, col 20 of module Util: 368252
@!@!@ENDMSG 2221 @!@!@
@!@!@STARTMSG 2221:0 @!@!@
  ||||||||||line 20, col 30 to line 20, col 37 of module Util: 314527
@!@!@ENDMSG 2221 @!@!@
@!@!@STARTMSG 2221:0 @!@!@
  |||||||||line 140, col 82 to line 140, col 102 of module L1ClientCentricIsolation: 314527
@!@!@ENDMSG 2221 @!@!@
@!@!@STARTMSG 2221:0 @!@!@
  |||||||line 143, col 59 to line 143, col 69 of module L1ClientCentricIsolation: 314527
@!@!@ENDMSG 2221 @!@!@
@!@!@STARTMSG 2775:0 @!@!@
  ||||||line 143, col 79 to line 143, col 111 of module L1ClientCentricIsolation: 314527:751062
@!@!@ENDMSG 2775 @!@!@
@!@!@STARTMSG 2221:0 @!@!@
  |||line 199, col 12 to line 199, col 20 of module L1ClientCentricIsolation: 314527
@!@!@ENDMSG 2221 @!@!@
@!@!@STARTMSG 2221:0 @!@!@
  |||line 199, col 23 to line 199, col 33 of module L1ClientCentricIsolation: 314527
@!@!@ENDMSG 2221 @!@!@
@!@!@STARTMSG 2221:0 @!@!@
  |||line 199, col 36 to line 199, col 70 of module L1ClientCentricIsolation: 314527
@!@!@ENDMSG 2221 @!@!@
@!@!@STARTMSG 2221:0 @!@!@
  ||||line 74, col 14 to line 74, col 83 of module L1ClientCentricIsolation: 314527
@!@!@ENDMSG 2221 @!@!@
@!@!@STARTMSG 2221:0 @!@!@
  |||||line 74, col 46 to line 74, col 83 of module L1ClientCentricIsolation: 383501
@!@!@ENDMSG 2221 @!@!@
@!@!@STARTMSG 2221:0 @!@!@
  |||||line 74, col 27 to line 74, col 43 of module L1ClientCentricIsolation: 314527
@!@!@ENDMSG 2221 @!@!@
@!@!@STARTMSG 2221:0 @!@!@
  ||||line 75, col 6 to line 75, col 31 of module L1ClientCentricIsolation: 314527
@!@!@ENDMSG 2221 @!@!@
@!@!@STARTMSG 2221:0 @!@!@
  ||||line 199, col 48 to line 199, col 56 of module L1ClientCentricIsolation: 314527
@!@!@ENDMSG 2221 @!@!@
@!@!@STARTMSG 2221:0 @!@!@
  ||||line 199, col 59 to line 199, col 69 of module L1ClientCentricIsolation: 314527
@!@!@ENDMSG 2221 @!@!@
@!@!@STARTMSG 2221:0 @!@!@
  |line 335, col 22 to line 335, col 33 of module AbstractLoCABug: 274949
@!@!@ENDMSG 2221 @!@!@
@!@!@STARTMSG 2221:0 @!@!@
  |line 335, col 36 to line 335, col 49 of module AbstractLoCABug: 274949
@!@!@ENDMSG 2221 @!@!@
@!@!@STARTMSG 2775:0 @!@!@
  ||line 330, col 19 to line 330, col 58 of module AbstractLoCABug: 274949:2576636
@!@!@ENDMSG 2775 @!@!@
@!@!@STARTMSG 2221:0 @!@!@
  |||line 330, col 21 to line 330, col 35 of module AbstractLoCABug: 315559
@!@!@ENDMSG 2221 @!@!@
@!@!@STARTMSG 2221:0 @!@!@
  |||line 330, col 47 to line 330, col 56 of module AbstractLoCABug: 274949
@!@!@ENDMSG 2221 @!@!@
@!@!@STARTMSG 2774:0 @!@!@
<Atomicity line 314, col 1 to line 314, col 9 of module AbstractLoCABug>
@!@!@ENDMSG 2774 @!@!@
@!@!@STARTMSG 2221:0 @!@!@
  line 316, col 3 to line 320, col 34 of module AbstractLoCABug: 274944
@!@!@ENDMSG 2221 @!@!@
@!@!@STARTMSG 2221:0 @!@!@
  |line 316, col 27 to line 320, col 34 of module AbstractLoCABug: 549888
@!@!@ENDMSG 2221 @!@!@
@!@!@STARTMSG 2221:0 @!@!@
  ||line 316, col 27 to line 316, col 39 of module AbstractLoCABug: 549888
@!@!@ENDMSG 2221 @!@!@
@!@!@STARTMSG 2221:0 @!@!@
  ||line 317, col 5 to line 320, col 34 of module AbstractLoCABug: 457949
@!@!@ENDMSG 2221 @!@!@
@!@!@STARTMSG 2221:0 @!@!@
  |||line 319, col 9 to line 320, col 34 of module AbstractLoCABug: 1831796
@!@!@ENDMSG 2221 @!@!@
@!@!@STARTMSG 2221:0 @!@!@
  ||||line 319, col 11 to line 320, col 34 of module AbstractLoCABug: 1831796
@!@!@ENDMSG 2221 @!@!@
@!@!@STARTMSG 2221:0 @!@!@
  |||||line 319, col 14 to line 319, col 31 of module AbstractLoCABug: 1831796
@!@!@ENDMSG 2221 @!@!@
@!@!@STARTMSG 2221:0 @!@!@
  |||||line 320, col 14 to line 320, col 34 of module AbstractLoCABug: 160296
@!@!@ENDMSG 2221 @!@!@
@!@!@STARTMSG 2221:0 @!@!@
  |||line 317, col 18 to line 317, col 26 of module AbstractLoCABug: 457949
@!@!@ENDMSG 2221 @!@!@
@!@!@STARTMSG 2221:0 @!@!@
  |line 316, col 13 to line 316, col 24 of module AbstractLoCABug: 274944
@!@!@ENDMSG 2221 @!@!@
@!@!@STARTMSG 2774:0 @!@!@
<ResourcesFinishAllTransactions line 324, col 1 to line 324, col 30 of module AbstractLoCABug>
@!@!@ENDMSG 2774 @!@!@
@!@!@STARTMSG 2221:0 @!@!@
  line 324, col 35 to line 324, col 119 of module AbstractLoCABug: 274944
@!@!@ENDMSG 2221 @!@!@
@!@!@STARTMSG 2221:0 @!@!@
  |line 324, col 55 to line 324, col 119 of module AbstractLoCABug: 549888
@!@!@ENDMSG 2221 @!@!@
@!@!@STARTMSG 2221:0 @!@!@
  ||line 324, col 55 to line 324, col 68 of module AbstractLoCABug: 549888
@!@!@ENDMSG 2221 @!@!@
@!@!@STARTMSG 2221:0 @!@!@
  ||line 324, col 74 to line 324, col 118 of module AbstractLoCABug: 18636
@!@!@ENDMSG 2221 @!@!@
@!@!@STARTMSG 2221:0 @!@!@
  |line 324, col 44 to line 324, col 52 of module AbstractLoCABug: 274944
@!@!@ENDMSG 2221 @!@!@
@!@!@STARTMSG 2202:0 @!@!@
End of statistics.
@!@!@ENDMSG 2202 @!@!@
@!@!@STARTMSG 2200:0 @!@!@
Progress(22) at 2021-09-09 11:29:19: 902,391 states generated (2,531,842 s/min), 274,949 distinct states found (771,425 ds/min), 19,931 states left on queue.
@!@!@ENDMSG 2200 @!@!@
@!@!@STARTMSG 2199:0 @!@!@
902391 states generated, 274949 distinct states found, 19931 states left on queue.
@!@!@ENDMSG 2199 @!@!@
@!@!@STARTMSG 2194:0 @!@!@
The depth of the complete state graph search is 22.
@!@!@ENDMSG 2194 @!@!@
@!@!@STARTMSG 2268:0 @!@!@
The average outdegree of the complete state graph is 1 (minimum is 0, the maximum 28 and the 95th percentile is 2).
@!@!@ENDMSG 2268 @!@!@
@!@!@STARTMSG 2186:0 @!@!@
Finished in 21416ms at (2021-09-09 11:29:19)
@!@!@ENDMSG 2186 @!@!@
