@!@!@STARTMSG 2262:0 @!@!@
TLC2 Version 2.15 of Day Month 20?? (rev: eb3ff99)
@!@!@ENDMSG 2262 @!@!@
@!@!@STARTMSG 2187:0 @!@!@
Running breadth-first search Model-Checking with fp 36 and seed 9011404746881010332 with 15 workers on 16 cores with 7282MB heap and 64MB offheap memory [pid: 14153] (Mac OS X 10.15.7 x86_64, AdoptOpenJDK 15 x86_64, MSBDiskFPSet, DiskStateQueue).
@!@!@ENDMSG 2187 @!@!@
@!@!@STARTMSG 2220:0 @!@!@
Starting SANY...
@!@!@ENDMSG 2220 @!@!@
Parsing file /Users/tim/workspace/tla+/multi-level/L1/ClientCentric2PLBug_MC.tla
Parsing file /Users/tim/workspace/tla+/multi-level/L1/ClientCentric2PLBug.tla
Parsing file /private/var/folders/vm/x_h649_962s15k1z6zs4ffw40000gq/T/TLC.tla
Parsing file /private/var/folders/vm/x_h649_962s15k1z6zs4ffw40000gq/T/Naturals.tla
Parsing file /private/var/folders/vm/x_h649_962s15k1z6zs4ffw40000gq/T/Sequences.tla
Parsing file /private/var/folders/vm/x_h649_962s15k1z6zs4ffw40000gq/T/FiniteSets.tla
Parsing file /Users/tim/workspace/tla+/multi-level/L1/Util.tla
Parsing file /Users/tim/workspace/tla+/multi-level/L1/L1ClientCentricIsolation.tla
Parsing file /Users/tim/workspace/tla+/multi-level/L1/L1SemanticIsolationAccount.tla
Parsing file /private/var/folders/vm/x_h649_962s15k1z6zs4ffw40000gq/T/Integers.tla
Semantic processing of module Naturals
Semantic processing of module Sequences
Semantic processing of module FiniteSets
Semantic processing of module TLC
Semantic processing of module Util
Semantic processing of module Integers
Semantic processing of module L1SemanticIsolationAccount
Semantic processing of module L1ClientCentricIsolation
Semantic processing of module ClientCentric2PLBug
Semantic processing of module ClientCentric2PLBug_MC
@!@!@STARTMSG 2219:0 @!@!@
SANY finished.
@!@!@ENDMSG 2219 @!@!@
@!@!@STARTMSG 2185:0 @!@!@
Starting... (2021-06-11 15:28:25)
@!@!@ENDMSG 2185 @!@!@
@!@!@STARTMSG 2189:0 @!@!@
Computing initial states...
@!@!@ENDMSG 2189 @!@!@
@!@!@STARTMSG 2190:0 @!@!@
Finished computing initial states: 1 distinct state generated at 2021-06-11 15:28:25.
@!@!@ENDMSG 2190 @!@!@
